{"/Users/tsurette/repos/personal/groupi/packages/web/components/analytics.tsx": {"path":"/Users/tsurette/repos/personal/groupi/packages/web/components/analytics.tsx","statementMap":{"0":{"start":{"line":7,"column":2},"end":{"line":11,"column":null}}},"fnMap":{"0":{"name":"Analytics","decl":{"start":{"line":6,"column":16},"end":{"line":6,"column":28}},"loc":{"start":{"line":6,"column":28},"end":{"line":13,"column":null}},"line":6}},"branchMap":{},"s":{"0":4},"f":{"0":4},"b":{},"meta":{"lastBranch":0,"lastFunction":1,"lastStatement":1,"seen":{"f:6:16:6:28":0,"s:7:2:11:Infinity":0}}}
,"/Users/tsurette/repos/personal/groupi/packages/web/components/app-providers.tsx": {"path":"/Users/tsurette/repos/personal/groupi/packages/web/components/app-providers.tsx","statementMap":{"0":{"start":{"line":10,"column":2},"end":{"line":16,"column":null}}},"fnMap":{"0":{"name":"AppProviders","decl":{"start":{"line":9,"column":16},"end":{"line":9,"column":31}},"loc":{"start":{"line":9,"column":31},"end":{"line":18,"column":null}},"line":9}},"branchMap":{},"s":{"0":0},"f":{"0":0},"b":{},"meta":{"lastBranch":0,"lastFunction":1,"lastStatement":1,"seen":{"f:9:16:9:31":0,"s:10:2:16:Infinity":0}}}
,"/Users/tsurette/repos/personal/groupi/packages/web/components/delete-post-dialog.tsx": {"path":"/Users/tsurette/repos/personal/groupi/packages/web/components/delete-post-dialog.tsx","statementMap":{"0":{"start":{"line":15,"column":8},"end":{"line":15,"column":null}},"1":{"start":{"line":16,"column":8},"end":{"line":16,"column":null}},"2":{"start":{"line":18,"column":27},"end":{"line":27,"column":null}},"3":{"start":{"line":19,"column":4},"end":{"line":26,"column":null}},"4":{"start":{"line":20,"column":6},"end":{"line":20,"column":null}},"5":{"start":{"line":21,"column":6},"end":{"line":21,"column":null}},"6":{"start":{"line":25,"column":6},"end":{"line":25,"column":null}},"7":{"start":{"line":30,"column":20},"end":{"line":30,"column":null}},"8":{"start":{"line":32,"column":2},"end":{"line":59,"column":null}}},"fnMap":{"0":{"name":"DeletePostDialog","decl":{"start":{"line":14,"column":16},"end":{"line":14,"column":33}},"loc":{"start":{"line":14,"column":57},"end":{"line":61,"column":null}},"line":14},"1":{"name":"(anonymous_1)","decl":{"start":{"line":18,"column":27},"end":{"line":18,"column":39}},"loc":{"start":{"line":18,"column":39},"end":{"line":27,"column":null}},"line":18}},"branchMap":{"0":{"loc":{"start":{"line":54,"column":15},"end":{"line":54,"column":null}},"type":"cond-expr","locations":[{"start":{"line":54,"column":27},"end":{"line":54,"column":43}},{"start":{"line":54,"column":43},"end":{"line":54,"column":null}}],"line":54}},"s":{"0":0,"1":0,"2":0,"3":0,"4":0,"5":0,"6":0,"7":0,"8":0},"f":{"0":0,"1":0},"b":{"0":[0,0]},"meta":{"lastBranch":1,"lastFunction":2,"lastStatement":9,"seen":{"f:14:16:14:33":0,"s:15:8:15:Infinity":0,"s:16:8:16:Infinity":1,"s:18:27:27:Infinity":2,"f:18:27:18:39":1,"s:19:4:26:Infinity":3,"s:20:6:20:Infinity":4,"s:21:6:21:Infinity":5,"s:25:6:25:Infinity":6,"s:30:20:30:Infinity":7,"s:32:2:59:Infinity":8,"b:54:27:54:43:54:43:54:Infinity":0}}}
,"/Users/tsurette/repos/personal/groupi/packages/web/components/error-boundary.tsx": {"path":"/Users/tsurette/repos/personal/groupi/packages/web/components/error-boundary.tsx","statementMap":{"0":{"start":{"line":19,"column":4},"end":{"line":19,"column":null}},"1":{"start":{"line":20,"column":4},"end":{"line":20,"column":null}},"2":{"start":{"line":24,"column":4},"end":{"line":24,"column":null}},"3":{"start":{"line":30,"column":4},"end":{"line":30,"column":null}},"4":{"start":{"line":34,"column":4},"end":{"line":54,"column":null}},"5":{"start":{"line":35,"column":6},"end":{"line":37,"column":null}},"6":{"start":{"line":36,"column":8},"end":{"line":36,"column":null}},"7":{"start":{"line":39,"column":6},"end":{"line":52,"column":null}},"8":{"start":{"line":47,"column":27},"end":{"line":47,"column":null}},"9":{"start":{"line":56,"column":4},"end":{"line":56,"column":null}}},"fnMap":{"0":{"name":"(anonymous_0)","decl":{"start":{"line":18,"column":2},"end":{"line":18,"column":14}},"loc":{"start":{"line":18,"column":41},"end":{"line":21,"column":null}},"line":18},"1":{"name":"(anonymous_1)","decl":{"start":{"line":23,"column":9},"end":{"line":23,"column":34}},"loc":{"start":{"line":23,"column":68},"end":{"line":25,"column":null}},"line":23},"2":{"name":"(anonymous_2)","decl":{"start":{"line":29,"column":2},"end":{"line":29,"column":20}},"loc":{"start":{"line":29,"column":50},"end":{"line":31,"column":null}},"line":29},"3":{"name":"(anonymous_3)","decl":{"start":{"line":33,"column":2},"end":{"line":33,"column":11}},"loc":{"start":{"line":33,"column":11},"end":{"line":57,"column":null}},"line":33},"4":{"name":"(anonymous_4)","decl":{"start":{"line":47,"column":21},"end":{"line":47,"column":27}},"loc":{"start":{"line":47,"column":27},"end":{"line":47,"column":null}},"line":47}},"branchMap":{"0":{"loc":{"start":{"line":34,"column":4},"end":{"line":54,"column":null}},"type":"if","locations":[{"start":{"line":34,"column":4},"end":{"line":54,"column":null}},{"start":{},"end":{}}],"line":34},"1":{"loc":{"start":{"line":35,"column":6},"end":{"line":37,"column":null}},"type":"if","locations":[{"start":{"line":35,"column":6},"end":{"line":37,"column":null}},{"start":{},"end":{}}],"line":35},"2":{"loc":{"start":{"line":35,"column":10},"end":{"line":35,"column":51}},"type":"binary-expr","locations":[{"start":{"line":35,"column":10},"end":{"line":35,"column":33}},{"start":{"line":35,"column":33},"end":{"line":35,"column":51}}],"line":35},"3":{"loc":{"start":{"line":44,"column":13},"end":{"line":44,"column":null}},"type":"binary-expr","locations":[{"start":{"line":44,"column":13},"end":{"line":44,"column":42}},{"start":{"line":44,"column":42},"end":{"line":44,"column":null}}],"line":44}},"s":{"0":0,"1":0,"2":0,"3":0,"4":0,"5":0,"6":0,"7":0,"8":0,"9":0},"f":{"0":0,"1":0,"2":0,"3":0,"4":0},"b":{"0":[0,0],"1":[0,0],"2":[0,0],"3":[0,0]},"meta":{"lastBranch":4,"lastFunction":5,"lastStatement":10,"seen":{"f:18:2:18:14":0,"s:19:4:19:Infinity":0,"s:20:4:20:Infinity":1,"f:23:9:23:34":1,"s:24:4:24:Infinity":2,"f:29:2:29:20":2,"s:30:4:30:Infinity":3,"f:33:2:33:11":3,"b:34:4:54:Infinity:undefined:undefined:undefined:undefined":0,"s:34:4:54:Infinity":4,"b:35:6:37:Infinity:undefined:undefined:undefined:undefined":1,"s:35:6:37:Infinity":5,"b:35:10:35:33:35:33:35:51":2,"s:36:8:36:Infinity":6,"s:39:6:52:Infinity":7,"b:44:13:44:42:44:42:44:Infinity":3,"f:47:21:47:27":4,"s:47:27:47:Infinity":8,"s:56:4:56:Infinity":9}}}
,"/Users/tsurette/repos/personal/groupi/packages/web/components/error.tsx": {"path":"/Users/tsurette/repos/personal/groupi/packages/web/components/error.tsx","statementMap":{"0":{"start":{"line":7,"column":8},"end":{"line":7,"column":null}},"1":{"start":{"line":8,"column":2},"end":{"line":20,"column":null}},"2":{"start":{"line":14,"column":10},"end":{"line":14,"column":null}}},"fnMap":{"0":{"name":"ErrorPage","decl":{"start":{"line":6,"column":24},"end":{"line":6,"column":34}},"loc":{"start":{"line":6,"column":68},"end":{"line":22,"column":null}},"line":6},"1":{"name":"(anonymous_1)","decl":{"start":{"line":13,"column":17},"end":{"line":13,"column":23}},"loc":{"start":{"line":13,"column":23},"end":{"line":15,"column":null}},"line":13}},"branchMap":{"0":{"loc":{"start":{"line":11,"column":27},"end":{"line":11,"column":62}},"type":"binary-expr","locations":[{"start":{"line":11,"column":27},"end":{"line":11,"column":38}},{"start":{"line":11,"column":38},"end":{"line":11,"column":62}}],"line":11}},"s":{"0":7,"1":7,"2":1},"f":{"0":7,"1":1},"b":{"0":[7,0]},"meta":{"lastBranch":1,"lastFunction":2,"lastStatement":3,"seen":{"f:6:24:6:34":0,"s:7:8:7:Infinity":0,"s:8:2:20:Infinity":1,"b:11:27:11:38:11:38:11:62":0,"f:13:17:13:23":1,"s:14:10:14:Infinity":2}}}
,"/Users/tsurette/repos/personal/groupi/packages/web/components/footer-copyright.tsx": {"path":"/Users/tsurette/repos/personal/groupi/packages/web/components/footer-copyright.tsx","statementMap":{"0":{"start":{"line":4,"column":6},"end":{"line":4,"column":null}},"1":{"start":{"line":7,"column":2},"end":{"line":10,"column":null}}},"fnMap":{"0":{"name":"FooterCopyright","decl":{"start":{"line":6,"column":16},"end":{"line":6,"column":34}},"loc":{"start":{"line":6,"column":34},"end":{"line":12,"column":null}},"line":6}},"branchMap":{},"s":{"0":1,"1":4},"f":{"0":4},"b":{},"meta":{"lastBranch":0,"lastFunction":1,"lastStatement":2,"seen":{"s:4:6:4:Infinity":0,"f:6:16:6:34":0,"s:7:2:10:Infinity":1}}}
,"/Users/tsurette/repos/personal/groupi/packages/web/components/global-loading-indicator.tsx": {"path":"/Users/tsurette/repos/personal/groupi/packages/web/components/global-loading-indicator.tsx","statementMap":{"0":{"start":{"line":10,"column":20},"end":{"line":10,"column":null}},"1":{"start":{"line":12,"column":2},"end":{"line":12,"column":null}},"2":{"start":{"line":12,"column":18},"end":{"line":12,"column":null}},"3":{"start":{"line":14,"column":2},"end":{"line":17,"column":null}},"4":{"start":{"line":22,"column":20},"end":{"line":22,"column":null}},"5":{"start":{"line":24,"column":2},"end":{"line":24,"column":null}},"6":{"start":{"line":24,"column":18},"end":{"line":24,"column":null}},"7":{"start":{"line":26,"column":2},"end":{"line":29,"column":null}}},"fnMap":{"0":{"name":"GlobalLoadingBar","decl":{"start":{"line":9,"column":16},"end":{"line":9,"column":35}},"loc":{"start":{"line":9,"column":35},"end":{"line":19,"column":null}},"line":9},"1":{"name":"FloatingLoadingIndicator","decl":{"start":{"line":21,"column":16},"end":{"line":21,"column":43}},"loc":{"start":{"line":21,"column":43},"end":{"line":31,"column":null}},"line":21}},"branchMap":{"0":{"loc":{"start":{"line":12,"column":2},"end":{"line":12,"column":null}},"type":"if","locations":[{"start":{"line":12,"column":2},"end":{"line":12,"column":null}},{"start":{},"end":{}}],"line":12},"1":{"loc":{"start":{"line":24,"column":2},"end":{"line":24,"column":null}},"type":"if","locations":[{"start":{"line":24,"column":2},"end":{"line":24,"column":null}},{"start":{},"end":{}}],"line":24}},"s":{"0":0,"1":0,"2":0,"3":0,"4":0,"5":0,"6":0,"7":0},"f":{"0":0,"1":0},"b":{"0":[0,0],"1":[0,0]},"meta":{"lastBranch":2,"lastFunction":2,"lastStatement":8,"seen":{"f:9:16:9:35":0,"s:10:20:10:Infinity":0,"b:12:2:12:Infinity:undefined:undefined:undefined:undefined":0,"s:12:2:12:Infinity":1,"s:12:18:12:Infinity":2,"s:14:2:17:Infinity":3,"f:21:16:21:43":1,"s:22:20:22:Infinity":4,"b:24:2:24:Infinity:undefined:undefined:undefined:undefined":1,"s:24:2:24:Infinity":5,"s:24:18:24:Infinity":6,"s:26:2:29:Infinity":7}}}
,"/Users/tsurette/repos/personal/groupi/packages/web/components/global-navigation-guard.tsx": {"path":"/Users/tsurette/repos/personal/groupi/packages/web/components/global-navigation-guard.tsx","statementMap":{"0":{"start":{"line":17,"column":8},"end":{"line":17,"column":null}},"1":{"start":{"line":18,"column":8},"end":{"line":18,"column":null}},"2":{"start":{"line":20,"column":2},"end":{"line":67,"column":null}},"3":{"start":{"line":23,"column":4},"end":{"line":23,"column":null}},"4":{"start":{"line":23,"column":23},"end":{"line":23,"column":null}},"5":{"start":{"line":25,"column":24},"end":{"line":59,"column":null}},"6":{"start":{"line":27,"column":21},"end":{"line":27,"column":null}},"7":{"start":{"line":28,"column":6},"end":{"line":28,"column":null}},"8":{"start":{"line":28,"column":19},"end":{"line":28,"column":null}},"9":{"start":{"line":31,"column":21},"end":{"line":31,"column":null}},"10":{"start":{"line":32,"column":6},"end":{"line":32,"column":null}},"11":{"start":{"line":32,"column":19},"end":{"line":32,"column":null}},"12":{"start":{"line":35,"column":19},"end":{"line":35,"column":null}},"13":{"start":{"line":36,"column":6},"end":{"line":36,"column":null}},"14":{"start":{"line":36,"column":57},"end":{"line":36,"column":null}},"15":{"start":{"line":39,"column":6},"end":{"line":46,"column":null}},"16":{"start":{"line":45,"column":8},"end":{"line":45,"column":null}},"17":{"start":{"line":49,"column":6},"end":{"line":49,"column":null}},"18":{"start":{"line":49,"column":32},"end":{"line":49,"column":null}},"19":{"start":{"line":53,"column":26},"end":{"line":53,"column":null}},"20":{"start":{"line":54,"column":6},"end":{"line":58,"column":null}},"21":{"start":{"line":55,"column":8},"end":{"line":55,"column":null}},"22":{"start":{"line":56,"column":8},"end":{"line":56,"column":null}},"23":{"start":{"line":57,"column":8},"end":{"line":57,"column":null}},"24":{"start":{"line":62,"column":4},"end":{"line":62,"column":null}},"25":{"start":{"line":64,"column":4},"end":{"line":66,"column":null}},"26":{"start":{"line":65,"column":6},"end":{"line":65,"column":null}},"27":{"start":{"line":69,"column":2},"end":{"line":69,"column":null}}},"fnMap":{"0":{"name":"GlobalNavigationGuard","decl":{"start":{"line":16,"column":16},"end":{"line":16,"column":40}},"loc":{"start":{"line":16,"column":40},"end":{"line":70,"column":null}},"line":16},"1":{"name":"(anonymous_1)","decl":{"start":{"line":20,"column":12},"end":{"line":20,"column":18}},"loc":{"start":{"line":20,"column":18},"end":{"line":67,"column":5}},"line":20},"2":{"name":"(anonymous_2)","decl":{"start":{"line":25,"column":24},"end":{"line":25,"column":25}},"loc":{"start":{"line":25,"column":43},"end":{"line":59,"column":null}},"line":25},"3":{"name":"(anonymous_3)","decl":{"start":{"line":64,"column":11},"end":{"line":64,"column":17}},"loc":{"start":{"line":64,"column":17},"end":{"line":66,"column":null}},"line":64}},"branchMap":{"0":{"loc":{"start":{"line":23,"column":4},"end":{"line":23,"column":null}},"type":"if","locations":[{"start":{"line":23,"column":4},"end":{"line":23,"column":null}},{"start":{},"end":{}}],"line":23},"1":{"loc":{"start":{"line":28,"column":6},"end":{"line":28,"column":null}},"type":"if","locations":[{"start":{"line":28,"column":6},"end":{"line":28,"column":null}},{"start":{},"end":{}}],"line":28},"2":{"loc":{"start":{"line":32,"column":6},"end":{"line":32,"column":null}},"type":"if","locations":[{"start":{"line":32,"column":6},"end":{"line":32,"column":null}},{"start":{},"end":{}}],"line":32},"3":{"loc":{"start":{"line":36,"column":6},"end":{"line":36,"column":null}},"type":"if","locations":[{"start":{"line":36,"column":6},"end":{"line":36,"column":null}},{"start":{},"end":{}}],"line":36},"4":{"loc":{"start":{"line":36,"column":10},"end":{"line":36,"column":57}},"type":"binary-expr","locations":[{"start":{"line":36,"column":10},"end":{"line":36,"column":19}},{"start":{"line":36,"column":19},"end":{"line":36,"column":35}},{"start":{"line":36,"column":35},"end":{"line":36,"column":57}}],"line":36},"5":{"loc":{"start":{"line":39,"column":6},"end":{"line":46,"column":null}},"type":"if","locations":[{"start":{"line":39,"column":6},"end":{"line":46,"column":null}},{"start":{},"end":{}}],"line":39},"6":{"loc":{"start":{"line":40,"column":8},"end":{"line":43,"column":null}},"type":"binary-expr","locations":[{"start":{"line":40,"column":8},"end":{"line":40,"column":null}},{"start":{"line":41,"column":8},"end":{"line":41,"column":null}},{"start":{"line":42,"column":8},"end":{"line":42,"column":null}},{"start":{"line":43,"column":8},"end":{"line":43,"column":null}}],"line":40},"7":{"loc":{"start":{"line":49,"column":6},"end":{"line":49,"column":null}},"type":"if","locations":[{"start":{"line":49,"column":6},"end":{"line":49,"column":null}},{"start":{},"end":{}}],"line":49},"8":{"loc":{"start":{"line":54,"column":6},"end":{"line":58,"column":null}},"type":"if","locations":[{"start":{"line":54,"column":6},"end":{"line":58,"column":null}},{"start":{},"end":{}}],"line":54}},"s":{"0":0,"1":0,"2":0,"3":0,"4":0,"5":0,"6":0,"7":0,"8":0,"9":0,"10":0,"11":0,"12":0,"13":0,"14":0,"15":0,"16":0,"17":0,"18":0,"19":0,"20":0,"21":0,"22":0,"23":0,"24":0,"25":0,"26":0,"27":0},"f":{"0":0,"1":0,"2":0,"3":0},"b":{"0":[0,0],"1":[0,0],"2":[0,0],"3":[0,0],"4":[0,0,0],"5":[0,0],"6":[0,0,0,0],"7":[0,0],"8":[0,0]},"meta":{"lastBranch":9,"lastFunction":4,"lastStatement":28,"seen":{"f:16:16:16:40":0,"s:17:8:17:Infinity":0,"s:18:8:18:Infinity":1,"s:20:2:67:Infinity":2,"f:20:12:20:18":1,"b:23:4:23:Infinity:undefined:undefined:undefined:undefined":0,"s:23:4:23:Infinity":3,"s:23:23:23:Infinity":4,"s:25:24:59:Infinity":5,"f:25:24:25:25":2,"s:27:21:27:Infinity":6,"b:28:6:28:Infinity:undefined:undefined:undefined:undefined":1,"s:28:6:28:Infinity":7,"s:28:19:28:Infinity":8,"s:31:21:31:Infinity":9,"b:32:6:32:Infinity:undefined:undefined:undefined:undefined":2,"s:32:6:32:Infinity":10,"s:32:19:32:Infinity":11,"s:35:19:35:Infinity":12,"b:36:6:36:Infinity:undefined:undefined:undefined:undefined":3,"s:36:6:36:Infinity":13,"b:36:10:36:19:36:19:36:35:36:35:36:57":4,"s:36:57:36:Infinity":14,"b:39:6:46:Infinity:undefined:undefined:undefined:undefined":5,"s:39:6:46:Infinity":15,"b:40:8:40:Infinity:41:8:41:Infinity:42:8:42:Infinity:43:8:43:Infinity":6,"s:45:8:45:Infinity":16,"b:49:6:49:Infinity:undefined:undefined:undefined:undefined":7,"s:49:6:49:Infinity":17,"s:49:32:49:Infinity":18,"s:53:26:53:Infinity":19,"b:54:6:58:Infinity:undefined:undefined:undefined:undefined":8,"s:54:6:58:Infinity":20,"s:55:8:55:Infinity":21,"s:56:8:56:Infinity":22,"s:57:8:57:Infinity":23,"s:62:4:62:Infinity":24,"s:64:4:66:Infinity":25,"f:64:11:64:17":3,"s:65:6:65:Infinity":26,"s:69:2:69:Infinity":27}}}
,"/Users/tsurette/repos/personal/groupi/packages/web/components/icons.tsx": {"path":"/Users/tsurette/repos/personal/groupi/packages/web/components/icons.tsx","statementMap":{"0":{"start":{"line":74,"column":21},"end":{"line":285,"column":null}},"1":{"start":{"line":148,"column":4},"end":{"line":155,"column":null}},"2":{"start":{"line":158,"column":4},"end":{"line":180,"column":null}},"3":{"start":{"line":183,"column":4},"end":{"line":198,"column":null}},"4":{"start":{"line":201,"column":4},"end":{"line":238,"column":null}},"5":{"start":{"line":241,"column":4},"end":{"line":283,"column":null}}},"fnMap":{"0":{"name":"(anonymous_0)","decl":{"start":{"line":147,"column":11},"end":{"line":147,"column":12}},"loc":{"start":{"line":148,"column":4},"end":{"line":155,"column":null}},"line":148},"1":{"name":"(anonymous_1)","decl":{"start":{"line":157,"column":10},"end":{"line":157,"column":11}},"loc":{"start":{"line":158,"column":4},"end":{"line":180,"column":null}},"line":158},"2":{"name":"(anonymous_2)","decl":{"start":{"line":182,"column":8},"end":{"line":182,"column":9}},"loc":{"start":{"line":183,"column":4},"end":{"line":198,"column":null}},"line":183},"3":{"name":"(anonymous_3)","decl":{"start":{"line":200,"column":13},"end":{"line":200,"column":14}},"loc":{"start":{"line":201,"column":4},"end":{"line":238,"column":null}},"line":201},"4":{"name":"(anonymous_4)","decl":{"start":{"line":240,"column":9},"end":{"line":240,"column":10}},"loc":{"start":{"line":241,"column":4},"end":{"line":283,"column":null}},"line":241}},"branchMap":{},"s":{"0":18,"1":0,"2":0,"3":0,"4":0,"5":0},"f":{"0":0,"1":0,"2":0,"3":0,"4":0},"b":{},"meta":{"lastBranch":0,"lastFunction":5,"lastStatement":6,"seen":{"s:74:21:285:Infinity":0,"f:147:11:147:12":0,"s:148:4:155:Infinity":1,"f:157:10:157:11":1,"s:158:4:180:Infinity":2,"f:182:8:182:9":2,"s:183:4:198:Infinity":3,"f:200:13:200:14":3,"s:201:4:238:Infinity":4,"f:240:9:240:10":4,"s:241:4:283:Infinity":5}}}
,"/Users/tsurette/repos/personal/groupi/packages/web/components/image-crop-modal.tsx": {"path":"/Users/tsurette/repos/personal/groupi/packages/web/components/image-crop-modal.tsx","statementMap":{"0":{"start":{"line":31,"column":22},"end":{"line":31,"column":null}},"1":{"start":{"line":32,"column":22},"end":{"line":32,"column":null}},"2":{"start":{"line":33,"column":48},"end":{"line":33,"column":null}},"3":{"start":{"line":35,"column":8},"end":{"line":37,"column":null}},"4":{"start":{"line":36,"column":4},"end":{"line":36,"column":null}},"5":{"start":{"line":39,"column":8},"end":{"line":41,"column":null}},"6":{"start":{"line":40,"column":4},"end":{"line":40,"column":null}},"7":{"start":{"line":43,"column":8},"end":{"line":48,"column":null}},"8":{"start":{"line":45,"column":6},"end":{"line":45,"column":null}},"9":{"start":{"line":50,"column":29},"end":{"line":95,"column":null}},"10":{"start":{"line":51,"column":18},"end":{"line":51,"column":null}},"11":{"start":{"line":52,"column":4},"end":{"line":52,"column":null}},"12":{"start":{"line":54,"column":4},"end":{"line":94,"column":null}},"13":{"start":{"line":55,"column":6},"end":{"line":89,"column":null}},"14":{"start":{"line":56,"column":23},"end":{"line":56,"column":null}},"15":{"start":{"line":57,"column":20},"end":{"line":57,"column":null}},"16":{"start":{"line":59,"column":8},"end":{"line":62,"column":null}},"17":{"start":{"line":60,"column":10},"end":{"line":60,"column":null}},"18":{"start":{"line":61,"column":10},"end":{"line":61,"column":null}},"19":{"start":{"line":65,"column":8},"end":{"line":65,"column":null}},"20":{"start":{"line":66,"column":8},"end":{"line":66,"column":null}},"21":{"start":{"line":69,"column":8},"end":{"line":79,"column":null}},"22":{"start":{"line":82,"column":8},"end":{"line":88,"column":null}},"23":{"start":{"line":83,"column":10},"end":{"line":87,"column":null}},"24":{"start":{"line":84,"column":12},"end":{"line":84,"column":null}},"25":{"start":{"line":86,"column":12},"end":{"line":86,"column":null}},"26":{"start":{"line":91,"column":6},"end":{"line":93,"column":null}},"27":{"start":{"line":92,"column":8},"end":{"line":92,"column":null}},"28":{"start":{"line":97,"column":22},"end":{"line":105,"column":null}},"29":{"start":{"line":98,"column":4},"end":{"line":104,"column":null}},"30":{"start":{"line":99,"column":26},"end":{"line":99,"column":null}},"31":{"start":{"line":100,"column":6},"end":{"line":100,"column":null}},"32":{"start":{"line":101,"column":6},"end":{"line":101,"column":null}},"33":{"start":{"line":103,"column":6},"end":{"line":103,"column":null}},"34":{"start":{"line":107,"column":2},"end":{"line":161,"column":null}},"35":{"start":{"line":142,"column":39},"end":{"line":142,"column":null}},"36":{"start":{"line":151,"column":27},"end":{"line":151,"column":null}}},"fnMap":{"0":{"name":"ImageCropModal","decl":{"start":{"line":25,"column":16},"end":{"line":25,"column":31}},"loc":{"start":{"line":30,"column":24},"end":{"line":163,"column":null}},"line":30},"1":{"name":"(anonymous_1)","decl":{"start":{"line":35,"column":35},"end":{"line":35,"column":36}},"loc":{"start":{"line":35,"column":71},"end":{"line":37,"column":5}},"line":35},"2":{"name":"(anonymous_2)","decl":{"start":{"line":39,"column":35},"end":{"line":39,"column":36}},"loc":{"start":{"line":39,"column":53},"end":{"line":41,"column":5}},"line":39},"3":{"name":"(anonymous_3)","decl":{"start":{"line":44,"column":4},"end":{"line":44,"column":5}},"loc":{"start":{"line":44,"column":53},"end":{"line":46,"column":null}},"line":44},"4":{"name":"(anonymous_4)","decl":{"start":{"line":50,"column":29},"end":{"line":50,"column":56}},"loc":{"start":{"line":50,"column":56},"end":{"line":95,"column":null}},"line":50},"5":{"name":"(anonymous_5)","decl":{"start":{"line":54,"column":23},"end":{"line":54,"column":24}},"loc":{"start":{"line":54,"column":44},"end":{"line":94,"column":5}},"line":54},"6":{"name":"(anonymous_6)","decl":{"start":{"line":55,"column":21},"end":{"line":55,"column":27}},"loc":{"start":{"line":55,"column":27},"end":{"line":89,"column":null}},"line":55},"7":{"name":"(anonymous_7)","decl":{"start":{"line":82,"column":22},"end":{"line":82,"column":30}},"loc":{"start":{"line":82,"column":30},"end":{"line":88,"column":11}},"line":82},"8":{"name":"(anonymous_8)","decl":{"start":{"line":91,"column":22},"end":{"line":91,"column":28}},"loc":{"start":{"line":91,"column":28},"end":{"line":93,"column":null}},"line":91},"9":{"name":"(anonymous_9)","decl":{"start":{"line":97,"column":22},"end":{"line":97,"column":34}},"loc":{"start":{"line":97,"column":34},"end":{"line":105,"column":null}},"line":97},"10":{"name":"(anonymous_10)","decl":{"start":{"line":142,"column":29},"end":{"line":142,"column":39}},"loc":{"start":{"line":142,"column":39},"end":{"line":142,"column":null}},"line":142},"11":{"name":"(anonymous_11)","decl":{"start":{"line":151,"column":21},"end":{"line":151,"column":27}},"loc":{"start":{"line":151,"column":27},"end":{"line":151,"column":null}},"line":151}},"branchMap":{"0":{"loc":{"start":{"line":59,"column":8},"end":{"line":62,"column":null}},"type":"if","locations":[{"start":{"line":59,"column":8},"end":{"line":62,"column":null}},{"start":{},"end":{}}],"line":59},"1":{"loc":{"start":{"line":59,"column":12},"end":{"line":59,"column":40}},"type":"binary-expr","locations":[{"start":{"line":59,"column":12},"end":{"line":59,"column":20}},{"start":{"line":59,"column":20},"end":{"line":59,"column":40}}],"line":59},"2":{"loc":{"start":{"line":83,"column":10},"end":{"line":87,"column":null}},"type":"if","locations":[{"start":{"line":83,"column":10},"end":{"line":87,"column":null}},{"start":{"line":85,"column":17},"end":{"line":87,"column":null}}],"line":83}},"s":{"0":0,"1":0,"2":0,"3":0,"4":0,"5":0,"6":0,"7":0,"8":0,"9":0,"10":0,"11":0,"12":0,"13":0,"14":0,"15":0,"16":0,"17":0,"18":0,"19":0,"20":0,"21":0,"22":0,"23":0,"24":0,"25":0,"26":0,"27":0,"28":0,"29":0,"30":0,"31":0,"32":0,"33":0,"34":0,"35":0,"36":0},"f":{"0":0,"1":0,"2":0,"3":0,"4":0,"5":0,"6":0,"7":0,"8":0,"9":0,"10":0,"11":0},"b":{"0":[0,0],"1":[0,0],"2":[0,0]},"meta":{"lastBranch":3,"lastFunction":12,"lastStatement":37,"seen":{"f:25:16:25:31":0,"s:31:22:31:Infinity":0,"s:32:22:32:Infinity":1,"s:33:48:33:Infinity":2,"s:35:8:37:Infinity":3,"f:35:35:35:36":1,"s:36:4:36:Infinity":4,"s:39:8:41:Infinity":5,"f:39:35:39:36":2,"s:40:4:40:Infinity":6,"s:43:8:48:Infinity":7,"f:44:4:44:5":3,"s:45:6:45:Infinity":8,"s:50:29:95:Infinity":9,"f:50:29:50:56":4,"s:51:18:51:Infinity":10,"s:52:4:52:Infinity":11,"s:54:4:94:Infinity":12,"f:54:23:54:24":5,"s:55:6:89:Infinity":13,"f:55:21:55:27":6,"s:56:23:56:Infinity":14,"s:57:20:57:Infinity":15,"b:59:8:62:Infinity:undefined:undefined:undefined:undefined":0,"s:59:8:62:Infinity":16,"b:59:12:59:20:59:20:59:40":1,"s:60:10:60:Infinity":17,"s:61:10:61:Infinity":18,"s:65:8:65:Infinity":19,"s:66:8:66:Infinity":20,"s:69:8:79:Infinity":21,"s:82:8:88:Infinity":22,"f:82:22:82:30":7,"b:83:10:87:Infinity:85:17:87:Infinity":2,"s:83:10:87:Infinity":23,"s:84:12:84:Infinity":24,"s:86:12:86:Infinity":25,"s:91:6:93:Infinity":26,"f:91:22:91:28":8,"s:92:8:92:Infinity":27,"s:97:22:105:Infinity":28,"f:97:22:97:34":9,"s:98:4:104:Infinity":29,"s:99:26:99:Infinity":30,"s:100:6:100:Infinity":31,"s:101:6:101:Infinity":32,"s:103:6:103:Infinity":33,"s:107:2:161:Infinity":34,"f:142:29:142:39":10,"s:142:39:142:Infinity":35,"f:151:21:151:27":11,"s:151:27:151:Infinity":36}}}
,"/Users/tsurette/repos/personal/groupi/packages/web/components/main-nav-static.tsx": {"path":"/Users/tsurette/repos/personal/groupi/packages/web/components/main-nav-static.tsx","statementMap":{"0":{"start":{"line":15,"column":2},"end":{"line":26,"column":null}}},"fnMap":{"0":{"name":"MainNavStatic","decl":{"start":{"line":14,"column":16},"end":{"line":14,"column":30}},"loc":{"start":{"line":14,"column":70},"end":{"line":28,"column":null}},"line":14}},"branchMap":{},"s":{"0":0},"f":{"0":0},"b":{},"meta":{"lastBranch":0,"lastFunction":1,"lastStatement":1,"seen":{"f:14:16:14:30":0,"s:15:2:26:Infinity":0}}}
,"/Users/tsurette/repos/personal/groupi/packages/web/components/main-nav.tsx": {"path":"/Users/tsurette/repos/personal/groupi/packages/web/components/main-nav.tsx","statementMap":{"0":{"start":{"line":26,"column":2},"end":{"line":30,"column":null}},"1":{"start":{"line":28,"column":20},"end":{"line":28,"column":null}},"2":{"start":{"line":29,"column":4},"end":{"line":29,"column":null}},"3":{"start":{"line":32,"column":0},"end":{"line":32,"column":null}},"4":{"start":{"line":44,"column":2},"end":{"line":94,"column":null}},"5":{"start":{"line":100,"column":22},"end":{"line":100,"column":null}},"6":{"start":{"line":100,"column":44},"end":{"line":100,"column":66}},"7":{"start":{"line":101,"column":21},"end":{"line":101,"column":null}},"8":{"start":{"line":101,"column":43},"end":{"line":101,"column":65}},"9":{"start":{"line":103,"column":2},"end":{"line":141,"column":null}},"10":{"start":{"line":111,"column":14},"end":{"line":120,"column":null}},"11":{"start":{"line":126,"column":16},"end":{"line":135,"column":null}},"12":{"start":{"line":146,"column":8},"end":{"line":146,"column":null}},"13":{"start":{"line":148,"column":2},"end":{"line":160,"column":null}},"14":{"start":{"line":149,"column":4},"end":{"line":158,"column":null}},"15":{"start":{"line":163,"column":36},"end":{"line":163,"column":null}},"16":{"start":{"line":166,"column":22},"end":{"line":166,"column":null}},"17":{"start":{"line":166,"column":44},"end":{"line":166,"column":66}},"18":{"start":{"line":167,"column":21},"end":{"line":167,"column":null}},"19":{"start":{"line":167,"column":43},"end":{"line":167,"column":65}},"20":{"start":{"line":170,"column":19},"end":{"line":170,"column":null}},"21":{"start":{"line":172,"column":2},"end":{"line":181,"column":null}},"22":{"start":{"line":186,"column":8},"end":{"line":186,"column":null}},"23":{"start":{"line":188,"column":2},"end":{"line":190,"column":null}},"24":{"start":{"line":189,"column":4},"end":{"line":189,"column":null}},"25":{"start":{"line":193,"column":36},"end":{"line":193,"column":null}},"26":{"start":{"line":195,"column":2},"end":{"line":203,"column":null}}},"fnMap":{"0":{"name":"initApi","decl":{"start":{"line":25,"column":9},"end":{"line":25,"column":19}},"loc":{"start":{"line":25,"column":19},"end":{"line":31,"column":null}},"line":25},"1":{"name":"MainNav","decl":{"start":{"line":43,"column":16},"end":{"line":43,"column":24}},"loc":{"start":{"line":43,"column":57},"end":{"line":96,"column":null}},"line":43},"2":{"name":"AuthenticatedNav","decl":{"start":{"line":98,"column":9},"end":{"line":98,"column":26}},"loc":{"start":{"line":98,"column":64},"end":{"line":143,"column":null}},"line":98},"3":{"name":"(anonymous_3)","decl":{"start":{"line":100,"column":36},"end":{"line":100,"column":44}},"loc":{"start":{"line":100,"column":44},"end":{"line":100,"column":66}},"line":100},"4":{"name":"(anonymous_4)","decl":{"start":{"line":101,"column":35},"end":{"line":101,"column":43}},"loc":{"start":{"line":101,"column":43},"end":{"line":101,"column":65}},"line":101},"5":{"name":"(anonymous_5)","decl":{"start":{"line":110,"column":29},"end":{"line":110,"column":30}},"loc":{"start":{"line":111,"column":14},"end":{"line":120,"column":null}},"line":111},"6":{"name":"(anonymous_6)","decl":{"start":{"line":125,"column":31},"end":{"line":125,"column":32}},"loc":{"start":{"line":126,"column":16},"end":{"line":135,"column":null}},"line":126},"7":{"name":"AuthenticatedMobileNav","decl":{"start":{"line":145,"column":9},"end":{"line":145,"column":32}},"loc":{"start":{"line":145,"column":70},"end":{"line":183,"column":null}},"line":145},"8":{"name":"(anonymous_8)","decl":{"start":{"line":166,"column":36},"end":{"line":166,"column":44}},"loc":{"start":{"line":166,"column":44},"end":{"line":166,"column":66}},"line":166},"9":{"name":"(anonymous_9)","decl":{"start":{"line":167,"column":35},"end":{"line":167,"column":43}},"loc":{"start":{"line":167,"column":43},"end":{"line":167,"column":65}},"line":167},"10":{"name":"AuthenticatedProfileDropdown","decl":{"start":{"line":185,"column":9},"end":{"line":185,"column":40}},"loc":{"start":{"line":185,"column":40},"end":{"line":205,"column":null}},"line":185}},"branchMap":{"0":{"loc":{"start":{"line":26,"column":2},"end":{"line":30,"column":null}},"type":"if","locations":[{"start":{"line":26,"column":2},"end":{"line":30,"column":null}},{"start":{},"end":{}}],"line":26},"1":{"loc":{"start":{"line":29,"column":18},"end":{"line":29,"column":null}},"type":"binary-expr","locations":[{"start":{"line":29,"column":18},"end":{"line":29,"column":39}},{"start":{"line":29,"column":39},"end":{"line":29,"column":null}}],"line":29},"2":{"loc":{"start":{"line":105,"column":7},"end":{"line":140,"column":null}},"type":"cond-expr","locations":[{"start":{"line":106,"column":8},"end":{"line":139,"column":null}},{"start":{"line":140,"column":10},"end":{"line":140,"column":null}}],"line":105},"3":{"loc":{"start":{"line":148,"column":2},"end":{"line":160,"column":null}},"type":"if","locations":[{"start":{"line":148,"column":2},"end":{"line":160,"column":null}},{"start":{},"end":{}}],"line":148},"4":{"loc":{"start":{"line":166,"column":22},"end":{"line":166,"column":null}},"type":"binary-expr","locations":[{"start":{"line":166,"column":22},"end":{"line":166,"column":71}},{"start":{"line":166,"column":71},"end":{"line":166,"column":null}}],"line":166},"5":{"loc":{"start":{"line":167,"column":21},"end":{"line":167,"column":null}},"type":"binary-expr","locations":[{"start":{"line":167,"column":21},"end":{"line":167,"column":70}},{"start":{"line":167,"column":70},"end":{"line":167,"column":null}}],"line":167},"6":{"loc":{"start":{"line":170,"column":19},"end":{"line":170,"column":null}},"type":"cond-expr","locations":[{"start":{"line":170,"column":43},"end":{"line":170,"column":77}},{"start":{"line":170,"column":77},"end":{"line":170,"column":null}}],"line":170},"7":{"loc":{"start":{"line":175,"column":14},"end":{"line":175,"column":null}},"type":"binary-expr","locations":[{"start":{"line":175,"column":14},"end":{"line":175,"column":27}},{"start":{"line":175,"column":27},"end":{"line":175,"column":null}}],"line":175},"8":{"loc":{"start":{"line":177,"column":15},"end":{"line":177,"column":null}},"type":"binary-expr","locations":[{"start":{"line":177,"column":15},"end":{"line":177,"column":29}},{"start":{"line":177,"column":29},"end":{"line":177,"column":null}}],"line":177},"9":{"loc":{"start":{"line":178,"column":18},"end":{"line":178,"column":null}},"type":"binary-expr","locations":[{"start":{"line":178,"column":18},"end":{"line":178,"column":35}},{"start":{"line":178,"column":35},"end":{"line":178,"column":null}}],"line":178},"10":{"loc":{"start":{"line":188,"column":2},"end":{"line":190,"column":null}},"type":"if","locations":[{"start":{"line":188,"column":2},"end":{"line":190,"column":null}},{"start":{},"end":{}}],"line":188},"11":{"loc":{"start":{"line":198,"column":14},"end":{"line":198,"column":null}},"type":"binary-expr","locations":[{"start":{"line":198,"column":14},"end":{"line":198,"column":27}},{"start":{"line":198,"column":27},"end":{"line":198,"column":null}}],"line":198},"12":{"loc":{"start":{"line":200,"column":15},"end":{"line":200,"column":null}},"type":"binary-expr","locations":[{"start":{"line":200,"column":15},"end":{"line":200,"column":29}},{"start":{"line":200,"column":29},"end":{"line":200,"column":null}}],"line":200},"13":{"loc":{"start":{"line":201,"column":18},"end":{"line":201,"column":null}},"type":"binary-expr","locations":[{"start":{"line":201,"column":18},"end":{"line":201,"column":35}},{"start":{"line":201,"column":35},"end":{"line":201,"column":null}}],"line":201}},"s":{"0":0,"1":0,"2":0,"3":0,"4":0,"5":0,"6":0,"7":0,"8":0,"9":0,"10":0,"11":0,"12":0,"13":0,"14":0,"15":0,"16":0,"17":0,"18":0,"19":0,"20":0,"21":0,"22":0,"23":0,"24":0,"25":0,"26":0},"f":{"0":0,"1":0,"2":0,"3":0,"4":0,"5":0,"6":0,"7":0,"8":0,"9":0,"10":0},"b":{"0":[0,0],"1":[0,0],"2":[0,0],"3":[0,0],"4":[0,0],"5":[0,0],"6":[0,0],"7":[0,0],"8":[0,0],"9":[0,0],"10":[0,0],"11":[0,0],"12":[0,0],"13":[0,0]},"meta":{"lastBranch":14,"lastFunction":11,"lastStatement":27,"seen":{"f:25:9:25:19":0,"b:26:2:30:Infinity:undefined:undefined:undefined:undefined":0,"s:26:2:30:Infinity":0,"s:28:20:28:Infinity":1,"s:29:4:29:Infinity":2,"b:29:18:29:39:29:39:29:Infinity":1,"s:32:0:32:Infinity":3,"f:43:16:43:24":1,"s:44:2:94:Infinity":4,"f:98:9:98:26":2,"s:100:22:100:Infinity":5,"f:100:36:100:44":3,"s:100:44:100:66":6,"s:101:21:101:Infinity":7,"f:101:35:101:43":4,"s:101:43:101:65":8,"s:103:2:141:Infinity":9,"b:106:8:139:Infinity:140:10:140:Infinity":2,"f:110:29:110:30":5,"s:111:14:120:Infinity":10,"f:125:31:125:32":6,"s:126:16:135:Infinity":11,"f:145:9:145:32":7,"s:146:8:146:Infinity":12,"b:148:2:160:Infinity:undefined:undefined:undefined:undefined":3,"s:148:2:160:Infinity":13,"s:149:4:158:Infinity":14,"s:163:36:163:Infinity":15,"s:166:22:166:Infinity":16,"b:166:22:166:71:166:71:166:Infinity":4,"f:166:36:166:44":8,"s:166:44:166:66":17,"s:167:21:167:Infinity":18,"b:167:21:167:70:167:70:167:Infinity":5,"f:167:35:167:43":9,"s:167:43:167:65":19,"s:170:19:170:Infinity":20,"b:170:43:170:77:170:77:170:Infinity":6,"s:172:2:181:Infinity":21,"b:175:14:175:27:175:27:175:Infinity":7,"b:177:15:177:29:177:29:177:Infinity":8,"b:178:18:178:35:178:35:178:Infinity":9,"f:185:9:185:40":10,"s:186:8:186:Infinity":22,"b:188:2:190:Infinity:undefined:undefined:undefined:undefined":10,"s:188:2:190:Infinity":23,"s:189:4:189:Infinity":24,"s:193:36:193:Infinity":25,"s:195:2:203:Infinity":26,"b:198:14:198:27:198:27:198:Infinity":11,"b:200:15:200:29:200:29:200:Infinity":12,"b:201:18:201:35:201:35:201:Infinity":13}}}
,"/Users/tsurette/repos/personal/groupi/packages/web/components/member-action-dialog.tsx": {"path":"/Users/tsurette/repos/personal/groupi/packages/web/components/member-action-dialog.tsx","statementMap":{"0":{"start":{"line":17,"column":7},"end":{"line":17,"column":null}},"1":{"start":{"line":18,"column":2},"end":{"line":18,"column":null}},"2":{"start":{"line":19,"column":2},"end":{"line":19,"column":null}},"3":{"start":{"line":20,"column":2},"end":{"line":20,"column":null}},"4":{"start":{"line":17,"column":12},"end":{"line":17,"column":null}},"5":{"start":{"line":34,"column":8},"end":{"line":34,"column":null}},"6":{"start":{"line":35,"column":8},"end":{"line":35,"column":null}},"7":{"start":{"line":36,"column":32},"end":{"line":36,"column":null}},"8":{"start":{"line":38,"column":29},"end":{"line":78,"column":null}},"9":{"start":{"line":39,"column":4},"end":{"line":39,"column":null}},"10":{"start":{"line":40,"column":4},"end":{"line":77,"column":null}},"11":{"start":{"line":41,"column":6},"end":{"line":57,"column":null}},"12":{"start":{"line":42,"column":8},"end":{"line":42,"column":null}},"13":{"start":{"line":43,"column":8},"end":{"line":45,"column":null}},"14":{"start":{"line":46,"column":6},"end":{"line":57,"column":null}},"15":{"start":{"line":47,"column":8},"end":{"line":47,"column":null}},"16":{"start":{"line":48,"column":8},"end":{"line":51,"column":null}},"17":{"start":{"line":52,"column":6},"end":{"line":57,"column":null}},"18":{"start":{"line":53,"column":8},"end":{"line":53,"column":null}},"19":{"start":{"line":54,"column":8},"end":{"line":56,"column":null}},"20":{"start":{"line":59,"column":6},"end":{"line":74,"column":null}},"21":{"start":{"line":60,"column":8},"end":{"line":63,"column":null}},"22":{"start":{"line":64,"column":6},"end":{"line":74,"column":null}},"23":{"start":{"line":65,"column":8},"end":{"line":68,"column":null}},"24":{"start":{"line":69,"column":6},"end":{"line":74,"column":null}},"25":{"start":{"line":70,"column":8},"end":{"line":73,"column":null}},"26":{"start":{"line":76,"column":6},"end":{"line":76,"column":null}},"27":{"start":{"line":80,"column":2},"end":{"line":131,"column":null}}},"fnMap":{"0":{"name":"(anonymous_0)","decl":{"start":{"line":17,"column":7},"end":{"line":17,"column":12}},"loc":{"start":{"line":17,"column":7},"end":{"line":17,"column":null}},"line":17},"1":{"name":"MemberActionDialog","decl":{"start":{"line":23,"column":16},"end":{"line":23,"column":35}},"loc":{"start":{"line":33,"column":3},"end":{"line":133,"column":null}},"line":33},"2":{"name":"(anonymous_2)","decl":{"start":{"line":38,"column":29},"end":{"line":38,"column":41}},"loc":{"start":{"line":38,"column":41},"end":{"line":78,"column":null}},"line":38}},"branchMap":{"0":{"loc":{"start":{"line":17,"column":12},"end":{"line":17,"column":null}},"type":"binary-expr","locations":[{"start":{"line":17,"column":12},"end":{"line":17,"column":null}},{"start":{"line":17,"column":12},"end":{"line":17,"column":null}}],"line":17},"1":{"loc":{"start":{"line":41,"column":6},"end":{"line":57,"column":null}},"type":"if","locations":[{"start":{"line":41,"column":6},"end":{"line":57,"column":null}},{"start":{"line":46,"column":6},"end":{"line":57,"column":null}}],"line":41},"2":{"loc":{"start":{"line":46,"column":6},"end":{"line":57,"column":null}},"type":"if","locations":[{"start":{"line":46,"column":6},"end":{"line":57,"column":null}},{"start":{"line":52,"column":6},"end":{"line":57,"column":null}}],"line":46},"3":{"loc":{"start":{"line":52,"column":6},"end":{"line":57,"column":null}},"type":"if","locations":[{"start":{"line":52,"column":6},"end":{"line":57,"column":null}},{"start":{},"end":{}}],"line":52},"4":{"loc":{"start":{"line":59,"column":6},"end":{"line":74,"column":null}},"type":"if","locations":[{"start":{"line":59,"column":6},"end":{"line":74,"column":null}},{"start":{"line":64,"column":6},"end":{"line":74,"column":null}}],"line":59},"5":{"loc":{"start":{"line":64,"column":6},"end":{"line":74,"column":null}},"type":"if","locations":[{"start":{"line":64,"column":6},"end":{"line":74,"column":null}},{"start":{"line":69,"column":6},"end":{"line":74,"column":null}}],"line":64},"6":{"loc":{"start":{"line":69,"column":6},"end":{"line":74,"column":null}},"type":"if","locations":[{"start":{"line":69,"column":6},"end":{"line":74,"column":null}},{"start":{},"end":{}}],"line":69},"7":{"loc":{"start":{"line":84,"column":11},"end":{"line":90,"column":null}},"type":"cond-expr","locations":[{"start":{"line":85,"column":14},"end":{"line":85,"column":null}},{"start":{"line":86,"column":14},"end":{"line":90,"column":null}}],"line":84},"8":{"loc":{"start":{"line":86,"column":14},"end":{"line":90,"column":null}},"type":"cond-expr","locations":[{"start":{"line":87,"column":16},"end":{"line":87,"column":null}},{"start":{"line":88,"column":16},"end":{"line":90,"column":null}}],"line":86},"9":{"loc":{"start":{"line":88,"column":16},"end":{"line":90,"column":null}},"type":"cond-expr","locations":[{"start":{"line":89,"column":18},"end":{"line":89,"column":null}},{"start":{"line":90,"column":18},"end":{"line":90,"column":null}}],"line":88},"10":{"loc":{"start":{"line":93,"column":11},"end":{"line":99,"column":null}},"type":"cond-expr","locations":[{"start":{"line":94,"column":14},"end":{"line":94,"column":null}},{"start":{"line":95,"column":14},"end":{"line":99,"column":null}}],"line":93},"11":{"loc":{"start":{"line":95,"column":14},"end":{"line":99,"column":null}},"type":"cond-expr","locations":[{"start":{"line":96,"column":16},"end":{"line":96,"column":null}},{"start":{"line":97,"column":16},"end":{"line":99,"column":null}}],"line":95},"12":{"loc":{"start":{"line":97,"column":16},"end":{"line":99,"column":null}},"type":"cond-expr","locations":[{"start":{"line":98,"column":18},"end":{"line":98,"column":null}},{"start":{"line":99,"column":18},"end":{"line":99,"column":null}}],"line":97},"13":{"loc":{"start":{"line":115,"column":16},"end":{"line":115,"column":null}},"type":"cond-expr","locations":[{"start":{"line":115,"column":50},"end":{"line":115,"column":62}},{"start":{"line":115,"column":62},"end":{"line":115,"column":null}}],"line":115},"14":{"loc":{"start":{"line":118,"column":15},"end":{"line":126,"column":null}},"type":"cond-expr","locations":[{"start":{"line":119,"column":18},"end":{"line":119,"column":null}},{"start":{"line":120,"column":18},"end":{"line":126,"column":null}}],"line":118},"15":{"loc":{"start":{"line":120,"column":18},"end":{"line":126,"column":null}},"type":"cond-expr","locations":[{"start":{"line":121,"column":20},"end":{"line":121,"column":null}},{"start":{"line":122,"column":20},"end":{"line":126,"column":null}}],"line":120},"16":{"loc":{"start":{"line":122,"column":20},"end":{"line":126,"column":null}},"type":"cond-expr","locations":[{"start":{"line":123,"column":22},"end":{"line":123,"column":null}},{"start":{"line":124,"column":22},"end":{"line":126,"column":null}}],"line":122},"17":{"loc":{"start":{"line":124,"column":22},"end":{"line":126,"column":null}},"type":"cond-expr","locations":[{"start":{"line":125,"column":24},"end":{"line":125,"column":null}},{"start":{"line":126,"column":24},"end":{"line":126,"column":null}}],"line":124}},"s":{"0":0,"1":0,"2":0,"3":0,"4":0,"5":0,"6":0,"7":0,"8":0,"9":0,"10":0,"11":0,"12":0,"13":0,"14":0,"15":0,"16":0,"17":0,"18":0,"19":0,"20":0,"21":0,"22":0,"23":0,"24":0,"25":0,"26":0,"27":0},"f":{"0":0,"1":0,"2":0},"b":{"0":[0,0],"1":[0,0],"2":[0,0],"3":[0,0],"4":[0,0],"5":[0,0],"6":[0,0],"7":[0,0],"8":[0,0],"9":[0,0],"10":[0,0],"11":[0,0],"12":[0,0],"13":[0,0],"14":[0,0],"15":[0,0],"16":[0,0],"17":[0,0]},"meta":{"lastBranch":18,"lastFunction":3,"lastStatement":28,"seen":{"s:17:7:17:Infinity":0,"f:17:7:17:12":0,"s:18:2:18:Infinity":1,"s:19:2:19:Infinity":2,"s:20:2:20:Infinity":3,"s:17:12:17:Infinity":4,"b:17:12:17:Infinity:17:12:17:Infinity":0,"f:23:16:23:35":1,"s:34:8:34:Infinity":5,"s:35:8:35:Infinity":6,"s:36:32:36:Infinity":7,"s:38:29:78:Infinity":8,"f:38:29:38:41":2,"s:39:4:39:Infinity":9,"s:40:4:77:Infinity":10,"b:41:6:57:Infinity:46:6:57:Infinity":1,"s:41:6:57:Infinity":11,"s:42:8:42:Infinity":12,"s:43:8:45:Infinity":13,"b:46:6:57:Infinity:52:6:57:Infinity":2,"s:46:6:57:Infinity":14,"s:47:8:47:Infinity":15,"s:48:8:51:Infinity":16,"b:52:6:57:Infinity:undefined:undefined:undefined:undefined":3,"s:52:6:57:Infinity":17,"s:53:8:53:Infinity":18,"s:54:8:56:Infinity":19,"b:59:6:74:Infinity:64:6:74:Infinity":4,"s:59:6:74:Infinity":20,"s:60:8:63:Infinity":21,"b:64:6:74:Infinity:69:6:74:Infinity":5,"s:64:6:74:Infinity":22,"s:65:8:68:Infinity":23,"b:69:6:74:Infinity:undefined:undefined:undefined:undefined":6,"s:69:6:74:Infinity":24,"s:70:8:73:Infinity":25,"s:76:6:76:Infinity":26,"s:80:2:131:Infinity":27,"b:85:14:85:Infinity:86:14:90:Infinity":7,"b:87:16:87:Infinity:88:16:90:Infinity":8,"b:89:18:89:Infinity:90:18:90:Infinity":9,"b:94:14:94:Infinity:95:14:99:Infinity":10,"b:96:16:96:Infinity:97:16:99:Infinity":11,"b:98:18:98:Infinity:99:18:99:Infinity":12,"b:115:50:115:62:115:62:115:Infinity":13,"b:119:18:119:Infinity:120:18:126:Infinity":14,"b:121:20:121:Infinity:122:20:126:Infinity":15,"b:123:22:123:Infinity:124:22:126:Infinity":16,"b:125:24:125:Infinity:126:24:126:Infinity":17}}}
,"/Users/tsurette/repos/personal/groupi/packages/web/components/member-icon.tsx": {"path":"/Users/tsurette/repos/personal/groupi/packages/web/components/member-icon.tsx","statementMap":{"0":{"start":{"line":49,"column":13},"end":{"line":52,"column":null}},"1":{"start":{"line":95,"column":2},"end":{"line":237,"column":null}},"2":{"start":{"line":96,"column":4},"end":{"line":235,"column":null}},"3":{"start":{"line":112,"column":12},"end":{"line":114,"column":null}},"4":{"start":{"line":113,"column":14},"end":{"line":113,"column":null}},"5":{"start":{"line":116,"column":12},"end":{"line":118,"column":null}},"6":{"start":{"line":117,"column":14},"end":{"line":117,"column":null}},"7":{"start":{"line":172,"column":18},"end":{"line":172,"column":null}},"8":{"start":{"line":173,"column":18},"end":{"line":173,"column":null}},"9":{"start":{"line":188,"column":28},"end":{"line":188,"column":null}},"10":{"start":{"line":189,"column":28},"end":{"line":189,"column":null}},"11":{"start":{"line":190,"column":28},"end":{"line":190,"column":null}},"12":{"start":{"line":202,"column":28},"end":{"line":202,"column":null}},"13":{"start":{"line":203,"column":28},"end":{"line":203,"column":null}},"14":{"start":{"line":204,"column":28},"end":{"line":204,"column":null}},"15":{"start":{"line":218,"column":24},"end":{"line":218,"column":null}},"16":{"start":{"line":219,"column":24},"end":{"line":219,"column":null}},"17":{"start":{"line":220,"column":24},"end":{"line":220,"column":null}},"18":{"start":{"line":240,"column":2},"end":{"line":360,"column":null}},"19":{"start":{"line":292,"column":14},"end":{"line":292,"column":null}},"20":{"start":{"line":307,"column":20},"end":{"line":307,"column":null}},"21":{"start":{"line":324,"column":20},"end":{"line":324,"column":null}},"22":{"start":{"line":342,"column":16},"end":{"line":342,"column":null}},"23":{"start":{"line":381,"column":15},"end":{"line":381,"column":null}},"24":{"start":{"line":382,"column":15},"end":{"line":382,"column":null}},"25":{"start":{"line":384,"column":19},"end":{"line":384,"column":null}},"26":{"start":{"line":385,"column":8},"end":{"line":385,"column":null}},"27":{"start":{"line":387,"column":2},"end":{"line":390,"column":null}},"28":{"start":{"line":392,"column":15},"end":{"line":392,"column":null}},"29":{"start":{"line":395,"column":4},"end":{"line":397,"column":null}},"30":{"start":{"line":399,"column":21},"end":{"line":399,"column":null}},"31":{"start":{"line":401,"column":38},"end":{"line":403,"column":null}},"32":{"start":{"line":404,"column":32},"end":{"line":404,"column":null}},"33":{"start":{"line":405,"column":34},"end":{"line":405,"column":null}},"34":{"start":{"line":406,"column":48},"end":{"line":406,"column":null}},"35":{"start":{"line":407,"column":8},"end":{"line":407,"column":null}},"36":{"start":{"line":409,"column":8},"end":{"line":417,"column":null}},"37":{"start":{"line":411,"column":6},"end":{"line":411,"column":null}},"38":{"start":{"line":411,"column":21},"end":{"line":411,"column":null}},"39":{"start":{"line":412,"column":6},"end":{"line":412,"column":null}},"40":{"start":{"line":413,"column":6},"end":{"line":413,"column":null}},"41":{"start":{"line":414,"column":6},"end":{"line":414,"column":null}},"42":{"start":{"line":419,"column":8},"end":{"line":428,"column":null}},"43":{"start":{"line":421,"column":6},"end":{"line":425,"column":null}},"44":{"start":{"line":422,"column":8},"end":{"line":422,"column":null}},"45":{"start":{"line":423,"column":8},"end":{"line":423,"column":null}},"46":{"start":{"line":424,"column":8},"end":{"line":424,"column":null}},"47":{"start":{"line":431,"column":4},"end":{"line":434,"column":null}},"48":{"start":{"line":437,"column":2},"end":{"line":478,"column":null}}},"fnMap":{"0":{"name":"ActionMenu","decl":{"start":{"line":75,"column":9},"end":{"line":75,"column":20}},"loc":{"start":{"line":94,"column":20},"end":{"line":362,"column":null}},"line":94},"1":{"name":"(anonymous_1)","decl":{"start":{"line":110,"column":24},"end":{"line":110,"column":32}},"loc":{"start":{"line":110,"column":32},"end":{"line":119,"column":null}},"line":110},"2":{"name":"(anonymous_2)","decl":{"start":{"line":171,"column":25},"end":{"line":171,"column":31}},"loc":{"start":{"line":171,"column":31},"end":{"line":174,"column":null}},"line":171},"3":{"name":"(anonymous_3)","decl":{"start":{"line":187,"column":35},"end":{"line":187,"column":41}},"loc":{"start":{"line":187,"column":41},"end":{"line":191,"column":null}},"line":187},"4":{"name":"(anonymous_4)","decl":{"start":{"line":201,"column":35},"end":{"line":201,"column":41}},"loc":{"start":{"line":201,"column":41},"end":{"line":205,"column":null}},"line":201},"5":{"name":"(anonymous_5)","decl":{"start":{"line":217,"column":31},"end":{"line":217,"column":37}},"loc":{"start":{"line":217,"column":37},"end":{"line":221,"column":null}},"line":217},"6":{"name":"(anonymous_6)","decl":{"start":{"line":291,"column":21},"end":{"line":291,"column":27}},"loc":{"start":{"line":291,"column":27},"end":{"line":293,"column":null}},"line":291},"7":{"name":"(anonymous_7)","decl":{"start":{"line":306,"column":27},"end":{"line":306,"column":33}},"loc":{"start":{"line":306,"column":33},"end":{"line":308,"column":null}},"line":306},"8":{"name":"(anonymous_8)","decl":{"start":{"line":323,"column":27},"end":{"line":323,"column":33}},"loc":{"start":{"line":323,"column":33},"end":{"line":325,"column":null}},"line":323},"9":{"name":"(anonymous_9)","decl":{"start":{"line":341,"column":23},"end":{"line":341,"column":29}},"loc":{"start":{"line":341,"column":29},"end":{"line":343,"column":null}},"line":341},"10":{"name":"MemberIcon","decl":{"start":{"line":364,"column":24},"end":{"line":364,"column":35}},"loc":{"start":{"line":380,"column":3},"end":{"line":480,"column":null}},"line":380},"11":{"name":"(anonymous_11)","decl":{"start":{"line":410,"column":4},"end":{"line":410,"column":5}},"loc":{"start":{"line":410,"column":48},"end":{"line":415,"column":null}},"line":410},"12":{"name":"(anonymous_12)","decl":{"start":{"line":420,"column":4},"end":{"line":420,"column":5}},"loc":{"start":{"line":420,"column":29},"end":{"line":426,"column":null}},"line":420}},"branchMap":{"0":{"loc":{"start":{"line":95,"column":2},"end":{"line":237,"column":null}},"type":"if","locations":[{"start":{"line":95,"column":2},"end":{"line":237,"column":null}},{"start":{},"end":{}}],"line":95},"1":{"loc":{"start":{"line":112,"column":12},"end":{"line":114,"column":null}},"type":"if","locations":[{"start":{"line":112,"column":12},"end":{"line":114,"column":null}},{"start":{},"end":{}}],"line":112},"2":{"loc":{"start":{"line":112,"column":16},"end":{"line":112,"column":48}},"type":"binary-expr","locations":[{"start":{"line":112,"column":16},"end":{"line":112,"column":28}},{"start":{"line":112,"column":28},"end":{"line":112,"column":36}},{"start":{"line":112,"column":36},"end":{"line":112,"column":48}}],"line":112},"3":{"loc":{"start":{"line":116,"column":12},"end":{"line":118,"column":null}},"type":"if","locations":[{"start":{"line":116,"column":12},"end":{"line":118,"column":null}},{"start":{},"end":{}}],"line":116},"4":{"loc":{"start":{"line":129,"column":36},"end":{"line":129,"column":62}},"type":"binary-expr","locations":[{"start":{"line":129,"column":36},"end":{"line":129,"column":51}},{"start":{"line":129,"column":51},"end":{"line":129,"column":62}}],"line":129},"5":{"loc":{"start":{"line":137,"column":21},"end":{"line":137,"column":null}},"type":"cond-expr","locations":[{"start":{"line":137,"column":38},"end":{"line":137,"column":60}},{"start":{"line":137,"column":60},"end":{"line":137,"column":null}}],"line":137},"6":{"loc":{"start":{"line":149,"column":15},"end":{"line":164,"column":null}},"type":"binary-expr","locations":[{"start":{"line":149,"column":15},"end":{"line":149,"column":null}},{"start":{"line":150,"column":16},"end":{"line":164,"column":null}}],"line":149},"7":{"loc":{"start":{"line":152,"column":19},"end":{"line":153,"column":null}},"type":"binary-expr","locations":[{"start":{"line":152,"column":19},"end":{"line":152,"column":null}},{"start":{"line":153,"column":20},"end":{"line":153,"column":null}}],"line":152},"8":{"loc":{"start":{"line":155,"column":19},"end":{"line":158,"column":null}},"type":"binary-expr","locations":[{"start":{"line":155,"column":19},"end":{"line":155,"column":null}},{"start":{"line":156,"column":20},"end":{"line":158,"column":null}}],"line":155},"9":{"loc":{"start":{"line":160,"column":19},"end":{"line":161,"column":null}},"type":"binary-expr","locations":[{"start":{"line":160,"column":19},"end":{"line":160,"column":null}},{"start":{"line":161,"column":20},"end":{"line":161,"column":null}}],"line":160},"10":{"loc":{"start":{"line":178,"column":14},"end":{"line":227,"column":null}},"type":"binary-expr","locations":[{"start":{"line":179,"column":16},"end":{"line":179,"column":27}},{"start":{"line":179,"column":27},"end":{"line":179,"column":null}},{"start":{"line":180,"column":16},"end":{"line":227,"column":null}}],"line":178},"11":{"loc":{"start":{"line":181,"column":19},"end":{"line":211,"column":null}},"type":"binary-expr","locations":[{"start":{"line":181,"column":19},"end":{"line":181,"column":null}},{"start":{"line":182,"column":20},"end":{"line":211,"column":null}}],"line":181},"12":{"loc":{"start":{"line":183,"column":23},"end":{"line":195,"column":null}},"type":"binary-expr","locations":[{"start":{"line":183,"column":23},"end":{"line":183,"column":null}},{"start":{"line":184,"column":24},"end":{"line":195,"column":null}}],"line":183},"13":{"loc":{"start":{"line":197,"column":23},"end":{"line":209,"column":null}},"type":"binary-expr","locations":[{"start":{"line":197,"column":23},"end":{"line":197,"column":null}},{"start":{"line":198,"column":24},"end":{"line":209,"column":null}}],"line":197},"14":{"loc":{"start":{"line":213,"column":19},"end":{"line":225,"column":null}},"type":"binary-expr","locations":[{"start":{"line":213,"column":19},"end":{"line":213,"column":null}},{"start":{"line":214,"column":20},"end":{"line":225,"column":null}}],"line":213},"15":{"loc":{"start":{"line":253,"column":17},"end":{"line":253,"column":null}},"type":"cond-expr","locations":[{"start":{"line":253,"column":34},"end":{"line":253,"column":56}},{"start":{"line":253,"column":56},"end":{"line":253,"column":null}}],"line":253},"16":{"loc":{"start":{"line":268,"column":11},"end":{"line":285,"column":null}},"type":"binary-expr","locations":[{"start":{"line":268,"column":11},"end":{"line":268,"column":null}},{"start":{"line":269,"column":12},"end":{"line":285,"column":null}}],"line":268},"17":{"loc":{"start":{"line":272,"column":17},"end":{"line":273,"column":null}},"type":"binary-expr","locations":[{"start":{"line":272,"column":17},"end":{"line":272,"column":null}},{"start":{"line":273,"column":18},"end":{"line":273,"column":null}}],"line":272},"18":{"loc":{"start":{"line":275,"column":17},"end":{"line":278,"column":null}},"type":"binary-expr","locations":[{"start":{"line":275,"column":17},"end":{"line":275,"column":null}},{"start":{"line":276,"column":18},"end":{"line":278,"column":null}}],"line":275},"19":{"loc":{"start":{"line":280,"column":17},"end":{"line":281,"column":null}},"type":"binary-expr","locations":[{"start":{"line":280,"column":17},"end":{"line":280,"column":null}},{"start":{"line":281,"column":18},"end":{"line":281,"column":null}}],"line":280},"20":{"loc":{"start":{"line":298,"column":10},"end":{"line":300,"column":null}},"type":"binary-expr","locations":[{"start":{"line":300,"column":12},"end":{"line":300,"column":23}},{"start":{"line":300,"column":23},"end":{"line":300,"column":38}},{"start":{"line":300,"column":38},"end":{"line":300,"column":null}}],"line":298},"21":{"loc":{"start":{"line":302,"column":11},"end":{"line":337,"column":null}},"type":"binary-expr","locations":[{"start":{"line":302,"column":11},"end":{"line":302,"column":null}},{"start":{"line":303,"column":12},"end":{"line":337,"column":null}}],"line":302},"22":{"loc":{"start":{"line":304,"column":15},"end":{"line":318,"column":null}},"type":"binary-expr","locations":[{"start":{"line":304,"column":15},"end":{"line":304,"column":null}},{"start":{"line":305,"column":16},"end":{"line":318,"column":null}}],"line":304},"23":{"loc":{"start":{"line":321,"column":15},"end":{"line":335,"column":null}},"type":"binary-expr","locations":[{"start":{"line":321,"column":15},"end":{"line":321,"column":null}},{"start":{"line":322,"column":16},"end":{"line":335,"column":null}}],"line":321},"24":{"loc":{"start":{"line":339,"column":11},"end":{"line":353,"column":null}},"type":"binary-expr","locations":[{"start":{"line":339,"column":11},"end":{"line":339,"column":null}},{"start":{"line":340,"column":12},"end":{"line":353,"column":null}}],"line":339},"25":{"loc":{"start":{"line":384,"column":19},"end":{"line":384,"column":null}},"type":"binary-expr","locations":[{"start":{"line":384,"column":19},"end":{"line":384,"column":33}},{"start":{"line":384,"column":33},"end":{"line":384,"column":48}},{"start":{"line":384,"column":48},"end":{"line":384,"column":null}}],"line":384},"26":{"loc":{"start":{"line":385,"column":39},"end":{"line":385,"column":64}},"type":"binary-expr","locations":[{"start":{"line":385,"column":39},"end":{"line":385,"column":53}},{"start":{"line":385,"column":53},"end":{"line":385,"column":64}}],"line":385},"27":{"loc":{"start":{"line":385,"column":64},"end":{"line":385,"column":88}},"type":"binary-expr","locations":[{"start":{"line":385,"column":64},"end":{"line":385,"column":79}},{"start":{"line":385,"column":79},"end":{"line":385,"column":88}}],"line":385},"28":{"loc":{"start":{"line":395,"column":4},"end":{"line":397,"column":null}},"type":"binary-expr","locations":[{"start":{"line":395,"column":4},"end":{"line":395,"column":null}},{"start":{"line":396,"column":6},"end":{"line":396,"column":34}},{"start":{"line":396,"column":34},"end":{"line":396,"column":null}},{"start":{"line":397,"column":6},"end":{"line":397,"column":null}}],"line":395},"29":{"loc":{"start":{"line":399,"column":21},"end":{"line":399,"column":null}},"type":"binary-expr","locations":[{"start":{"line":399,"column":21},"end":{"line":399,"column":30}},{"start":{"line":399,"column":30},"end":{"line":399,"column":null}}],"line":399},"30":{"loc":{"start":{"line":411,"column":6},"end":{"line":411,"column":null}},"type":"if","locations":[{"start":{"line":411,"column":6},"end":{"line":411,"column":null}},{"start":{},"end":{}}],"line":411},"31":{"loc":{"start":{"line":421,"column":6},"end":{"line":425,"column":null}},"type":"if","locations":[{"start":{"line":421,"column":6},"end":{"line":425,"column":null}},{"start":{},"end":{}}],"line":421},"32":{"loc":{"start":{"line":432,"column":24},"end":{"line":432,"column":50}},"type":"binary-expr","locations":[{"start":{"line":432,"column":24},"end":{"line":432,"column":39}},{"start":{"line":432,"column":39},"end":{"line":432,"column":50}}],"line":432},"33":{"loc":{"start":{"line":470,"column":9},"end":{"line":475,"column":null}},"type":"binary-expr","locations":[{"start":{"line":470,"column":9},"end":{"line":470,"column":null}},{"start":{"line":471,"column":10},"end":{"line":475,"column":null}}],"line":470}},"s":{"0":0,"1":0,"2":0,"3":0,"4":0,"5":0,"6":0,"7":0,"8":0,"9":0,"10":0,"11":0,"12":0,"13":0,"14":0,"15":0,"16":0,"17":0,"18":0,"19":0,"20":0,"21":0,"22":0,"23":0,"24":0,"25":0,"26":0,"27":0,"28":0,"29":0,"30":0,"31":0,"32":0,"33":0,"34":0,"35":0,"36":0,"37":0,"38":0,"39":0,"40":0,"41":0,"42":0,"43":0,"44":0,"45":0,"46":0,"47":0,"48":0},"f":{"0":0,"1":0,"2":0,"3":0,"4":0,"5":0,"6":0,"7":0,"8":0,"9":0,"10":0,"11":0,"12":0},"b":{"0":[0,0],"1":[0,0],"2":[0,0,0],"3":[0,0],"4":[0,0],"5":[0,0],"6":[0,0],"7":[0,0],"8":[0,0],"9":[0,0],"10":[0,0,0],"11":[0,0],"12":[0,0],"13":[0,0],"14":[0,0],"15":[0,0],"16":[0,0],"17":[0,0],"18":[0,0],"19":[0,0],"20":[0,0,0],"21":[0,0],"22":[0,0],"23":[0,0],"24":[0,0],"25":[0,0,0],"26":[0,0],"27":[0,0],"28":[0,0,0,0],"29":[0,0],"30":[0,0],"31":[0,0],"32":[0,0],"33":[0,0]},"meta":{"lastBranch":34,"lastFunction":13,"lastStatement":49,"seen":{"s:49:13:52:Infinity":0,"f:75:9:75:20":0,"b:95:2:237:Infinity:undefined:undefined:undefined:undefined":0,"s:95:2:237:Infinity":1,"s:96:4:235:Infinity":2,"f:110:24:110:32":1,"b:112:12:114:Infinity:undefined:undefined:undefined:undefined":1,"s:112:12:114:Infinity":3,"b:112:16:112:28:112:28:112:36:112:36:112:48":2,"s:113:14:113:Infinity":4,"b:116:12:118:Infinity:undefined:undefined:undefined:undefined":3,"s:116:12:118:Infinity":5,"s:117:14:117:Infinity":6,"b:129:36:129:51:129:51:129:62":4,"b:137:38:137:60:137:60:137:Infinity":5,"b:149:15:149:Infinity:150:16:164:Infinity":6,"b:152:19:152:Infinity:153:20:153:Infinity":7,"b:155:19:155:Infinity:156:20:158:Infinity":8,"b:160:19:160:Infinity:161:20:161:Infinity":9,"f:171:25:171:31":2,"s:172:18:172:Infinity":7,"s:173:18:173:Infinity":8,"b:179:16:179:27:179:27:179:Infinity:180:16:227:Infinity":10,"b:181:19:181:Infinity:182:20:211:Infinity":11,"b:183:23:183:Infinity:184:24:195:Infinity":12,"f:187:35:187:41":3,"s:188:28:188:Infinity":9,"s:189:28:189:Infinity":10,"s:190:28:190:Infinity":11,"b:197:23:197:Infinity:198:24:209:Infinity":13,"f:201:35:201:41":4,"s:202:28:202:Infinity":12,"s:203:28:203:Infinity":13,"s:204:28:204:Infinity":14,"b:213:19:213:Infinity:214:20:225:Infinity":14,"f:217:31:217:37":5,"s:218:24:218:Infinity":15,"s:219:24:219:Infinity":16,"s:220:24:220:Infinity":17,"s:240:2:360:Infinity":18,"b:253:34:253:56:253:56:253:Infinity":15,"b:268:11:268:Infinity:269:12:285:Infinity":16,"b:272:17:272:Infinity:273:18:273:Infinity":17,"b:275:17:275:Infinity:276:18:278:Infinity":18,"b:280:17:280:Infinity:281:18:281:Infinity":19,"f:291:21:291:27":6,"s:292:14:292:Infinity":19,"b:300:12:300:23:300:23:300:38:300:38:300:Infinity":20,"b:302:11:302:Infinity:303:12:337:Infinity":21,"b:304:15:304:Infinity:305:16:318:Infinity":22,"f:306:27:306:33":7,"s:307:20:307:Infinity":20,"b:321:15:321:Infinity:322:16:335:Infinity":23,"f:323:27:323:33":8,"s:324:20:324:Infinity":21,"b:339:11:339:Infinity:340:12:353:Infinity":24,"f:341:23:341:29":9,"s:342:16:342:Infinity":22,"f:364:24:364:35":10,"s:381:15:381:Infinity":23,"s:382:15:382:Infinity":24,"s:384:19:384:Infinity":25,"b:384:19:384:33:384:33:384:48:384:48:384:Infinity":25,"s:385:8:385:Infinity":26,"b:385:39:385:53:385:53:385:64":26,"b:385:64:385:79:385:79:385:88":27,"s:387:2:390:Infinity":27,"s:392:15:392:Infinity":28,"s:395:4:397:Infinity":29,"b:395:4:395:Infinity:396:6:396:34:396:34:396:Infinity:397:6:397:Infinity":28,"s:399:21:399:Infinity":30,"b:399:21:399:30:399:30:399:Infinity":29,"s:401:38:403:Infinity":31,"s:404:32:404:Infinity":32,"s:405:34:405:Infinity":33,"s:406:48:406:Infinity":34,"s:407:8:407:Infinity":35,"s:409:8:417:Infinity":36,"f:410:4:410:5":11,"b:411:6:411:Infinity:undefined:undefined:undefined:undefined":30,"s:411:6:411:Infinity":37,"s:411:21:411:Infinity":38,"s:412:6:412:Infinity":39,"s:413:6:413:Infinity":40,"s:414:6:414:Infinity":41,"s:419:8:428:Infinity":42,"f:420:4:420:5":12,"b:421:6:425:Infinity:undefined:undefined:undefined:undefined":31,"s:421:6:425:Infinity":43,"s:422:8:422:Infinity":44,"s:423:8:423:Infinity":45,"s:424:8:424:Infinity":46,"s:431:4:434:Infinity":47,"b:432:24:432:39:432:39:432:50":32,"s:437:2:478:Infinity":48,"b:470:9:470:Infinity:471:10:475:Infinity":33}}}
,"/Users/tsurette/repos/personal/groupi/packages/web/components/mobile-nav.tsx": {"path":"/Users/tsurette/repos/personal/groupi/packages/web/components/mobile-nav.tsx","statementMap":{"0":{"start":{"line":48,"column":34},"end":{"line":48,"column":null}},"1":{"start":{"line":49,"column":8},"end":{"line":49,"column":null}},"2":{"start":{"line":50,"column":48},"end":{"line":50,"column":null}},"3":{"start":{"line":52,"column":24},"end":{"line":56,"column":null}},"4":{"start":{"line":53,"column":4},"end":{"line":53,"column":null}},"5":{"start":{"line":54,"column":4},"end":{"line":54,"column":null}},"6":{"start":{"line":55,"column":4},"end":{"line":55,"column":null}},"7":{"start":{"line":58,"column":2},"end":{"line":163,"column":null}},"8":{"start":{"line":88,"column":16},"end":{"line":98,"column":null}},"9":{"start":{"line":106,"column":24},"end":{"line":106,"column":null}},"10":{"start":{"line":107,"column":24},"end":{"line":107,"column":null}}},"fnMap":{"0":{"name":"MobileNav","decl":{"start":{"line":39,"column":16},"end":{"line":39,"column":26}},"loc":{"start":{"line":47,"column":3},"end":{"line":165,"column":null}},"line":47},"1":{"name":"(anonymous_1)","decl":{"start":{"line":52,"column":24},"end":{"line":52,"column":36}},"loc":{"start":{"line":52,"column":36},"end":{"line":56,"column":null}},"line":52},"2":{"name":"(anonymous_2)","decl":{"start":{"line":87,"column":25},"end":{"line":87,"column":26}},"loc":{"start":{"line":88,"column":16},"end":{"line":98,"column":null}},"line":88},"3":{"name":"(anonymous_3)","decl":{"start":{"line":105,"column":31},"end":{"line":105,"column":37}},"loc":{"start":{"line":105,"column":37},"end":{"line":108,"column":null}},"line":105}},"branchMap":{"0":{"loc":{"start":{"line":85,"column":11},"end":{"line":142,"column":null}},"type":"binary-expr","locations":[{"start":{"line":85,"column":11},"end":{"line":85,"column":null}},{"start":{"line":86,"column":12},"end":{"line":142,"column":null}}],"line":85},"1":{"loc":{"start":{"line":90,"column":26},"end":{"line":90,"column":null}},"type":"cond-expr","locations":[{"start":{"line":90,"column":42},"end":{"line":90,"column":48}},{"start":{"line":90,"column":48},"end":{"line":90,"column":null}}],"line":90},"2":{"loc":{"start":{"line":93,"column":22},"end":{"line":93,"column":null}},"type":"binary-expr","locations":[{"start":{"line":93,"column":22},"end":{"line":93,"column":39}},{"start":{"line":93,"column":39},"end":{"line":93,"column":null}}],"line":93},"3":{"loc":{"start":{"line":145,"column":11},"end":{"line":153,"column":null}},"type":"binary-expr","locations":[{"start":{"line":145,"column":11},"end":{"line":145,"column":null}},{"start":{"line":146,"column":12},"end":{"line":153,"column":null}}],"line":145}},"s":{"0":0,"1":0,"2":0,"3":0,"4":0,"5":0,"6":0,"7":0,"8":0,"9":0,"10":0},"f":{"0":0,"1":0,"2":0,"3":0},"b":{"0":[0,0],"1":[0,0],"2":[0,0],"3":[0,0]},"meta":{"lastBranch":4,"lastFunction":4,"lastStatement":11,"seen":{"f:39:16:39:26":0,"s:48:34:48:Infinity":0,"s:49:8:49:Infinity":1,"s:50:48:50:Infinity":2,"s:52:24:56:Infinity":3,"f:52:24:52:36":1,"s:53:4:53:Infinity":4,"s:54:4:54:Infinity":5,"s:55:4:55:Infinity":6,"s:58:2:163:Infinity":7,"b:85:11:85:Infinity:86:12:142:Infinity":0,"f:87:25:87:26":2,"s:88:16:98:Infinity":8,"b:90:42:90:48:90:48:90:Infinity":1,"b:93:22:93:39:93:39:93:Infinity":2,"f:105:31:105:37":3,"s:106:24:106:Infinity":9,"s:107:24:107:Infinity":10,"b:145:11:145:Infinity:146:12:153:Infinity":3}}}
,"/Users/tsurette/repos/personal/groupi/packages/web/components/mode-toggle.tsx": {"path":"/Users/tsurette/repos/personal/groupi/packages/web/components/mode-toggle.tsx","statementMap":{"0":{"start":{"line":15,"column":19},"end":{"line":15,"column":null}},"1":{"start":{"line":17,"column":2},"end":{"line":37,"column":null}},"2":{"start":{"line":27,"column":41},"end":{"line":27,"column":60}},"3":{"start":{"line":30,"column":41},"end":{"line":30,"column":59}},"4":{"start":{"line":33,"column":41},"end":{"line":33,"column":61}}},"fnMap":{"0":{"name":"ModeToggle","decl":{"start":{"line":14,"column":16},"end":{"line":14,"column":29}},"loc":{"start":{"line":14,"column":29},"end":{"line":39,"column":null}},"line":14},"1":{"name":"(anonymous_1)","decl":{"start":{"line":27,"column":35},"end":{"line":27,"column":41}},"loc":{"start":{"line":27,"column":41},"end":{"line":27,"column":60}},"line":27},"2":{"name":"(anonymous_2)","decl":{"start":{"line":30,"column":35},"end":{"line":30,"column":41}},"loc":{"start":{"line":30,"column":41},"end":{"line":30,"column":59}},"line":30},"3":{"name":"(anonymous_3)","decl":{"start":{"line":33,"column":35},"end":{"line":33,"column":41}},"loc":{"start":{"line":33,"column":41},"end":{"line":33,"column":61}},"line":33}},"branchMap":{},"s":{"0":7,"1":7,"2":1,"3":1,"4":1},"f":{"0":7,"1":1,"2":1,"3":1},"b":{},"meta":{"lastBranch":0,"lastFunction":4,"lastStatement":5,"seen":{"f:14:16:14:29":0,"s:15:19:15:Infinity":0,"s:17:2:37:Infinity":1,"f:27:35:27:41":1,"s:27:41:27:60":2,"f:30:35:30:41":2,"s:30:41:30:59":3,"f:33:35:33:41":3,"s:33:41:33:61":4}}}
,"/Users/tsurette/repos/personal/groupi/packages/web/components/mutual-events-dialog.tsx": {"path":"/Users/tsurette/repos/personal/groupi/packages/web/components/mutual-events-dialog.tsx","statementMap":{"0":{"start":{"line":27,"column":24},"end":{"line":27,"column":null}},"1":{"start":{"line":28,"column":24},"end":{"line":28,"column":null}},"2":{"start":{"line":31,"column":8},"end":{"line":31,"column":null}},"3":{"start":{"line":34,"column":20},"end":{"line":34,"column":null}},"4":{"start":{"line":42,"column":32},"end":{"line":42,"column":null}},"5":{"start":{"line":44,"column":2},"end":{"line":112,"column":null}},"6":{"start":{"line":65,"column":14},"end":{"line":101,"column":null}},"7":{"start":{"line":68,"column":31},"end":{"line":68,"column":null}},"8":{"start":{"line":107,"column":49},"end":{"line":107,"column":70}}},"fnMap":{"0":{"name":"MutualEventsDialog","decl":{"start":{"line":22,"column":16},"end":{"line":22,"column":35}},"loc":{"start":{"line":26,"column":28},"end":{"line":114,"column":null}},"line":26},"1":{"name":"(anonymous_1)","decl":{"start":{"line":64,"column":24},"end":{"line":64,"column":null}},"loc":{"start":{"line":65,"column":14},"end":{"line":101,"column":null}},"line":65},"2":{"name":"(anonymous_2)","decl":{"start":{"line":68,"column":25},"end":{"line":68,"column":31}},"loc":{"start":{"line":68,"column":31},"end":{"line":68,"column":null}},"line":68},"3":{"name":"(anonymous_3)","decl":{"start":{"line":107,"column":43},"end":{"line":107,"column":49}},"loc":{"start":{"line":107,"column":49},"end":{"line":107,"column":70}},"line":107}},"branchMap":{"0":{"loc":{"start":{"line":42,"column":32},"end":{"line":42,"column":null}},"type":"binary-expr","locations":[{"start":{"line":42,"column":32},"end":{"line":42,"column":52}},{"start":{"line":42,"column":52},"end":{"line":42,"column":null}}],"line":42},"1":{"loc":{"start":{"line":52,"column":9},"end":{"line":103,"column":null}},"type":"cond-expr","locations":[{"start":{"line":53,"column":10},"end":{"line":55,"column":null}},{"start":{"line":56,"column":12},"end":{"line":103,"column":null}}],"line":52},"2":{"loc":{"start":{"line":52,"column":9},"end":{"line":52,"column":null}},"type":"binary-expr","locations":[{"start":{"line":52,"column":9},"end":{"line":52,"column":22}},{"start":{"line":52,"column":22},"end":{"line":52,"column":null}}],"line":52},"3":{"loc":{"start":{"line":56,"column":12},"end":{"line":103,"column":null}},"type":"cond-expr","locations":[{"start":{"line":57,"column":10},"end":{"line":61,"column":null}},{"start":{"line":63,"column":10},"end":{"line":103,"column":null}}],"line":56},"4":{"loc":{"start":{"line":74,"column":19},"end":{"line":80,"column":null}},"type":"binary-expr","locations":[{"start":{"line":74,"column":19},"end":{"line":74,"column":null}},{"start":{"line":75,"column":20},"end":{"line":80,"column":null}}],"line":74},"5":{"loc":{"start":{"line":84,"column":21},"end":{"line":97,"column":null}},"type":"cond-expr","locations":[{"start":{"line":85,"column":22},"end":{"line":93,"column":null}},{"start":{"line":95,"column":22},"end":{"line":97,"column":null}}],"line":84}},"s":{"0":0,"1":0,"2":0,"3":0,"4":0,"5":0,"6":0,"7":0,"8":0},"f":{"0":0,"1":0,"2":0,"3":0},"b":{"0":[0,0],"1":[0,0],"2":[0,0],"3":[0,0],"4":[0,0],"5":[0,0]},"meta":{"lastBranch":6,"lastFunction":4,"lastStatement":9,"seen":{"f:22:16:22:35":0,"s:27:24:27:Infinity":0,"s:28:24:28:Infinity":1,"s:31:8:31:Infinity":2,"s:34:20:34:Infinity":3,"s:42:32:42:Infinity":4,"b:42:32:42:52:42:52:42:Infinity":0,"s:44:2:112:Infinity":5,"b:53:10:55:Infinity:56:12:103:Infinity":1,"b:52:9:52:22:52:22:52:Infinity":2,"b:57:10:61:Infinity:63:10:103:Infinity":3,"f:64:24:64:Infinity":1,"s:65:14:101:Infinity":6,"f:68:25:68:31":2,"s:68:31:68:Infinity":7,"b:74:19:74:Infinity:75:20:80:Infinity":4,"b:85:22:93:Infinity:95:22:97:Infinity":5,"f:107:43:107:49":3,"s:107:49:107:70":8}}}
,"/Users/tsurette/repos/personal/groupi/packages/web/components/navigation-wrapper.tsx": {"path":"/Users/tsurette/repos/personal/groupi/packages/web/components/navigation-wrapper.tsx","statementMap":{"0":{"start":{"line":16,"column":2},"end":{"line":16,"column":null}}},"fnMap":{"0":{"name":"NavigationWrapper","decl":{"start":{"line":15,"column":16},"end":{"line":15,"column":34}},"loc":{"start":{"line":15,"column":67},"end":{"line":17,"column":null}},"line":15}},"branchMap":{},"s":{"0":0},"f":{"0":0},"b":{},"meta":{"lastBranch":0,"lastFunction":1,"lastStatement":1,"seen":{"f:15:16:15:34":0,"s:16:2:16:Infinity":0}}}
,"/Users/tsurette/repos/personal/groupi/packages/web/components/navigation.tsx": {"path":"/Users/tsurette/repos/personal/groupi/packages/web/components/navigation.tsx","statementMap":{"0":{"start":{"line":25,"column":2},"end":{"line":29,"column":null}},"1":{"start":{"line":27,"column":20},"end":{"line":27,"column":null}},"2":{"start":{"line":28,"column":4},"end":{"line":28,"column":null}},"3":{"start":{"line":31,"column":0},"end":{"line":31,"column":null}},"4":{"start":{"line":48,"column":2},"end":{"line":91,"column":null}},"5":{"start":{"line":97,"column":22},"end":{"line":97,"column":null}},"6":{"start":{"line":97,"column":44},"end":{"line":97,"column":66}},"7":{"start":{"line":98,"column":21},"end":{"line":98,"column":null}},"8":{"start":{"line":98,"column":43},"end":{"line":98,"column":65}},"9":{"start":{"line":100,"column":2},"end":{"line":138,"column":null}},"10":{"start":{"line":108,"column":14},"end":{"line":117,"column":null}},"11":{"start":{"line":123,"column":16},"end":{"line":132,"column":null}},"12":{"start":{"line":143,"column":8},"end":{"line":143,"column":null}},"13":{"start":{"line":145,"column":2},"end":{"line":157,"column":null}},"14":{"start":{"line":146,"column":4},"end":{"line":155,"column":null}},"15":{"start":{"line":160,"column":36},"end":{"line":160,"column":null}},"16":{"start":{"line":163,"column":22},"end":{"line":163,"column":null}},"17":{"start":{"line":163,"column":44},"end":{"line":163,"column":66}},"18":{"start":{"line":164,"column":21},"end":{"line":164,"column":null}},"19":{"start":{"line":164,"column":43},"end":{"line":164,"column":65}},"20":{"start":{"line":167,"column":19},"end":{"line":167,"column":null}},"21":{"start":{"line":169,"column":2},"end":{"line":178,"column":null}},"22":{"start":{"line":183,"column":8},"end":{"line":183,"column":null}},"23":{"start":{"line":185,"column":2},"end":{"line":187,"column":null}},"24":{"start":{"line":186,"column":4},"end":{"line":186,"column":null}},"25":{"start":{"line":190,"column":36},"end":{"line":190,"column":null}},"26":{"start":{"line":192,"column":2},"end":{"line":200,"column":null}}},"fnMap":{"0":{"name":"initApi","decl":{"start":{"line":24,"column":9},"end":{"line":24,"column":19}},"loc":{"start":{"line":24,"column":19},"end":{"line":30,"column":null}},"line":24},"1":{"name":"Navigation","decl":{"start":{"line":47,"column":16},"end":{"line":47,"column":27}},"loc":{"start":{"line":47,"column":60},"end":{"line":93,"column":null}},"line":47},"2":{"name":"NavigationLinks","decl":{"start":{"line":95,"column":9},"end":{"line":95,"column":25}},"loc":{"start":{"line":95,"column":63},"end":{"line":140,"column":null}},"line":95},"3":{"name":"(anonymous_3)","decl":{"start":{"line":97,"column":36},"end":{"line":97,"column":44}},"loc":{"start":{"line":97,"column":44},"end":{"line":97,"column":66}},"line":97},"4":{"name":"(anonymous_4)","decl":{"start":{"line":98,"column":35},"end":{"line":98,"column":43}},"loc":{"start":{"line":98,"column":43},"end":{"line":98,"column":65}},"line":98},"5":{"name":"(anonymous_5)","decl":{"start":{"line":107,"column":29},"end":{"line":107,"column":30}},"loc":{"start":{"line":108,"column":14},"end":{"line":117,"column":null}},"line":108},"6":{"name":"(anonymous_6)","decl":{"start":{"line":122,"column":31},"end":{"line":122,"column":32}},"loc":{"start":{"line":123,"column":16},"end":{"line":132,"column":null}},"line":123},"7":{"name":"MobileNavigation","decl":{"start":{"line":142,"column":9},"end":{"line":142,"column":26}},"loc":{"start":{"line":142,"column":64},"end":{"line":180,"column":null}},"line":142},"8":{"name":"(anonymous_8)","decl":{"start":{"line":163,"column":36},"end":{"line":163,"column":44}},"loc":{"start":{"line":163,"column":44},"end":{"line":163,"column":66}},"line":163},"9":{"name":"(anonymous_9)","decl":{"start":{"line":164,"column":35},"end":{"line":164,"column":43}},"loc":{"start":{"line":164,"column":43},"end":{"line":164,"column":65}},"line":164},"10":{"name":"UserProfile","decl":{"start":{"line":182,"column":9},"end":{"line":182,"column":23}},"loc":{"start":{"line":182,"column":23},"end":{"line":202,"column":null}},"line":182}},"branchMap":{"0":{"loc":{"start":{"line":25,"column":2},"end":{"line":29,"column":null}},"type":"if","locations":[{"start":{"line":25,"column":2},"end":{"line":29,"column":null}},{"start":{},"end":{}}],"line":25},"1":{"loc":{"start":{"line":28,"column":18},"end":{"line":28,"column":null}},"type":"binary-expr","locations":[{"start":{"line":28,"column":18},"end":{"line":28,"column":39}},{"start":{"line":28,"column":39},"end":{"line":28,"column":null}}],"line":28},"2":{"loc":{"start":{"line":102,"column":7},"end":{"line":137,"column":null}},"type":"cond-expr","locations":[{"start":{"line":103,"column":8},"end":{"line":136,"column":null}},{"start":{"line":137,"column":10},"end":{"line":137,"column":null}}],"line":102},"3":{"loc":{"start":{"line":145,"column":2},"end":{"line":157,"column":null}},"type":"if","locations":[{"start":{"line":145,"column":2},"end":{"line":157,"column":null}},{"start":{},"end":
[...]
:{"line":167,"column":4},"end":{"line":168,"column":null}},{"start":{"line":169,"column":4},"end":{"line":170,"column":null}},{"start":{"line":171,"column":4},"end":{"line":172,"column":null}}],"line":164},"25":{"loc":{"start":{"line":179,"column":2},"end":{"line":179,"column":null}},"type":"default-arg","locations":[{"start":{"line":179,"column":14},"end":{"line":179,"column":null}}],"line":179},"26":{"loc":{"start":{"line":184,"column":4},"end":{"line":184,"column":null}},"type":"cond-expr","locations":[{"start":{"line":184,"column":47},"end":{"line":184,"column":54}},{"start":{"line":184,"column":54},"end":{"line":184,"column":null}}],"line":184},"27":{"loc":{"start":{"line":198,"column":9},"end":{"line":202,"column":null}},"type":"cond-expr","locations":[{"start":{"line":199,"column":12},"end":{"line":199,"column":null}},{"start":{"line":200,"column":12},"end":{"line":202,"column":null}}],"line":198},"28":{"loc":{"start":{"line":200,"column":12},"end":{"line":202,"column":null}},"type":"cond-expr","locations":[{"start":{"line":201,"column":14},"end":{"line":201,"column":null}},{"start":{"line":202,"column":14},"end":{"line":202,"column":null}}],"line":200},"29":{"loc":{"start":{"line":215,"column":4},"end":{"line":218,"column":null}},"type":"if","locations":[{"start":{"line":215,"column":4},"end":{"line":218,"column":null}},{"start":{},"end":{}}],"line":215},"30":{"loc":{"start":{"line":215,"column":8},"end":{"line":215,"column":49}},"type":"binary-expr","locations":[{"start":{"line":215,"column":8},"end":{"line":215,"column":21}},{"start":{"line":215,"column":21},"end":{"line":215,"column":49}}],"line":215},"31":{"loc":{"start":{"line":241,"column":4},"end":{"line":241,"column":null}},"type":"if","locations":[{"start":{"line":241,"column":4},"end":{"line":241,"column":null}},{"start":{},"end":{}}],"line":241},"32":{"loc":{"start":{"line":242,"column":11},"end":{"line":242,"column":null}},"type":"binary-expr","locations":[{"start":{"line":242,"column":11},"end":{"line":242,"column":31}},{"start":{"line":242,"column":31},"end":{"line":242,"column":67}},{"start":{"line":242,"column":67},"end":{"line":242,"column":null}}],"line":242},"33":{"loc":{"start":{"line":245,"column":2},"end":{"line":286,"column":null}},"type":"switch","locations":[{"start":{"line":246,"column":4},"end":{"line":247,"column":null}},{"start":{"line":249,"column":4},"end":{"line":250,"column":null}},{"start":{"line":252,"column":4},"end":{"line":253,"column":null}},{"start":{"line":255,"column":4},"end":{"line":256,"column":null}},{"start":{"line":258,"column":4},"end":{"line":259,"column":null}},{"start":{"line":261,"column":4},"end":{"line":262,"column":null}},{"start":{"line":264,"column":4},"end":{"line":265,"column":null}},{"start":{"line":267,"column":4},"end":{"line":268,"column":null}},{"start":{"line":270,"column":4},"end":{"line":271,"column":null}},{"start":{"line":273,"column":4},"end":{"line":274,"column":null}},{"start":{"line":276,"column":4},"end":{"line":277,"column":null}},{"start":{"line":279,"column":4},"end":{"line":282,"column":null}},{"start":{"line":284,"column":4},"end":{"line":285,"column":null}}],"line":245},"34":{"loc":{"start":{"line":247,"column":31},"end":{"line":247,"column":54}},"type":"binary-expr","locations":[{"start":{"line":247,"column":31},"end":{"line":247,"column":47}},{"start":{"line":247,"column":47},"end":{"line":247,"column":54}}],"line":247},"35":{"loc":{"start":{"line":250,"column":29},"end":{"line":250,"column":52}},"type":"binary-expr","locations":[{"start":{"line":250,"column":29},"end":{"line":250,"column":45}},{"start":{"line":250,"column":45},"end":{"line":250,"column":52}}],"line":250},"36":{"loc":{"start":{"line":253,"column":33},"end":{"line":253,"column":56}},"type":"binary-expr","locations":[{"start":{"line":253,"column":33},"end":{"line":253,"column":49}},{"start":{"line":253,"column":49},"end":{"line":253,"column":56}}],"line":253},"37":{"loc":{"start":{"line":256,"column":34},"end":{"line":256,"column":57}},"type":"binary-expr","locations":[{"start":{"line":256,"column":34},"end":{"line":256,"column":50}},{"start":{"line":256,"column":50},"end":{"line":256,"column":57}}],"line":256},"38":{"loc":{"start":{"line":259,"column":28},"end":{"line":259,"column":51}},"type":"binary-expr","locations":[{"start":{"line":259,"column":28},"end":{"line":259,"column":44}},{"start":{"line":259,"column":44},"end":{"line":259,"column":51}}],"line":259},"39":{"loc":{"start":{"line":259,"column":56},"end":{"line":259,"column":77}},"type":"binary-expr","locations":[{"start":{"line":259,"column":56},"end":{"line":259,"column":71}},{"start":{"line":259,"column":71},"end":{"line":259,"column":77}}],"line":259},"40":{"loc":{"start":{"line":262,"column":29},"end":{"line":262,"column":50}},"type":"binary-expr","locations":[{"start":{"line":262,"column":29},"end":{"line":262,"column":44}},{"start":{"line":262,"column":44},"end":{"line":262,"column":50}}],"line":262},"41":{"loc":{"start":{"line":265,"column":52},"end":{"line":265,"column":73}},"type":"binary-expr","locations":[{"start":{"line":265,"column":52},"end":{"line":265,"column":67}},{"start":{"line":265,"column":67},"end":{"line":265,"column":73}}],"line":265},"42":{"loc":{"start":{"line":268,"column":42},"end":{"line":268,"column":65}},"type":"binary-expr","locations":[{"start":{"line":268,"column":42},"end":{"line":268,"column":58}},{"start":{"line":268,"column":58},"end":{"line":268,"column":65}}],"line":268},"43":{"loc":{"start":{"line":271,"column":40},"end":{"line":271,"column":63}},"type":"binary-expr","locations":[{"start":{"line":271,"column":40},"end":{"line":271,"column":56}},{"start":{"line":271,"column":56},"end":{"line":271,"column":63}}],"line":271},"44":{"loc":{"start":{"line":274,"column":42},"end":{"line":274,"column":65}},"type":"binary-expr","locations":[{"start":{"line":274,"column":42},"end":{"line":274,"column":58}},{"start":{"line":274,"column":58},"end":{"line":274,"column":65}}],"line":274},"45":{"loc":{"start":{"line":277,"column":45},"end":{"line":277,"column":68}},"type":"binary-expr","locations":[{"start":{"line":277,"column":45},"end":{"line":277,"column":61}},{"start":{"line":277,"column":61},"end":{"line":277,"column":68}}],"line":277},"46":{"loc":{"start":{"line":280,"column":25},"end":{"line":280,"column":null}},"type":"cond-expr","locations":[{"start":{"line":280,"column":32},"end":{"line":280,"column":53}},{"start":{"line":280,"column":53},"end":{"line":280,"column":null}}],"line":280},"47":{"loc":{"start":{"line":281,"column":59},"end":{"line":281,"column":82}},"type":"binary-expr","locations":[{"start":{"line":281,"column":59},"end":{"line":281,"column":75}},{"start":{"line":281,"column":75},"end":{"line":281,"column":82}}],"line":281},"48":{"loc":{"start":{"line":285,"column":34},"end":{"line":285,"column":58}},"type":"binary-expr","locations":[{"start":{"line":285,"column":34},"end":{"line":285,"column":50}},{"start":{"line":285,"column":50},"end":{"line":285,"column":58}}],"line":285}},"s":{"0":20,"1":20,"2":20,"3":20,"4":1,"5":19,"6":19,"7":1,"8":18,"9":18,"10":1,"11":17,"12":17,"13":2,"14":15,"15":15,"16":2,"17":13,"18":12,"19":1,"20":5,"21":5,"22":5,"23":5,"24":5,"25":5,"26":5,"27":2,"28":3,"29":2,"30":1,"31":8,"32":8,"33":8,"34":8,"35":1,"36":7,"37":7,"38":1,"39":6,"40":6,"41":1,"42":5,"43":5,"44":2,"45":3,"46":3,"47":1,"48":2,"49":1,"50":1,"51":27,"52":6,"53":21,"54":40,"55":21,"56":12,"57":9,"58":5,"59":2,"60":3,"61":1,"62":1,"63":1,"64":0,"65":0,"66":0,"67":0,"68":0,"69":0,"70":0,"71":0,"72":16,"73":6,"74":6,"75":9,"76":20,"77":6,"78":3,"79":6,"80":8,"81":6,"82":3,"83":3,"84":3,"85":3,"86":3,"87":6,"88":2,"89":2,"90":6,"91":16,"92":16,"93":6,"94":1,"95":5,"96":16,"97":2,"98":1,"99":1,"100":1,"101":1,"102":1,"103":1,"104":3,"105":1,"106":1,"107":1,"108":1,"109":1,"110":1},"f":{"0":20,"1":5,"2":8,"3":27,"4":40,"5":5,"6":0,"7":6,"8":16,"9":9,"10":20,"11":3,"12":6,"13":8,"14":3,"15":6,"16":16,"17":6},"b":{"0":[7,13],"1":[1,19],"2":[1,18],"3":[1,17],"4":[2,15],"5":[2,13],"6":[12,1],"7":[3,2],"8":[2,3],"9":[2,1],"10":[3,2],"11":[7,1],"12":[1,7],"13":[1,6],"14":[1,5],"15":[2,3],"16":[1,2],"17":[1,1],"18":[6,21],"19":[6,3],"20":[12,9],"21":[2,3],"22":[3,1,1,0],"23":[0,0],"24":[0,0,0,0],"25":[16],"26":[2,7],"27":[5,3],"28":[1,2],"29":[2,4],"30":[6,3],"31":[1,5],"32":[5,1,0],"33":[2,1,1,1,1,1,1,3,1,1,1,1,1],"34":[2,1],"35":[1,0],"36":[1,0],"37":[1,0],"38":[1,0],"39":[1,0],"40":[1,0],"41":[1,0],"42":[3,0],"43":[1,0],"44":[1,0],"45":[1,0],"46":[1,0],"47":[1,0],"48":[1,0]},"meta":{"lastBranch":49,"lastFunction":18,"lastStatement":111,"seen":{"f:18:16:18:27":0,"s:20:18:20:Infinity":0,"b:20:41:20:48:20:48:20:Infinity":0,"s:21:18:21:Infinity":1,"s:23:17:23:Infinity":2,"b:25:2:27:Infinity:undefined:undefined:undefined:undefined":1,"s:25:2:27:Infinity":3,"s:26:4:26:Infinity":4,"s:28:2:28:Infinity":5,"b:29:2:31:Infinity:undefined:undefined:undefined:undefined":2,"s:29:2:31:Infinity":6,"s:30:4:30:Infinity":7,"s:32:2:32:Infinity":8,"b:33:2:35:Infinity:undefined:undefined:undefined:undefined":3,"s:33:2:35:Infinity":9,"s:34:4:34:Infinity":10,"s:36:2:36:Infinity":11,"b:37:2:39:Infinity:undefined:undefined:undefined:undefined":4,"s:37:2:39:Infinity":12,"s:38:4:38:Infinity":13,"s:40:2:40:Infinity":14,"b:41:2:43:Infinity:undefined:undefined:undefined:undefined":5,"s:41:2:43:Infinity":15,"s:42:4:42:Infinity":16,"b:44:2:46:Infinity:undefined:undefined:undefined:undefined":6,"s:44:2:46:Infinity":17,"s:45:4:45:Infinity":18,"s:47:2:47:Infinity":19,"f:56:16:56:32":1,"s:58:18:58:Infinity":20,"b:58:41:58:48:58:48:58:Infinity":7,"s:59:14:59:Infinity":21,"s:62:23:66:Infinity":22,"s:69:27:69:Infinity":23,"s:70:2:70:Infinity":24,"s:73:18:77:Infinity":25,"b:80:2:82:Infinity:undefined:undefined:undefined:undefined":8,"s:80:2:82:Infinity":26,"s:81:4:81:Infinity":27,"b:85:2:87:Infinity:undefined:undefined:undefined:undefined":9,"s:85:2:87:Infinity":28,"b:85:6:85:37:85:37:85:61":10,"s:86:4:86:Infinity":29,"s:90:2:94:Infinity":30,"f:97:16:97:26":2,"s:99:18:99:Infinity":31,"b:99:41:99:48:99:48:99:Infinity":11,"s:100:18:100:Infinity":32,"s:102:17:102:Infinity":33,"b:104:2:106:Infinity:undefined:undefined:undefined:undefined":12,"s:104:2:106:Infinity":34,"s:105:4:105:Infinity":35,"s:107:2:107:Infinity":36,"b:108:2:110:Infinity:undefined:undefined:undefined:undefined":13,"s:108:2:110:Infinity":37,"s:109:4:109:Infinity":38,"s:111:2:111:Infinity":39,"b:112:2:114:Infinity:undefined:undefined:undefined:undefined":14,"s:112:2:114:Infinity":40,"s:113:4:113:Infinity":41,"s:115:2:115:Infinity":42,"b:116:2:118:Infinity:undefined:undefined:undefined:undefined":15,"s:116:2:118:Infinity":43,"s:117:4:117:Infinity":44,"s:119:2:119:Infinity":45,"b:120:2:122:Infinity:undefined:undefined:undefined:undefined":16,"s:120:2:122:Infinity":46,"s:121:4:121:Infinity":47,"b:123:2:125:Infinity:undefined:undefined:undefined:undefined":17,"s:123:2:125:Infinity":48,"s:124:4:124:Infinity":49,"s:126:2:126:Infinity":50,"f:130:16:130:Infinity":3,"b:134:2:136:Infinity:undefined:undefined:undefined:undefined":18,"s:134:2:136:Infinity":51,"s:135:4:135:Infinity":52,"b:135:11:135:50:135:50:135:Infinity":19,"s:137:16:137:Infinity":53,"f:137:39:137:44":4,"s:137:44:137:45":54,"b:138:2:140:Infinity:undefined:undefined:undefined:undefined":20,"s:138:2:140:Infinity":55,"s:139:4:139:Infinity":56,"s:141:2:141:Infinity":57,"f:144:16:144:31":5,"b:145:2:147:Infinity:undefined:undefined:undefined:undefined":21,"s:145:2:147:Infinity":58,"s:146:4:146:Infinity":59,"b:149:4:150:Infinity:151:4:152:Infinity:153:4:154:Infinity:155:4:156:Infinity":22,"s:148:2:157:Infinity":60,"s:150:6:150:Infinity":61,"s:152:6:152:Infinity":62,"s:154:6:154:Infinity":63,"s:156:6:156:Infinity":64,"f:160:16:160:32":6,"b:161:2:163:Infinity:undefined:undefined:undefined:undefined":23,"s:161:2:163:Infinity":65,"s:162:4:162:Infinity":66,"b:165:4:166:Infinity:167:4:168:Infinity:169:4:170:Infinity:171:4:172:Infinity":24,"s:164:2:173:Infinity":67,"s:166:6:166:Infinity":68,"s:168:6:168:Infinity":69,"s:170:6:170:Infinity":70,"s:172:6:172:Infinity":71,"f:176:16:176:Infinity":7,"b:179:14:179:Infinity":25,"f:179:14:179:15":8,"s:179:30:179:Infinity":72,"s:181:12:181:Infinity":73,"s:183:2:185:Infinity":74,"f:183:12:183:13":9,"s:184:4:184:Infinity":75,"b:184:47:184:54:184:54:184:Infinity":26,"f:184:11:184:20":10,"s:184:20:184:43":76,"s:186:2:186:Infinity":77,"f:192:16:192:97":11,"s:194:19:206:Infinity":78,"f:194:28:194:35":12,"s:195:18:204:Infinity":79,"f:195:44:195:45":13,"s:196:6:202:Infinity":80,"b:199:12:199:Infinity:200:12:202:Infinity":27,"b:201:14:201:Infinity:202:14:202:Infinity":28,"s:205:4:205:Infinity":81,"s:209:2:209:Infinity":82,"f:209:16:209:17":14,"s:209:26:209:43":83,"s:212:13:212:Infinity":84,"s:213:22:213:Infinity":85,"s:214:2:223:Infinity":86,"f:214:22:214:23":15,"b:215:4:218:Infinity:undefined:undefined:undefined:undefined":29,"s:215:4:218:Infinity":87,"b:215:8:215:21:215:21:215:49":30,"s:216:6:216:Infinity":88,"s:217:6:217:Infinity":89,"s:219:4:222:Infinity":90,"f:234:16:234:Infinity":16,"s:237:46:237:Infinity":91,"s:240:24:243:Infinity":92,"f:240:24:240:30":17,"b:241:4:241:Infinity:undefined:undefined:undefined:undefined":31,"s:241:4:241:Infinity":93,"s:241:23:241:Infinity":94,"s:242:4:242:Infinity":95,"b:242:11:242:31:242:31:242:67:242:67:242:Infinity":32,"b:246:4:247:Infinity:249:4:250:Infinity:252:4:253:Infinity:255:4:256:Infinity:258:4:259:Infinity:261:4:262:Infinity:264:4:265:Infinity:267:4:268:Infinity:270:4:271:Infinity:273:4:274:Infinity:276:4:277:Infinity:279:4:282:Infinity:284:4:285:Infinity":33,"s:245:2:286:Infinity":96,"s:247:6:247:Infinity":97,"b:247:31:247:47:247:47:247:54":34,"s:250:6:250:Infinity":98,"b:250:29:250:45:250:45:250:52":35,"s:253:6:253:Infinity":99,"b:253:33:253:49:253:49:253:56":36,"s:256:6:256:Infinity":100,"b:256:34:256:50:256:50:256:57":37,"s:259:6:259:Infinity":101,"b:259:28:259:44:259:44:259:51":38,"b:259:56:259:71:259:71:259:77":39,"s:262:6:262:Infinity":102,"b:262:29:262:44:262:44:262:50":40,"s:265:6:265:Infinity":103,"b:265:52:265:67:265:67:265:73":41,"s:268:6:268:Infinity":104,"b:268:42:268:58:268:58:268:65":42,"s:271:6:271:Infinity":105,"b:271:40:271:56:271:56:271:63":43,"s:274:6:274:Infinity":106,"b:274:42:274:58:274:58:274:65":44,"s:277:6:277:Infinity":107,"b:277:45:277:61:277:61:277:68":45,"s:280:25:280:Infinity":108,"b:280:32:280:53:280:53:280:Infinity":46,"s:281:6:281:Infinity":109,"b:281:59:281:75:281:75:281:82":47,"s:285:6:285:Infinity":110,"b:285:34:285:50:285:50:285:58":48}}}
,"/Users/tsurette/repos/personal/groupi/packages/web/lib/utils/toast.ts": {"path":"/Users/tsurette/repos/personal/groupi/packages/web/lib/utils/toast.ts","statementMap":{"0":{"start":{"line":14,"column":2},"end":{"line":22,"column":null}},"1":{"start":{"line":15,"column":4},"end":{"line":17,"column":null}},"2":{"start":{"line":19,"column":4},"end":{"line":21,"column":null}},"3":{"start":{"line":27,"column":2},"end":{"line":30,"column":null}},"4":{"start":{"line":29,"column":19},"end":{"line":29,"column":null}}},"fnMap":{"0":{"name":"toast","decl":{"start":{"line":9,"column":16},"end":{"line":9,"column":22}},"loc":{"start":{"line":13,"column":17},"end":{"line":23,"column":null}},"line":13},"1":{"name":"useToast","decl":{"start":{"line":26,"column":16},"end":{"line":26,"column":27}},"loc":{"start":{"line":26,"column":27},"end":{"line":31,"column":null}},"line":26},"2":{"name":"(anonymous_2)","decl":{"start":{"line":29,"column":13},"end":{"line":29,"column":19}},"loc":{"start":{"line":29,"column":19},"end":{"line":29,"column":null}},"line":29}},"branchMap":{"0":{"loc":{"start":{"line":12,"column":2},"end":{"line":12,"column":null}},"type":"default-arg","locations":[{"start":{"line":12,"column":12},"end":{"line":12,"column":null}}],"line":12},"1":{"loc":{"start":{"line":14,"column":2},"end":{"line":22,"column":null}},"type":"if","locations":[{"start":{"line":14,"column":2},"end":{"line":22,"column":null}},{"start":{"line":18,"column":9},"end":{"line":22,"column":null}}],"line":14},"2":{"loc":{"start":{"line":15,"column":22},"end":{"line":15,"column":40}},"type":"binary-expr","locations":[{"start":{"line":15,"column":22},"end":{"line":15,"column":31}},{"start":{"line":15,"column":31},"end":{"line":15,"column":40}}],"line":15},"3":{"loc":{"start":{"line":19,"column":24},"end":{"line":19,"column":44}},"type":"binary-expr","locations":[{"start":{"line":19,"column":24},"end":{"line":19,"column":33}},{"start":{"line":19,"column":33},"end":{"line":19,"column":44}}],"line":19}},"s":{"0":8,"1":3,"2":5,"3":3,"4":1},"f":{"0":8,"1":3,"2":1},"b":{"0":[8],"1":[3,5],"2":[3,1],"3":[5,1]},"meta":{"lastBranch":4,"lastFunction":3,"lastStatement":5,"seen":{"f:9:16:9:22":0,"b:12:12:12:Infinity":0,"b:14:2:22:Infinity:18:9:22:Infinity":1,"s:14:2:22:Infinity":0,"s:15:4:17:Infinity":1,"b:15:22:15:31:15:31:15:40":2,"s:19:4:21:Infinity":2,"b:19:24:19:33:19:33:19:44":3,"f:26:16:26:27":1,"s:27:2:30:Infinity":3,"f:29:13:29:19":2,"s:29:19:29:Infinity":4}}}
,"/Users/tsurette/repos/personal/groupi/packages/web/lib/validation/post.ts": {"path":"/Users/tsurette/repos/personal/groupi/packages/web/lib/validation/post.ts","statementMap":{"0":{"start":{"line":3,"column":31},"end":{"line":9,"column":null}}},"fnMap":{},"branchMap":{},"s":{"0":1},"f":{},"b":{},"meta":{"lastBranch":0,"lastFunction":0,"lastStatement":1,"seen":{"s:3:31:9:Infinity":0}}}
,"/Users/tsurette/repos/personal/groupi/packages/web/stores/filter-sort-store.ts": {"path":"/Users/tsurette/repos/personal/groupi/packages/web/stores/filter-sort-store.ts","statementMap":{"0":{"start":{"line":15,"column":13},"end":{"line":20,"column":null}},"1":{"start":{"line":15,"column":66},"end":{"line":20,"column":2}},"2":{"start":{"line":18,"column":22},"end":{"line":18,"column":null}},"3":{"start":{"line":19,"column":22},"end":{"line":19,"column":null}}},"fnMap":{"0":{"name":"(anonymous_0)","decl":{"start":{"line":15,"column":58},"end":{"line":15,"column":66}},"loc":{"start":{"line":15,"column":66},"end":{"line":20,"column":2}},"line":15},"1":{"name":"(anonymous_1)","decl":{"start":{"line":18,"column":13},"end":{"line":18,"column":22}},"loc":{"start":{"line":18,"column":22},"end":{"line":18,"column":null}},"line":18},"2":{"name":"(anonymous_2)","decl":{"start":{"line":19,"column":13},"end":{"line":19,"column":22}},"loc":{"start":{"line":19,"column":22},"end":{"line":19,"column":null}},"line":19}},"branchMap":{},"s":{"0":1,"1":1,"2":16,"3":14},"f":{"0":1,"1":16,"2":14},"b":{},"meta":{"lastBranch":0,"lastFunction":3,"lastStatement":4,"seen":{"s:15:13:20:Infinity":0,"f:15:58:15:66":0,"s:15:66:20:2":1,"f:18:13:18:22":1,"s:18:22:18:Infinity":2,"f:19:13:19:22":2,"s:19:22:19:Infinity":3}}}
,"/Users/tsurette/repos/personal/groupi/packages/web/stores/notification-close-store.ts": {"path":"/Users/tsurette/repos/personal/groupi/packages/web/stores/notification-close-store.ts","statementMap":{"0":{"start":{"line":12,"column":13},"end":{"line":19,"column":null}},"1":{"start":{"line":13,"column":10},"end":{"line":18,"column":null}},"2":{"start":{"line":16,"column":28},"end":{"line":16,"column":null}},"3":{"start":{"line":17,"column":26},"end":{"line":17,"column":null}}},"fnMap":{"0":{"name":"(anonymous_0)","decl":{"start":{"line":13,"column":2},"end":{"line":13,"column":10}},"loc":{"start":{"line":13,"column":10},"end":{"line":18,"column":null}},"line":13},"1":{"name":"(anonymous_1)","decl":{"start":{"line":16,"column":20},"end":{"line":16,"column":28}},"loc":{"start":{"line":16,"column":28},"end":{"line":16,"column":null}},"line":16},"2":{"name":"(anonymous_2)","decl":{"start":{"line":17,"column":18},"end":{"line":17,"column":26}},"loc":{"start":{"line":17,"column":26},"end":{"line":17,"column":null}},"line":17}},"branchMap":{},"s":{"0":1,"1":1,"2":18,"3":17},"f":{"0":1,"1":18,"2":17},"b":{},"meta":{"lastBranch":0,"lastFunction":3,"lastStatement":4,"seen":{"s:12:13:19:Infinity":0,"f:13:2:13:10":0,"s:13:10:18:Infinity":1,"f:16:20:16:28":1,"s:16:28:16:Infinity":2,"f:17:18:17:26":2,"s:17:26:17:Infinity":3}}}
}
