TN:
SF:components/analytics.tsx
FN:6,Analytics
FNF:1
FNH:1
FNDA:4,Analytics
DA:7,4
LF:1
LH:1
BRF:0
BRH:0
end_of_record
TN:
SF:components/app-providers.tsx
FN:9,AppProviders
FNF:1
FNH:0
FNDA:0,AppProviders
DA:10,0
LF:1
LH:0
BRF:0
BRH:0
end_of_record
TN:
SF:components/delete-post-dialog.tsx
FN:14,DeletePostDialog
FN:18,(anonymous_1)
FNF:2
FNH:0
FNDA:0,DeletePostDialog
FNDA:0,(anonymous_1)
DA:15,0
DA:16,0
DA:18,0
DA:19,0
DA:20,0
DA:21,0
DA:25,0
DA:30,0
DA:32,0
LF:9
LH:0
BRDA:54,0,0,0
BRDA:54,0,1,0
BRF:2
BRH:0
end_of_record
TN:
SF:components/error-boundary.tsx
FN:18,(anonymous_0)
FN:23,(anonymous_1)
FN:29,(anonymous_2)
FN:33,(anonymous_3)
FN:47,(anonymous_4)
FNF:5
FNH:0
FNDA:0,(anonymous_0)
FNDA:0,(anonymous_1)
FNDA:0,(anonymous_2)
FNDA:0,(anonymous_3)
FNDA:0,(anonymous_4)
DA:19,0
DA:20,0
DA:24,0
DA:30,0
DA:34,0
DA:35,0
DA:36,0
DA:39,0
DA:47,0
DA:56,0
LF:10
LH:0
BRDA:34,0,0,0
BRDA:34,0,1,0
BRDA:35,1,0,0
BRDA:35,1,1,0
BRDA:35,2,0,0
BRDA:35,2,1,0
BRDA:44,3,0,0
BRDA:44,3,1,0
BRF:8
BRH:0
end_of_record
TN:
SF:components/error.tsx
FN:6,ErrorPage
FN:13,(anonymous_1)
FNF:2
FNH:2
FNDA:7,ErrorPage
FNDA:1,(anonymous_1)
DA:7,7
DA:8,7
DA:14,1
LF:3
LH:3
BRDA:11,0,0,7
BRDA:11,0,1,0
BRF:2
BRH:1
end_of_record
TN:
SF:components/footer-copyright.tsx
FN:6,FooterCopyright
FNF:1
FNH:1
FNDA:4,FooterCopyright
DA:4,1
DA:7,4
LF:2
LH:2
BRF:0
BRH:0
end_of_record
TN:
SF:components/global-loading-indicator.tsx
FN:9,GlobalLoadingBar
FN:21,FloatingLoadingIndicator
FNF:2
FNH:0
FNDA:0,GlobalLoadingBar
FNDA:0,FloatingLoadingIndicator
DA:10,0
DA:12,0
DA:14,0
DA:22,0
DA:24,0
DA:26,0
LF:6
LH:0
BRDA:12,0,0,0
BRDA:12,0,1,0
BRDA:24,1,0,0
BRDA:24,1,1,0
BRF:4
BRH:0
end_of_record
TN:
SF:components/global-navigation-guard.tsx
FN:16,GlobalNavigationGuard
FN:20,(anonymous_1)
FN:25,(anonymous_2)
FN:64,(anonymous_3)
FNF:4
FNH:0
FNDA:0,GlobalNavigationGuard
FNDA:0,(anonymous_1)
FNDA:0,(anonymous_2)
FNDA:0,(anonymous_3)
DA:17,0
DA:18,0
DA:20,0
DA:23,0
DA:25,0
DA:27,0
DA:28,0
DA:31,0
DA:32,0
DA:35,0
DA:36,0
DA:39,0
DA:45,0
DA:49,0
DA:53,0
DA:54,0
DA:55,0
DA:56,0
DA:57,0
DA:62,0
DA:64,0
DA:65,0
DA:69,0
LF:23
LH:0
BRDA:23,0,0,0
BRDA:23,0,1,0
BRDA:28,1,0,0
BRDA:28,1,1,0
BRDA:32,2,0,0
BRDA:32,2,1,0
BRDA:36,3,0,0
BRDA:36,3,1,0
BRDA:36,4,0,0
BRDA:36,4,1,0
BRDA:36,4,2,0
BRDA:39,5,0,0
BRDA:39,5,1,0
BRDA:40,6,0,0
BRDA:40,6,1,0
BRDA:40,6,2,0
BRDA:40,6,3,0
BRDA:49,7,0,0
BRDA:49,7,1,0
BRDA:54,8,0,0
BRDA:54,8,1,0
BRF:21
BRH:0
end_of_record
TN:
SF:components/icons.tsx
FN:147,(anonymous_0)
FN:157,(anonymous_1)
FN:182,(anonymous_2)
FN:200,(anonymous_3)
FN:240,(anonymous_4)
FNF:5
FNH:0
FNDA:0,(anonymous_0)
FNDA:0,(anonymous_1)
FNDA:0,(anonymous_2)
FNDA:0,(anonymous_3)
FNDA:0,(anonymous_4)
DA:74,18
DA:148,0
DA:158,0
DA:183,0
DA:201,0
DA:241,0
LF:6
LH:1
BRF:0
BRH:0
end_of_record
TN:
SF:components/image-crop-modal.tsx
FN:25,ImageCropModal
FN:35,(anonymous_1)
FN:39,(anonymous_2)
FN:44,(anonymous_3)
FN:50,(anonymous_4)
FN:54,(anonymous_5)
FN:55,(anonymous_6)
FN:82,(anonymous_7)
FN:91,(anonymous_8)
FN:97,(anonymous_9)
FN:142,(anonymous_10)
FN:151,(anonymous_11)
FNF:12
FNH:0
FNDA:0,ImageCropModal
FNDA:0,(anonymous_1)
FNDA:0,(anonymous_2)
FNDA:0,(anonymous_3)
FNDA:0,(anonymous_4)
FNDA:0,(anonymous_5)
FNDA:0,(anonymous_6)
FNDA:0,(anonymous_7)
FNDA:0,(anonymous_8)
FNDA:0,(anonymous_9)
FNDA:0,(anonymous_10)
FNDA:0,(anonymous_11)
DA:31,0
DA:32,0
DA:33,0
DA:35,0
DA:36,0
DA:39,0
DA:40,0
DA:43,0
DA:45,0
DA:50,0
DA:51,0
DA:52,0
DA:54,0
DA:55,0
DA:56,0
DA:57,0
DA:59,0
DA:60,0
DA:61,0
DA:65,0
DA:66,0
DA:69,0
DA:82,0
DA:83,0
DA:84,0
DA:86,0
DA:91,0
DA:92,0
DA:97,0
DA:98,0
DA:99,0
DA:100,0
DA:101,0
DA:103,0
DA:107,0
DA:142,0
DA:151,0
LF:37
LH:0
BRDA:59,0,0,0
BRDA:59,0,1,0
BRDA:59,1,0,0
BRDA:59,1,1,0
BRDA:83,2,0,0
BRDA:83,2,1,0
BRF:6
BRH:0
end_of_record
TN:
SF:components/main-nav-static.tsx
FN:14,MainNavStatic
FNF:1
FNH:0
FNDA:0,MainNavStatic
DA:15,0
LF:1
LH:0
BRF:0
BRH:0
end_of_record
TN:
SF:components/main-nav.tsx
FN:25,initApi
FN:43,MainNav
FN:98,AuthenticatedNav
FN:100,(anonymous_3)
FN:101,(anonymous_4)
FN:110,(anonymous_5)
FN:125,(anonymous_6)
FN:145,AuthenticatedMobileNav
FN:166,(anonymous_8)
FN:167,(anonymous_9)
FN:185,AuthenticatedProfileDropdown
FNF:11
FNH:0
FNDA:0,initApi
FNDA:0,MainNav
FNDA:0,AuthenticatedNav
FNDA:0,(anonymous_3)
FNDA:0,(anonymous_4)
FNDA:0,(anonymous_5)
FNDA:0,(anonymous_6)
FNDA:0,AuthenticatedMobileNav
FNDA:0,(anonymous_8)
FNDA:0,(anonymous_9)
FNDA:0,AuthenticatedProfileDropdown
DA:26,0
DA:28,0
DA:29,0
DA:32,0
DA:44,0
DA:100,0
DA:101,0
DA:103,0
DA:111,0
DA:126,0
DA:146,0
DA:148,0
DA:149,0
DA:163,0
DA:166,0
DA:167,0
DA:170,0
DA:172,0
DA:186,0
DA:188,0
DA:189,0
DA:193,0
DA:195,0
LF:23
LH:0
BRDA:26,0,0,0
BRDA:26,0,1,0
BRDA:29,1,0,0
BRDA:29,1,1,0
BRDA:105,2,0,0
BRDA:105,2,1,0
BRDA:148,3,0,0
BRDA:148,3,1,0
BRDA:166,4,0,0
BRDA:166,4,1,0
BRDA:167,5,0,0
BRDA:167,5,1,0
BRDA:170,6,0,0
BRDA:170,6,1,0
BRDA:175,7,0,0
BRDA:175,7,1,0
BRDA:177,8,0,0
BRDA:177,8,1,0
BRDA:178,9,0,0
BRDA:178,9,1,0
BRDA:188,10,0,0
BRDA:188,10,1,0
BRDA:198,11,0,0
BRDA:198,11,1,0
BRDA:200,12,0,0
BRDA:200,12,1,0
BRDA:201,13,0,0
BRDA:201,13,1,0
BRF:28
BRH:0
end_of_record
TN:
SF:components/member-action-dialog.tsx
FN:17,(anonymous_0)
FN:23,MemberActionDialog
FN:38,(anonymous_2)
FNF:3
FNH:0
FNDA:0,(anonymous_0)
FNDA:0,MemberActionDialog
FNDA:0,(anonymous_2)
DA:17,0
DA:18,0
DA:19,0
DA:20,0
DA:34,0
DA:35,0
DA:36,0
DA:38,0
DA:39,0
DA:40,0
DA:41,0
DA:42,0
DA:43,0
DA:46,0
DA:47,0
DA:48,0
DA:52,0
DA:53,0
DA:54,0
DA:59,0
DA:60,0
DA:64,0
DA:65,0
DA:69,0
DA:70,0
DA:76,0
DA:80,0
LF:27
LH:0
BRDA:17,0,0,0
BRDA:17,0,1,0
BRDA:41,1,0,0
BRDA:41,1,1,0
BRDA:46,2,0,0
BRDA:46,2,1,0
BRDA:52,3,0,0
BRDA:52,3,1,0
BRDA:59,4,0,0
BRDA:59,4,1,0
BRDA:64,5,0,0
BRDA:64,5,1,0
BRDA:69,6,0,0
BRDA:69,6,1,0
BRDA:84,7,0,0
BRDA:84,7,1,0
BRDA:86,8,0,0
BRDA:86,8,1,0
BRDA:88,9,0,0
BRDA:88,9,1,0
BRDA:93,10,0,0
BRDA:93,10,1,0
BRDA:95,11,0,0
BRDA:95,11,1,0
BRDA:97,12,0,0
BRDA:97,12,1,0
BRDA:115,13,0,0
BRDA:115,13,1,0
BRDA:118,14,0,0
BRDA:118,14,1,0
BRDA:120,15,0,0
BRDA:120,15,1,0
BRDA:122,16,0,0
BRDA:122,16,1,0
BRDA:124,17,0,0
BRDA:124,17,1,0
BRF:36
BRH:0
end_of_record
TN:
SF:components/member-icon.tsx
FN:75,ActionMenu
FN:110,(anonymous_1)
FN:171,(anonymous_2)
FN:187,(anonymous_3)
FN:201,(anonymous_4)
FN:217,(anonymous_5)
FN:291,(anonymous_6)
FN:306,(anonymous_7)
FN:323,(anonymous_8)
FN:341,(anonymous_9)
FN:364,MemberIcon
FN:410,(anonymous_11)
FN:420,(anonymous_12)
FNF:13
FNH:0
FNDA:0,ActionMenu
FNDA:0,(anonymous_1)
FNDA:0,(anonymous_2)
FNDA:0,(anonymous_3)
FNDA:0,(anonymous_4)
FNDA:0,(anonymous_5)
FNDA:0,(anonymous_6)
FNDA:0,(anonymous_7)
FNDA:0,(anonymous_8)
FNDA:0,(anonymous_9)
FNDA:0,MemberIcon
FNDA:0,(anonymous_11)
FNDA:0,(anonymous_12)
DA:49,0
DA:95,0
DA:96,0
DA:112,0
DA:113,0
DA:116,0
DA:117,0
DA:172,0
DA:173,0
DA:188,0
DA:189,0
DA:190,0
DA:202,0
DA:203,0
DA:204,0
DA:218,0
DA:219,0
DA:220,0
DA:240,0
DA:292,0
DA:307,0
DA:324,0
DA:342,0
DA:381,0
DA:382,0
DA:384,0
DA:385,0
DA:387,0
DA:392,0
DA:395,0
DA:399,0
DA:401,0
DA:404,0
DA:405,0
DA:406,0
DA:407,0
DA:409,0
DA:411,0
DA:412,0
DA:413,0
DA:414,0
DA:419,0
DA:421,0
DA:422,0
DA:423,0
DA:424,0
DA:431,0
DA:437,0
LF:48
LH:0
BRDA:95,0,0,0
BRDA:95,0,1,0
BRDA:112,1,0,0
BRDA:112,1,1,0
BRDA:112,2,0,0
BRDA:112,2,1,0
BRDA:112,2,2,0
BRDA:116,3,0,0
BRDA:116,3,1,0
BRDA:129,4,0,0
BRDA:129,4,1,0
BRDA:137,5,0,0
BRDA:137,5,1,0
BRDA:149,6,0,0
BRDA:149,6,1,0
BRDA:152,7,0,0
BRDA:152,7,1,0
BRDA:155,8,0,0
BRDA:155,8,1,0
BRDA:160,9,0,0
BRDA:160,9,1,0
BRDA:178,10,0,0
BRDA:178,10,1,0
BRDA:178,10,2,0
BRDA:181,11,0,0
BRDA:181,11,1,0
BRDA:183,12,0,0
BRDA:183,12,1,0
BRDA:197,13,0,0
BRDA:197,13,1,0
BRDA:213,14,0,0
BRDA:213,14,1,0
BRDA:253,15,0,0
BRDA:253,15,1,0
BRDA:268,16,0,0
BRDA:268,16,1,0
BRDA:272,17,0,0
BRDA:272,17,1,0
BRDA:275,18,0,0
BRDA:275,18,1,0
BRDA:280,19,0,0
BRDA:280,19,1,0
BRDA:298,20,0,0
BRDA:298,20,1,0
BRDA:298,20,2,0
BRDA:302,21,0,0
BRDA:302,21,1,0
BRDA:304,22,0,0
BRDA:304,22,1,0
BRDA:321,23,0,0
BRDA:321,23,1,0
BRDA:339,24,0,0
BRDA:339,24,1,0
BRDA:384,25,0,0
BRDA:384,25,1,0
BRDA:384,25,2,0
BRDA:385,26,0,0
BRDA:385,26,1,0
BRDA:385,27,0,0
BRDA:385,27,1,0
BRDA:395,28,0,0
BRDA:395,28,1,0
BRDA:395,28,2,0
BRDA:395,28,3,0
BRDA:399,29,0,0
BRDA:399,29,1,0
BRDA:411,30,0,0
BRDA:411,30,1,0
BRDA:421,31,0,0
BRDA:421,31,1,0
BRDA:432,32,0,0
BRDA:432,32,1,0
BRDA:470,33,0,0
BRDA:470,33,1,0
BRF:74
BRH:0
end_of_record
TN:
SF:components/mobile-nav.tsx
FN:39,MobileNav
FN:52,(anonymous_1)
FN:87,(anonymous_2)
FN:105,(anonymous_3)
FNF:4
FNH:0
FNDA:0,MobileNav
FNDA:0,(anonymous_1)
FNDA:0,(anonymous_2)
FNDA:0,(anonymous_3)
DA:48,0
DA:49,0
DA:50,0
DA:52,0
DA:53,0
DA:54,0
DA:55,0
DA:58,0
DA:88,0
DA:106,0
DA:107,0
LF:11
LH:0
BRDA:85,0,0,0
BRDA:85,0,1,0
BRDA:90,1,0,0
BRDA:90,1,1,0
BRDA:93,2,0,0
BRDA:93,2,1,0
BRDA:145,3,0,0
BRDA:145,3,1,0
BRF:8
BRH:0
end_of_record
TN:
SF:components/mode-toggle.tsx
FN:14,ModeToggle
FN:27,(anonymous_1)
FN:30,(anonymous_2)
FN:33,(anonymous_3)
FNF:4
FNH:4
FNDA:7,ModeToggle
FNDA:1,(anonymous_1)
FNDA:1,(anonymous_2)
FNDA:1,(anonymous_3)
DA:15,7
DA:17,7
DA:27,1
DA:30,1
DA:33,1
LF:5
LH:5
BRF:0
BRH:0
end_of_record
TN:
SF:components/mutual-events-dialog.tsx
FN:22,MutualEventsDialog
FN:64,(anonymous_1)
FN:68,(anonymous_2)
FN:107,(anonymous_3)
FNF:4
FNH:0
FNDA:0,MutualEventsDialog
FNDA:0,(anonymous_1)
FNDA:0,(anonymous_2)
FNDA:0,(anonymous_3)
DA:27,0
DA:28,0
DA:31,0
DA:34,0
DA:42,0
DA:44,0
DA:65,0
DA:68,0
DA:107,0
LF:9
LH:0
BRDA:42,0,0,0
BRDA:42,0,1,0
BRDA:52,1,0,0
BRDA:52,1,1,0
BRDA:52,2,0,0
BRDA:52,2,1,0
BRDA:56,3,0,0
BRDA:56,3,1,0
BRDA:74,4,0,0
BRDA:74,4,1,0
BRDA:84,5,0,0
BRDA:84,5,1,0
BRF:12
BRH:0
end_of_record
TN:
SF:components/navigation-wrapper.tsx
FN:15,NavigationWrapper
FNF:1
FNH:0
FNDA:0,NavigationWrapper
DA:16,0
LF:1
LH:0
BRF:0
BRH:0
end_of_record
TN:
SF:components/navigation.tsx
FN:24,initApi
FN:47,Navigation
FN:95,NavigationLinks
FN:97,(anonymous_3)
FN:98,(anonymous_4)
FN:107,(anonymous_5)
FN:122,(anonymous_6)
FN:142,MobileNavigation
FN:163,(anonymous_8)
FN:164,(anonymous_9)
FN:182,UserProfile
FNF:11
FNH:0
FNDA:0,initApi
FNDA:0,Navigation
FNDA:0,NavigationLinks
FNDA:0,(anonymous_3)
FNDA:0,(anonymous_4)
FNDA:0,(anonymous_5)
FNDA:0,(anonymous_6)
FNDA:0,MobileNavigation
FNDA:0,(anonymous_8)
FNDA:0,(anonymous_9)
FNDA:0,UserProfile
DA:25,0
DA:27,0
DA:28,0
DA:31,0
DA:48,0
DA:97,0
DA:98,0
DA:100,0
DA:108,0
DA:123,0
DA:143,0
DA:145,0
DA:146,0
DA:160,0
DA:163,0
DA:164,0
DA:167,0
DA:169,0
DA:183,0
DA:185,0
DA:186,0
DA:190,0
DA:192,0
LF:23
LH:0
BRDA:25,0,0,0
BRDA:25,0,1,0
BRDA:28,1,0,0
BRDA:28,1,1,0
BRDA:102,2,0,0
BRDA:102,2,1,0
BRDA:145,3,0,0
BRDA:145,3,1,0
BRDA:163,4,0,0
BRDA:163,4,1,0
BRDA:164,5,0,0
BRDA:164,5,1,0
BRDA:167,6,0,0
BRDA:167,6,1,0
BRDA:172,7,0,0
BRDA:172,7,1,0
BRDA:174,8,0,0
BRDA:174,8,1,0
BRDA:175,9,0,0
BRDA:175,9,1,0
BRDA:185,10,0,0
BRDA:185,10,1,0
BRDA:195,11,0,0
BRDA:195,11,1,0
BRDA:197,12,0,0
BRDA:197,12,1,0
BRDA:198,13,0,0
BRDA:198,13,1,0
BRF:28
BRH:0
end_of_record
TN:
SF:components/new-post-button.tsx
FN:8,NewPostButton
FNF:1
FNH:0
FNDA:0,NewPostButton
DA:9,0
DA:10,0
LF:2
LH:0
BRF:0
BRH:0
end_of_record
TN:
SF:components/notification-count.tsx
FN:10,NotificationCount
FNF:1
FNH:0
FNDA:0,NotificationCount
DA:12,0
DA:13,0
DA:15,0
DA:16,0
DA:19,0
LF:5
LH:0
BRDA:13,0,0,0
BRDA:13,0,1,0
BRDA:15,1,0,0
BRDA:15,1,1,0
BRDA:24,2,0,0
BRDA:24,2,1,0
BRF:6
BRH:0
end_of_record
TN:
SF:components/notification-slate.tsx
FN:7,initApi
FN:36,NotificationSlate
FN:59,(anonymous_2)
FN:64,(anonymous_3)
FN:104,(anonymous_4)
FN:108,(anonymous_5)
FN:223,(anonymous_6)
FN:245,(anonymous_7)
FN:267,(anonymous_8)
FN:292,(anonymous_9)
FN:314,(anonymous_10)
FN:336,(anonymous_11)
FN:364,(anonymous_12)
FN:387,(anonymous_13)
FN:410,(anonymous_14)
FN:435,(anonymous_15)
FNF:16
FNH:5
FNDA:1,initApi
FNDA:11,NotificationSlate
FNDA:0,(anonymous_2)
FNDA:11,(anonymous_3)
FNDA:11,(anonymous_4)
FNDA:11,(anonymous_5)
FNDA:0,(anonymous_6)
FNDA:0,(anonymous_7)
FNDA:0,(anonymous_8)
FNDA:0,(anonymous_9)
FNDA:0,(anonymous_10)
FNDA:0,(anonymous_11)
FNDA:0,(anonymous_12)
FNDA:0,(anonymous_13)
FNDA:0,(anonymous_14)
FNDA:0,(anonymous_15)
DA:8,1
DA:10,1
DA:11,1
DA:14,1
DA:41,11
DA:49,11
DA:51,11
DA:55,11
DA:56,11
DA:57,11
DA:59,11
DA:60,0
DA:61,0
DA:64,11
DA:65,11
DA:67,11
DA:69,11
DA:79,1
DA:82,9
DA:83,9
DA:85,0
DA:88,0
DA:89,0
DA:91,0
DA:94,1
DA:95,1
DA:97,0
DA:100,0
DA:104,11
DA:105,11
DA:108,11
DA:109,11
DA:110,11
DA:113,11
DA:114,11
DA:115,11
DA:117,11
DA:119,1
DA:126,0
DA:133,0
DA:140,0
DA:147,9
DA:155,0
DA:162,1
DA:170,0
DA:177,0
DA:184,0
DA:191,0
DA:198,0
DA:199,0
DA:208,0
DA:218,11
DA:224,0
DA:225,0
DA:226,0
DA:229,0
DA:231,0
DA:246,0
DA:247,0
DA:248,0
DA:251,0
DA:253,0
DA:268,0
DA:269,0
DA:270,0
DA:273,0
DA:275,0
DA:289,11
DA:293,0
DA:294,0
DA:297,0
DA:299,0
DA:315,0
DA:316,0
DA:319,0
DA:321,0
DA:337,0
DA:338,0
DA:339,0
DA:342,0
DA:344,0
DA:361,11
DA:365,0
DA:366,0
DA:369,0
DA:371,0
DA:388,0
DA:389,0
DA:392,0
DA:394,0
DA:411,0
DA:412,0
DA:415,0
DA:417,0
DA:433,11
DA:436,0
DA:463,11
LF:97
LH:37
BRDA:8,0,0,1
BRDA:8,0,1,0
BRDA:11,1,0,1
BRDA:11,1,1,0
BRDA:65,2,0,0
BRDA:65,2,1,11
BRDA:69,3,0,1
BRDA:69,3,1,1
BRDA:69,3,2,1
BRDA:69,3,3,1
BRDA:69,3,4,1
BRDA:69,3,5,1
BRDA:69,3,6,1
BRDA:69,3,7,1
BRDA:69,3,8,1
BRDA:69,3,9,9
BRDA:69,3,10,0
BRDA:69,3,11,1
BRDA:69,3,12,0
BRDA:82,4,0,9
BRDA:82,4,1,0
BRDA:88,5,0,0
BRDA:88,5,1,0
BRDA:94,6,0,1
BRDA:94,6,1,0
BRDA:109,7,0,0
BRDA:109,7,1,11
BRDA:110,8,0,11
BRDA:110,8,1,0
BRDA:110,8,2,0
BRDA:114,9,0,11
BRDA:114,9,1,0
BRDA:115,10,0,11
BRDA:115,10,1,1
BRDA:117,11,0,1
BRDA:117,11,1,0
BRDA:117,11,2,0
BRDA:117,11,3,0
BRDA:117,11,4,9
BRDA:117,11,5,0
BRDA:117,11,6,1
BRDA:117,11,7,0
BRDA:117,11,8,0
BRDA:117,11,9,0
BRDA:117,11,10,0
BRDA:117,11,11,0
BRDA:117,11,12,0
BRDA:198,12,0,0
BRDA:198,12,1,0
BRDA:219,13,0,2
BRDA:219,13,1,9
BRDA:290,14,0,2
BRDA:290,14,1,9
BRDA:362,15,0,2
BRDA:362,15,1,9
BRDA:441,16,0,11
BRDA:441,16,1,9
BRDA:454,17,0,0
BRDA:454,17,1,11
BRF:59
BRH:33
end_of_record
TN:
SF:components/notification-widget.tsx
FN:42,NotificationWidget
FN:66,(anonymous_1)
FN:76,(anonymous_2)
FN:78,(anonymous_3)
FN:84,(anonymous_4)
FN:85,(anonymous_5)
FN:115,(anonymous_6)
FN:141,(anonymous_7)
FN:157,(anonymous_8)
FN:178,(anonymous_9)
FN:190,(anonymous_10)
FN:214,(anonymous_11)
FNF:12
FNH:0
FNDA:0,NotificationWidget
FNDA:0,(anonymous_1)
FNDA:0,(anonymous_2)
FNDA:0,(anonymous_3)
FNDA:0,(anonymous_4)
FNDA:0,(anonymous_5)
FNDA:0,(anonymous_6)
FNDA:0,(anonymous_7)
FNDA:0,(anonymous_8)
FNDA:0,(anonymous_9)
FNDA:0,(anonymous_10)
FNDA:0,(anonymous_11)
DA:45,0
DA:46,0
DA:47,0
DA:48,0
DA:55,0
DA:63,0
DA:66,0
DA:67,0
DA:68,0
DA:69,0
DA:71,0
DA:76,0
DA:77,0
DA:78,0
DA:80,0
DA:84,0
DA:85,0
DA:88,0
DA:89,0
DA:96,0
DA:97,0
DA:100,0
DA:101,0
DA:108,0
DA:115,0
DA:141,0
DA:159,0
DA:160,0
DA:163,0
DA:164,0
DA:179,0
DA:180,0
DA:191,0
DA:192,0
DA:215,0
LF:35
LH:0
BRDA:43,0,0,0
BRDA:77,1,0,0
BRDA:77,1,1,0
BRDA:88,2,0,0
BRDA:88,2,1,0
BRDA:96,3,0,0
BRDA:96,3,1,0
BRDA:100,4,0,0
BRDA:100,4,1,0
BRDA:110,5,0,0
BRDA:110,5,1,0
BRDA:129,6,0,0
BRDA:129,6,1,0
BRDA:154,7,0,0
BRDA:154,7,1,0
BRDA:159,8,0,0
BRDA:159,8,1,0
BRDA:159,9,0,0
BRDA:159,9,1,0
BRDA:159,9,2,0
BRDA:163,10,0,0
BRDA:163,10,1,0
BRDA:174,11,0,0
BRDA:174,11,1,0
BRDA:207,12,0,0
BRDA:207,12,1,0
BRDA:209,13,0,0
BRDA:209,13,1,0
BRF:28
BRH:0
end_of_record
TN:
SF:components/notifications-desktop.tsx
FN:14,NotificationsDesktop
FNF:1
FNH:0
FNDA:0,NotificationsDesktop
DA:15,0
DA:17,0
LF:2
LH:0
BRF:0
BRH:0
end_of_record
TN:
SF:components/number-badge.tsx
FN:3,NumberBadge
FNF:1
FNH:1
FNDA:7,NumberBadge
DA:10,7
LF:1
LH:1
BRF:0
BRH:0
end_of_record
TN:
SF:components/onboarding-redirect-wrapper.tsx
FN:10,initApi
FN:23,OnboardingRedirectWrapper
FN:30,(anonymous_2)
FNF:3
FNH:0
FNDA:0,initApi
FNDA:0,OnboardingRedirectWrapper
FNDA:0,(anonymous_2)
DA:11,0
DA:13,0
DA:14,0
DA:17,0
DA:24,0
DA:25,0
DA:28,0
DA:30,0
DA:32,0
DA:39,0
DA:43,0
DA:44,0
DA:48,0
DA:49,0
DA:53,0
LF:15
LH:0
BRDA:11,0,0,0
BRDA:11,0,1,0
BRDA:14,1,0,0
BRDA:14,1,1,0
BRDA:32,2,0,0
BRDA:32,2,1,0
BRDA:33,3,0,0
BRDA:33,3,1,0
BRDA:33,3,2,0
BRDA:33,3,3,0
BRDA:33,3,4,0
BRDA:43,4,0,0
BRDA:43,4,1,0
BRDA:48,5,0,0
BRDA:48,5,1,0
BRF:15
BRH:0
end_of_record
TN:
SF:components/onboarding-redirect.tsx
FN:10,OnboardingRedirect
FN:14,(anonymous_1)
FNF:2
FNH:0
FNDA:0,OnboardingRedirect
FNDA:0,(anonymous_1)
DA:11,0
DA:12,0
DA:14,0
DA:16,0
DA:17,0
DA:21,0
DA:22,0
DA:26,0
DA:28,0
DA:29,0
DA:33,0
LF:11
LH:0
BRDA:16,0,0,0
BRDA:16,0,1,0
BRDA:21,1,0,0
BRDA:21,1,1,0
BRDA:26,2,0,0
BRDA:26,2,1,0
BRDA:28,3,0,0
BRDA:28,3,1,0
BRF:8
BRH:0
end_of_record
TN:
SF:components/post-card-content.tsx
FN:4,PostCardContent
FNF:1
FNH:0
FNDA:0,PostCardContent
DA:5,0
DA:7,0
LF:2
LH:0
BRDA:16,0,0,0
BRDA:16,0,1,0
BRF:2
BRH:0
end_of_record
TN:
SF:components/post-card.tsx
FN:39,PostCard
FN:81,(anonymous_1)
FN:89,(anonymous_2)
FN:101,(anonymous_3)
FN:117,(anonymous_4)
FN:142,(anonymous_5)
FN:170,(anonymous_6)
FN:266,PostCardSkeleton
FNF:8
FNH:0
FNDA:0,PostCard
FNDA:0,(anonymous_1)
FNDA:0,(anonymous_2)
FNDA:0,(anonymous_3)
FNDA:0,(anonymous_4)
FNDA:0,(anonymous_5)
FNDA:0,(anonymous_6)
FNDA:0,PostCardSkeleton
DA:50,0
DA:57,0
DA:69,0
DA:71,0
DA:80,0
DA:82,0
DA:83,0
DA:88,0
DA:90,0
DA:91,0
DA:96,0
DA:98,0
DA:100,0
DA:101,0
DA:105,0
DA:118,0
DA:119,0
DA:129,0
DA:143,0
DA:144,0
DA:158,0
DA:171,0
DA:172,0
DA:185,0
DA:247,0
DA:267,0
DA:296,0
LF:27
LH:0
BRDA:71,0,0,0
BRDA:71,0,1,0
BRDA:82,1,0,0
BRDA:82,1,1,0
BRDA:90,2,0,0
BRDA:90,2,1,0
BRDA:96,3,0,0
BRDA:96,3,1,0
BRDA:98,4,0,0
BRDA:98,4,1,0
BRDA:106,5,0,0
BRDA:106,5,1,0
BRDA:129,6,0,0
BRDA:129,6,1,0
BRDA:131,7,0,0
BRDA:131,7,1,0
BRDA:159,8,0,0
BRDA:159,8,1,0
BRDA:187,9,0,0
BRDA:187,9,1,0
BRDA:201,10,0,0
BRDA:201,10,1,0
BRDA:219,11,0,0
BRDA:219,11,1,0
BRDA:228,12,0,0
BRDA:228,12,1,0
BRDA:228,12,2,0
BRF:27
BRH:0
end_of_record
TN:
SF:components/profile-dropdown.tsx
FN:21,ProfileDropdown
FN:33,(anonymous_1)
FN:66,(anonymous_2)
FNF:3
FNH:0
FNDA:0,ProfileDropdown
FNDA:0,(anonymous_1)
FNDA:0,(anonymous_2)
DA:29,0
DA:30,0
DA:31,0
DA:33,0
DA:34,0
DA:35,0
DA:36,0
DA:39,0
DA:66,0
LF:9
LH:0
BRDA:44,0,0,0
BRDA:44,0,1,0
BRDA:51,1,0,0
BRDA:51,1,1,0
BRDA:57,2,0,0
BRDA:57,2,1,0
BRF:6
BRH:0
end_of_record
TN:
SF:components/profile-edit-dialog.tsx
FN:57,ProfileEditDialog
FN:88,(anonymous_1)
FN:93,(anonymous_2)
FN:107,(anonymous_3)
FN:110,(anonymous_4)
FN:120,(anonymous_5)
FN:124,(anonymous_6)
FN:132,(anonymous_7)
FN:154,(anonymous_8)
FN:162,(anonymous_9)
FN:170,(anonymous_10)
FN:174,(anonymous_11)
FN:211,(anonymous_12)
FN:217,(anonymous_13)
FN:232,(anonymous_14)
FN:255,(anonymous_15)
FN:289,(anonymous_16)
FN:307,(anonymous_17)
FN:324,(anonymous_18)
FN:349,(anonymous_19)
FNF:20
FNH:0
FNDA:0,ProfileEditDialog
FNDA:0,(anonymous_1)
FNDA:0,(anonymous_2)
FNDA:0,(anonymous_3)
FNDA:0,(anonymous_4)
FNDA:0,(anonymous_5)
FNDA:0,(anonymous_6)
FNDA:0,(anonymous_7)
FNDA:0,(anonymous_8)
FNDA:0,(anonymous_9)
FNDA:0,(anonymous_10)
FNDA:0,(anonymous_11)
FNDA:0,(anonymous_12)
FNDA:0,(anonymous_13)
FNDA:0,(anonymous_14)
FNDA:0,(anonymous_15)
FNDA:0,(anonymous_16)
FNDA:0,(anonymous_17)
FNDA:0,(anonymous_18)
FNDA:0,(anonymous_19)
DA:36,0
DA:38,0
DA:62,0
DA:63,0
DA:64,0
DA:65,0
DA:68,0
DA:69,0
DA:70,0
DA:71,0
DA:73,0
DA:84,0
DA:85,0
DA:88,0
DA:89,0
DA:93,0
DA:94,0
DA:95,0
DA:101,0
DA:102,0
DA:107,0
DA:108,0
DA:110,0
DA:111,0
DA:113,0
DA:118,0
DA:120,0
DA:121,0
DA:122,0
DA:123,0
DA:124,0
DA:125,0
DA:126,0
DA:128,0
DA:132,0
DA:134,0
DA:135,0
DA:139,0
DA:141,0
DA:143,0
DA:145,0
DA:147,0
DA:150,0
DA:154,0
DA:155,0
DA:158,0
DA:162,0
DA:164,0
DA:165,0
DA:167,0
DA:170,0
DA:171,0
DA:172,0
DA:174,0
DA:175,0
DA:177,0
DA:180,0
DA:190,0
DA:191,0
DA:192,0
DA:194,0
DA:196,0
DA:197,0
DA:198,0
DA:203,0
DA:205,0
DA:207,0
DA:213,0
DA:214,0
DA:219,0
DA:220,0
DA:233,0
DA:234,0
DA:255,0
DA:290,0
DA:308,0
DA:325,0
DA:349,0
LF:78
LH:0
BRDA:76,0,0,0
BRDA:76,0,1,0
BRDA:79,1,0,0
BRDA:79,1,1,0
BRDA:94,2,0,0
BRDA:94,2,1,0
BRDA:94,3,0,0
BRDA:94,3,1,0
BRDA:96,4,0,0
BRDA:96,4,1,0
BRDA:99,5,0,0
BRDA:99,5,1,0
BRDA:108,6,0,0
BRDA:108,6,1,0
BRDA:108,7,0,0
BRDA:108,7,1,0
BRDA:122,8,0,0
BRDA:122,8,1,0
BRDA:143,9,0,0
BRDA:143,9,1,0
BRDA:164,10,0,0
BRDA:164,10,1,0
BRDA:164,11,0,0
BRDA:164,11,1,0
BRDA:164,11,2,0
BRDA:164,11,3,0
BRDA:177,12,0,0
BRDA:177,12,1,0
BRDA:181,13,0,0
BRDA:181,13,1,0
BRDA:182,14,0,0
BRDA:182,14,1,0
BRDA:183,15,0,0
BRDA:183,15,1,0
BRDA:185,16,0,0
BRDA:185,16,1,0
BRDA:186,17,0,0
BRDA:186,17,1,0
BRDA:213,18,0,0
BRDA:213,18,1,0
BRDA:213,19,0,0
BRDA:213,19,1,0
BRDA:213,19,2,0
BRDA:219,20,0,0
BRDA:219,20,1,0
BRDA:219,21,0,0
BRDA:219,21,1,0
BRDA:219,21,2,0
BRDA:242,22,0,0
BRDA:242,22,1,0
BRDA:248,23,0,0
BRDA:248,23,1,0
BRDA:252,24,0,0
BRDA:252,24,1,0
BRDA:270,25,0,0
BRDA:270,25,1,0
BRDA:273,26,0,0
BRDA:273,26,1,0
BRDA:273,26,2,0
BRDA:273,26,3,0
BRDA:341,27,0,0
BRDA:341,27,1,0
BRDA:350,28,0,0
BRDA:350,28,1,0
BRDA:350,28,2,0
BRDA:357,29,0,0
BRDA:357,29,1,0
BRDA:357,29,2,0
BRDA:360,30,0,0
BRDA:360,30,1,0
BRDA:360,30,2,0
BRDA:360,30,3,0
BRDA:363,31,0,0
BRDA:363,31,1,0
BRDA:371,32,0,0
BRDA:371,32,1,0
BRF:76
BRH:0
end_of_record
TN:
SF:components/profile-slate.tsx
FN:11,ProfileSlate
FN:42,(anonymous_1)
FNF:2
FNH:0
FNDA:0,ProfileSlate
FNDA:0,(anonymous_1)
DA:19,0
DA:21,0
DA:23,0
DA:43,0
LF:4
LH:0
BRDA:27,0,0,0
BRDA:27,0,1,0
BRDA:31,1,0,0
BRDA:31,1,1,0
BRDA:37,2,0,0
BRDA:37,2,1,0
BRDA:55,3,0,0
BRDA:55,3,1,0
BRF:8
BRH:0
end_of_record
TN:
SF:components/profile-view-dialog.tsx
FN:28,ProfileViewDialog
FN:65,(anonymous_1)
FN:81,(anonymous_2)
FN:149,(anonymous_3)
FN:172,(anonymous_4)
FN:176,(anonymous_5)
FNF:6
FNH:0
FNDA:0,ProfileViewDialog
FNDA:0,(anonymous_1)
FNDA:0,(anonymous_2)
FNDA:0,(anonymous_3)
FNDA:0,(anonymous_4)
FNDA:0,(anonymous_5)
DA:33,0
DA:34,0
DA:35,0
DA:38,0
DA:39,0
DA:41,0
DA:44,0
DA:45,0
DA:48,0
DA:56,0
DA:57,0
DA:59,0
DA:65,0
DA:66,0
DA:67,0
DA:69,0
DA:72,0
DA:81,0
DA:149,0
DA:173,0
DA:176,0
LF:21
LH:0
BRDA:56,0,0,0
BRDA:56,0,1,0
BRDA:60,1,0,0
BRDA:60,1,1,0
BRDA:61,2,0,0
BRDA:61,2,1,0
BRDA:66,3,0,0
BRDA:66,3,1,0
BRDA:77,4,0,0
BRDA:77,4,1,0
BRDA:87,5,0,0
BRDA:87,5,1,0
BRDA:88,6,0,0
BRDA:88,6,1,0
BRDA:91,7,0,0
BRDA:91,7,1,0
BRDA:99,8,0,0
BRDA:99,8,1,0
BRDA:101,9,0,0
BRDA:101,9,1,0
BRDA:105,10,0,0
BRDA:105,10,1,0
BRDA:111,11,0,0
BRDA:111,11,1,0
BRDA:116,12,0,0
BRDA:116,12,1,0
BRDA:123,13,0,0
BRDA:123,13,1,0
BRDA:126,14,0,0
BRDA:126,14,1,0
BRDA:127,15,0,0
BRDA:127,15,1,0
BRDA:138,16,0,0
BRDA:138,16,1,0
BRDA:145,17,0,0
BRDA:145,17,1,0
BRDA:145,17,2,0
BRDA:160,18,0,0
BRDA:160,18,1,0
BRDA:160,19,0,0
BRDA:160,19,1,0
BRDA:164,20,0,0
BRDA:164,20,1,0
BRDA:182,21,0,0
BRDA:182,21,1,0
BRDA:192,22,0,0
BRDA:192,22,1,0
BRF:47
BRH:0
end_of_record
TN:
SF:components/pwa-registration.tsx
FN:6,PWARegistration
FN:7,(anonymous_1)
FN:11,(anonymous_2)
FN:20,(anonymous_3)
FNF:4
FNH:0
FNDA:0,PWARegistration
FNDA:0,(anonymous_1)
FNDA:0,(anonymous_2)
FNDA:0,(anonymous_3)
DA:7,0
DA:8,0
DA:9,0
DA:12,0
DA:21,0
DA:30,0
LF:6
LH:0
BRDA:8,0,0,0
BRDA:8,0,1,0
BRDA:8,1,0,0
BRDA:8,1,1,0
BRF:4
BRH:0
end_of_record
TN:
SF:components/replies-icons.tsx
FN:19,RepliesIcons
FN:23,(anonymous_1)
FN:31,(anonymous_2)
FN:32,(anonymous_3)
FN:35,(anonymous_4)
FN:44,(anonymous_5)
FNF:6
FNH:6
FNDA:11,RepliesIcons
FNDA:20,(anonymous_1)
FNDA:10,(anonymous_2)
FNDA:20,(anonymous_3)
FNDA:15,(anonymous_4)
FNDA:15,(anonymous_5)
DA:20,11
DA:23,11
DA:24,20
DA:25,0
DA:26,0
DA:27,0
DA:30,11
DA:31,10
DA:33,20
DA:35,15
DA:37,17
DA:40,11
DA:42,11
DA:45,15
LF:14
LH:11
BRDA:24,0,0,20
BRDA:24,0,1,0
BRDA:25,1,0,0
BRDA:25,1,1,0
BRDA:26,2,0,0
BRDA:26,2,1,0
BRDA:33,3,0,17
BRDA:33,3,1,3
BRDA:34,4,0,20
BRDA:34,4,1,18
BRDA:47,5,0,15
BRDA:47,5,1,14
BRDA:48,6,0,15
BRDA:48,6,1,1
BRDA:48,6,2,0
BRF:15
BRH:9
end_of_record
TN:
SF:components/tailwind-indicator.tsx
FN:1,TailwindIndicator
FNF:1
FNH:0
FNDA:0,TailwindIndicator
DA:2,0
DA:4,0
LF:2
LH:0
BRDA:2,0,0,0
BRDA:2,0,1,0
BRF:2
BRH:0
end_of_record
TN:
SF:components/auth/AuthGuard.tsx
FN:18,AuthGuard
FN:26,(anonymous_1)
FN:53,EventAuthGuard
FN:66,(anonymous_3)
FNF:4
FNH:0
FNDA:0,AuthGuard
FNDA:0,(anonymous_1)
FNDA:0,EventAuthGuard
FNDA:0,(anonymous_3)
DA:23,0
DA:24,0
DA:26,0
DA:27,0
DA:28,0
DA:32,0
DA:33,0
DA:36,0
DA:37,0
DA:40,0
DA:58,0
DA:59,0
DA:62,0
DA:63,0
DA:64,0
DA:66,0
DA:67,0
DA:68,0
DA:69,0
DA:73,0
DA:74,0
DA:79,0
DA:80,0
DA:83,0
DA:84,0
DA:88,0
DA:89,0
DA:92,0
LF:28
LH:0
BRDA:20,0,0,0
BRDA:21,1,0,0
BRDA:27,2,0,0
BRDA:27,2,1,0
BRDA:27,3,0,0
BRDA:27,3,1,0
BRDA:32,4,0,0
BRDA:32,4,1,0
BRDA:36,5,0,0
BRDA:36,5,1,0
BRDA:56,6,0,0
BRDA:67,7,0,0
BRDA:67,7,1,0
BRDA:67,8,0,0
BRDA:67,8,1,0
BRDA:73,9,0,0
BRDA:73,9,1,0
BRDA:73,10,0,0
BRDA:73,10,1,0
BRDA:73,10,2,0
BRDA:79,11,0,0
BRDA:79,11,1,0
BRDA:79,12,0,0
BRDA:79,12,1,0
BRDA:83,13,0,0
BRDA:83,13,1,0
BRDA:88,14,0,0
BRDA:88,14,1,0
BRF:28
BRH:0
end_of_record
TN:
SF:components/auth/auth-wrappers.tsx
FN:14,initApi
FN:37,AdminOnly
FN:50,AdminContent
FN:79,EventMemberOnly
FN:99,EventMemberContent
FN:141,EventOrganizerOnly
FNF:6
FNH:0
FNDA:0,initApi
FNDA:0,AdminOnly
FNDA:0,AdminContent
FNDA:0,EventMemberOnly
FNDA:0,EventMemberContent
FNDA:0,EventOrganizerOnly
DA:15,0
DA:17,0
DA:18,0
DA:19,0
DA:22,0
DA:41,0
DA:54,0
DA:56,0
DA:58,0
DA:64,0
DA:65,0
DA:72,0
DA:90,0
DA:110,0
DA:115,0
DA:117,0
DA:123,0
DA:124,0
DA:126,0
DA:127,0
DA:134,0
DA:150,0
LF:22
LH:0
BRDA:15,0,0,0
BRDA:15,0,1,0
BRDA:18,1,0,0
BRDA:18,1,1,0
BRDA:19,2,0,0
BRDA:19,2,1,0
BRDA:56,3,0,0
BRDA:56,3,1,0
BRDA:64,4,0,0
BRDA:64,4,1,0
BRDA:65,5,0,0
BRDA:65,5,1,0
BRDA:83,6,0,0
BRDA:115,7,0,0
BRDA:115,7,1,0
BRDA:124,8,0,0
BRDA:124,8,1,0
BRDA:126,9,0,0
BRDA:126,9,1,0
BRDA:127,10,0,0
BRDA:127,10,1,0
BRF:21
BRH:0
end_of_record
TN:
SF:components/skeletons/account-settings-skeleton.tsx
FN:3,AccountSettingsSkeleton
FNF:1
FNH:1
FNDA:1,AccountSettingsSkeleton
DA:4,1
LF:1
LH:1
BRF:0
BRH:0
end_of_record
TN:
SF:components/skeletons/admin-dashboard-skeleton.tsx
FN:3,AdminDashboardSkeleton
FN:8,(anonymous_1)
FNF:2
FNH:2
FNDA:1,AdminDashboardSkeleton
FNDA:5,(anonymous_1)
DA:4,1
DA:9,5
LF:2
LH:2
BRF:0
BRH:0
end_of_record
TN:
SF:components/skeletons/attendee-list-skeleton.tsx
FN:4,AttendeeListSkeleton
FN:7,(anonymous_1)
FNF:2
FNH:2
FNDA:1,AttendeeListSkeleton
FNDA:8,(anonymous_1)
DA:5,1
DA:8,8
LF:2
LH:2
BRF:0
BRH:0
end_of_record
TN:
SF:components/skeletons/availability-form-skeleton.tsx
FN:4,AvailabilityFormSkeleton
FNF:1
FNH:1
FNDA:1,AvailabilityFormSkeleton
DA:5,1
LF:1
LH:1
BRF:0
BRH:0
end_of_record
TN:
SF:components/skeletons/calendar-skeleton.tsx
FN:3,CalendarSkeleton
FNF:1
FNH:1
FNDA:2,CalendarSkeleton
DA:4,2
LF:1
LH:1
BRF:0
BRH:0
end_of_record
TN:
SF:components/skeletons/event-header-skeleton.tsx
FN:5,EventHeaderSkeleton
FNF:1
FNH:1
FNDA:1,EventHeaderSkeleton
DA:6,1
LF:1
LH:1
BRF:0
BRH:0
end_of_record
TN:
SF:components/skeletons/event-list-skeleton.tsx
FN:3,EventListSkeleton
FN:18,EventCardSkeleton
FNF:2
FNH:2
FNDA:1,EventListSkeleton
FNDA:6,EventCardSkeleton
DA:4,1
DA:19,6
LF:2
LH:2
BRF:0
BRH:0
end_of_record
TN:
SF:components/skeletons/index.tsx
FNF:0
FNH:0
LF:0
LH:0
BRF:0
BRH:0
end_of_record
TN:
SF:components/skeletons/invite-details-skeleton.tsx
FN:12,InviteDetailsSkeleton
FNF:1
FNH:1
FNDA:1,InviteDetailsSkeleton
DA:13,1
LF:1
LH:1
BRF:0
BRH:0
end_of_record
TN:
SF:components/skeletons/member-list-skeleton.tsx
FN:3,MemberListSkeleton
FNF:1
FNH:1
FNDA:1,MemberListSkeleton
DA:4,1
LF:1
LH:1
BRF:0
BRH:0
end_of_record
TN:
SF:components/skeletons/new-event-form-skeleton.tsx
FN:3,NewEventFormSkeleton
FNF:1
FNH:1
FNDA:1,NewEventFormSkeleton
DA:4,1
LF:1
LH:1
BRF:0
BRH:0
end_of_record
TN:
SF:components/skeletons/notification-skeleton.tsx
FN:3,NotificationListSkeleton
FN:16,NotificationSkeleton
FN:36,NotificationWidgetSkeleton
FN:45,NotificationDropdownSkeleton
FNF:4
FNH:4
FNDA:1,NotificationListSkeleton
FNDA:11,NotificationSkeleton
FNDA:1,NotificationWidgetSkeleton
FNDA:1,NotificationDropdownSkeleton
DA:4,1
DA:17,11
DA:37,1
DA:46,1
LF:4
LH:4
BRF:0
BRH:0
end_of_record
TN:
SF:components/skeletons/post-card-skeleton.tsx
FN:3,PostCardSkeleton
FNF:1
FNH:1
FNDA:7,PostCardSkeleton
DA:4,7
LF:1
LH:1
BRF:0
BRH:0
end_of_record
TN:
SF:components/skeletons/post-detail-skeleton.tsx
FN:5,PostDetailSkeleton
FN:36,PostFeedSkeleton
FN:39,(anonymous_2)
FNF:3
FNH:3
FNDA:1,PostDetailSkeleton
FNDA:1,PostFeedSkeleton
FNDA:5,(anonymous_2)
DA:6,1
DA:37,1
DA:40,5
LF:3
LH:3
BRDA:36,0,0,1
BRF:1
BRH:1
end_of_record
TN:
SF:components/skeletons/reply-skeleton.tsx
FN:3,ReplyListSkeleton
FN:14,ReplySkeleton
FN:39,ReplyFormSkeleton
FNF:3
FNH:3
FNDA:2,ReplyListSkeleton
FNDA:9,ReplySkeleton
FNDA:2,ReplyFormSkeleton
DA:4,2
DA:15,9
DA:40,2
LF:3
LH:3
BRF:0
BRH:0
end_of_record
TN:
SF:components/skeletons/settings-form-skeleton.tsx
FN:3,SettingsFormSkeleton
FNF:1
FNH:1
FNDA:1,SettingsFormSkeleton
DA:4,1
LF:1
LH:1
BRF:0
BRH:0
end_of_record
TN:
SF:components/skeletons/user-profile-skeleton.tsx
FN:3,UserProfileSkeleton
FN:44,UserListSkeleton
FN:47,(anonymous_2)
FN:54,UserListItemSkeleton
FN:70,UserCardSkeleton
FNF:5
FNH:5
FNDA:1,UserProfileSkeleton
FNDA:1,UserListSkeleton
FNDA:5,(anonymous_2)
FNDA:6,UserListItemSkeleton
FNDA:1,UserCardSkeleton
DA:4,1
DA:45,1
DA:48,5
DA:55,6
DA:71,1
LF:5
LH:5
BRDA:44,0,0,1
BRF:1
BRH:1
end_of_record
TN:
SF:components/ui/action-menu-button.tsx
FN:25,ActionMenuButton
FNF:1
FNH:1
FNDA:33,ActionMenuButton
DA:32,33
DA:34,33
DA:35,11
DA:49,22
LF:4
LH:4
BRDA:34,0,0,11
BRDA:34,0,1,22
BRF:2
BRH:2
end_of_record
TN:
SF:components/ui/action-menu.tsx
FN:29,ActionMenu
FN:46,(anonymous_1)
FNF:2
FNH:1
FNDA:22,ActionMenu
FNDA:0,(anonymous_1)
DA:40,22
DA:42,22
DA:43,11
DA:48,0
DA:49,0
DA:52,0
DA:53,0
DA:75,11
LF:8
LH:4
BRDA:38,0,0,22
BRDA:42,1,0,11
BRDA:42,1,1,11
BRDA:45,2,0,11
BRDA:45,2,1,0
BRDA:48,3,0,0
BRDA:48,3,1,0
BRDA:48,4,0,0
BRDA:48,4,1,0
BRDA:48,4,2,0
BRDA:52,5,0,0
BRDA:52,5,1,0
BRDA:78,6,0,11
BRDA:78,6,1,11
BRDA:78,6,2,11
BRF:15
BRH:7
end_of_record
TN:
SF:components/ui/alert-dialog.tsx
FN:18,(anonymous_0)
FN:33,(anonymous_1)
FN:48,(anonymous_2)
FN:62,(anonymous_3)
FN:79,(anonymous_4)
FN:91,(anonymous_5)
FN:104,(anonymous_6)
FN:116,(anonymous_7)
FNF:8
FNH:0
FNDA:0,(anonymous_0)
FNDA:0,(anonymous_1)
FNDA:0,(anonymous_2)
FNDA:0,(anonymous_3)
FNDA:0,(anonymous_4)
FNDA:0,(anonymous_5)
FNDA:0,(anonymous_6)
FNDA:0,(anonymous_7)
DA:9,0
DA:11,0
DA:13,0
DA:15,0
DA:19,0
DA:28,0
DA:30,0
DA:34,0
DA:46,0
DA:48,0
DA:52,0
DA:60,0
DA:62,0
DA:66,0
DA:74,0
DA:76,0
DA:80,0
DA:86,0
DA:88,0
DA:92,0
DA:98,0
DA:101,0
DA:105,0
DA:111,0
DA:113,0
DA:117,0
DA:127,0
LF:27
LH:0
BRF:0
BRH:0
end_of_record
TN:
SF:components/ui/alert.tsx
FN:22,Alert
FN:37,AlertTitle
FN:50,AlertDescription
FNF:3
FNH:3
FNDA:8,Alert
FNDA:7,AlertTitle
FNDA:7,AlertDescription
DA:6,1
DA:27,8
DA:41,7
DA:54,7
LF:4
LH:4
BRF:0
BRH:0
end_of_record
TN:
SF:components/ui/avatar.tsx
FN:8,Avatar
FN:24,AvatarImage
FN:37,AvatarFallback
FNF:3
FNH:3
FNDA:10,Avatar
FNDA:1,AvatarImage
FNDA:5,AvatarFallback
DA:12,10
DA:28,1
DA:41,5
LF:3
LH:3
BRF:0
BRH:0
end_of_record
TN:
SF:components/ui/badge.tsx
FN:30,Badge
FNF:1
FNH:1
FNDA:8,Badge
DA:6,1
DA:31,8
LF:2
LH:2
BRF:0
BRH:0
end_of_record
TN:
SF:components/ui/button.tsx
FN:42,Button
FNF:1
FNH:1
FNDA:61,Button
DA:7,3
DA:49,61
DA:50,61
LF:3
LH:3
BRDA:46,0,0,61
BRDA:49,1,0,0
BRDA:49,1,1,61
BRDA:54,2,0,61
BRDA:54,2,1,0
BRF:5
BRH:3
end_of_record
TN:
SF:components/ui/calendar.tsx
FN:17,(anonymous_0)
FN:64,(anonymous_1)
FN:71,(anonymous_2)
FNF:3
FNH:0
FNDA:0,(anonymous_0)
FNDA:0,(anonymous_1)
FNDA:0,(anonymous_2)
DA:17,0
DA:23,0
DA:64,0
DA:71,0
DA:72,0
DA:74,0
DA:76,0
DA:78,0
DA:80,0
DA:82,0
LF:10
LH:0
BRDA:20,0,0,0
BRDA:71,1,0,0
BRDA:72,2,0,0
BRDA:72,2,1,0
BRDA:72,2,2,0
BRDA:72,2,3,0
BRDA:72,2,4,0
BRF:7
BRH:0
end_of_record
TN:
SF:components/ui/card.tsx
FN:5,Card
FN:21,CardHeader
FN:34,CardTitle
FN:50,CardDescription
FN:63,CardContent
FN:76,CardFooter
FNF:6
FNH:6
FNDA:7,Card
FNDA:6,CardHeader
FNDA:7,CardTitle
FNDA:7,CardDescription
FNDA:6,CardContent
FNDA:6,CardFooter
DA:9,7
DA:25,6
DA:38,7
DA:54,7
DA:67,6
DA:80,6
LF:6
LH:6
BRF:0
BRH:0
end_of_record
TN:
SF:components/ui/checkbox.tsx
FN:9,Checkbox
FNF:1
FNH:1
FNDA:14,Checkbox
DA:13,14
LF:1
LH:1
BRF:0
BRH:0
end_of_record
TN:
SF:components/ui/command.tsx
FN:10,Command
FN:35,CommandDialog
FN:47,CommandInput
FN:65,CommandList
FN:81,CommandEmpty
FN:93,CommandGroup
FN:109,CommandSeparator
FN:122,CommandItem
FN:138,CommandShortcut
FNF:9
FNH:0
FNDA:0,Command
FNDA:0,CommandDialog
FNDA:0,CommandInput
FNDA:0,CommandList
FNDA:0,CommandEmpty
FNDA:0,CommandGroup
FNDA:0,CommandSeparator
FNDA:0,CommandItem
FNDA:0,CommandShortcut
DA:17,0
DA:36,0
DA:51,0
DA:69,0
DA:84,0
DA:97,0
DA:113,0
DA:126,0
DA:142,0
DA:152,0
LF:10
LH:0
BRF:0
BRH:0
end_of_record
TN:
SF:components/ui/context-menu.tsx
FN:26,(anonymous_0)
FN:45,(anonymous_1)
FN:60,(anonymous_2)
FN:79,(anonymous_3)
FN:95,(anonymous_4)
FN:119,(anonymous_5)
FN:143,(anonymous_6)
FN:159,(anonymous_7)
FN:168,(anonymous_8)
FNF:9
FNH:1
FNDA:0,(anonymous_0)
FNDA:0,(anonymous_1)
FNDA:11,(anonymous_2)
FNDA:0,(anonymous_3)
FNDA:0,(anonymous_4)
FNDA:0,(anonymous_5)
FNDA:0,(anonymous_6)
FNDA:0,(anonymous_7)
FNDA:0,(anonymous_8)
DA:9,1
DA:11,1
DA:13,1
DA:15,1
DA:17,1
DA:19,1
DA:21,1
DA:27,0
DA:40,1
DA:42,1
DA:46,0
DA:55,1
DA:57,1
DA:61,11
DA:72,1
DA:74,1
DA:80,0
DA:90,1
DA:92,1
DA:96,0
DA:113,1
DA:116,1
DA:120,0
DA:136,1
DA:138,1
DA:144,0
DA:154,1
DA:156,1
DA:160,0
DA:166,1
DA:168,1
DA:172,0
DA:182,1
LF:33
LH:25
BRDA:31,0,0,0
BRDA:31,0,1,0
BRDA:84,1,0,0
BRDA:84,1,1,0
BRDA:148,2,0,0
BRDA:148,2,1,0
BRF:6
BRH:0
end_of_record
TN:
SF:components/ui/dialog.tsx
FN:14,(anonymous_0)
FN:22,(anonymous_1)
FN:29,DialogOverlay
FN:45,DialogContent
FN:71,DialogTitle
FN:87,DialogDescription
FN:100,(anonymous_6)
FN:114,(anonymous_7)
FNF:8
FNH:0
FNDA:0,(anonymous_0)
FNDA:0,(anonymous_1)
FNDA:0,DialogOverlay
FNDA:0,DialogContent
FNDA:0,DialogTitle
FNDA:0,DialogDescription
FNDA:0,(anonymous_6)
FNDA:0,(anonymous_7)
DA:9,0
DA:11,0
DA:15,0
DA:17,0
DA:19,0
DA:23,0
DA:25,0
DA:27,0
DA:33,0
DA:50,0
DA:75,0
DA:91,0
DA:100,0
DA:104,0
DA:112,0
DA:114,0
DA:118,0
DA:126,0
LF:18
LH:0
BRF:0
BRH:0
end_of_record
TN:
SF:components/ui/drawer.tsx
FN:8,(anonymous_0)
FN:28,(anonymous_1)
FN:40,(anonymous_2)
FN:58,(anonymous_3)
FN:69,(anonymous_4)
FN:83,(anonymous_5)
FN:98,(anonymous_6)
FNF:7
FNH:2
FNDA:11,(anonymous_0)
FNDA:0,(anonymous_1)
FNDA:11,(anonymous_2)
FNDA:0,(anonymous_3)
FNDA:0,(anonymous_4)
FNDA:0,(anonymous_5)
FNDA:0,(anonymous_6)
DA:8,1
DA:12,11
DA:17,1
DA:19,1
DA:21,1
DA:23,1
DA:25,1
DA:29,0
DA:35,1
DA:37,1
DA:41,11
DA:56,1
DA:58,1
DA:62,0
DA:67,1
DA:69,1
DA:73,0
DA:78,1
DA:80,1
DA:84,0
DA:93,1
DA:95,1
DA:99,0
DA:105,1
LF:24
LH:19
BRDA:9,0,0,11
BRF:1
BRH:1
end_of_record
TN:
SF:components/ui/dropdown-menu.tsx
FN:14,(anonymous_0)
FN:40,DropdownMenuSubTrigger
FN:64,DropdownMenuSubContent
FN:80,DropdownMenuContent
FN:100,DropdownMenuItem
FN:120,DropdownMenuCheckboxItem
FN:146,DropdownMenuRadioItem
FN:170,DropdownMenuLabel
FN:190,DropdownMenuSeparator
FNF:9
FNH:3
FNDA:30,(anonymous_0)
FNDA:0,DropdownMenuSubTrigger
FNDA:0,DropdownMenuSubContent
FNDA:29,DropdownMenuContent
FNDA:12,DropdownMenuItem
FNDA:0,DropdownMenuCheckboxItem
FNDA:0,DropdownMenuRadioItem
FNDA:0,DropdownMenuLabel
FNDA:0,DropdownMenuSeparator
DA:9,3
DA:11,3
DA:15,30
DA:21,3
DA:23,3
DA:25,3
DA:27,3
DA:29,3
DA:48,0
DA:68,0
DA:85,29
DA:107,12
DA:126,0
DA:151,0
DA:177,0
DA:194,0
LF:16
LH:10
BRDA:53,0,0,0
BRDA:53,0,1,0
BRDA:82,1,0,29
BRDA:112,2,0,12
BRDA:112,2,1,0
BRDA:182,3,0,0
BRDA:182,3,1,0
BRF:7
BRH:2
end_of_record
TN:
SF:components/ui/enhanced-skeleton.tsx
FNF:0
FNH:0
LF:0
LH:0
BRF:0
BRH:0
end_of_record
TN:
SF:components/ui/form.tsx
FN:29,(anonymous_0)
FN:42,(anonymous_1)
FN:73,FormItem
FN:90,FormLabel
FN:107,FormControl
FN:127,FormDescription
FN:143,FormMessage
FNF:7
FNH:0
FNDA:0,(anonymous_0)
FNDA:0,(anonymous_1)
FNDA:0,FormItem
FNDA:0,FormLabel
FNDA:0,FormControl
FNDA:0,FormDescription
FNDA:0,FormMessage
DA:16,0
DA:25,0
DA:29,0
DA:35,0
DA:42,0
DA:43,0
DA:44,0
DA:45,0
DA:47,0
DA:49,0
DA:50,0
DA:53,0
DA:55,0
DA:69,0
DA:77,0
DA:79,0
DA:94,0
DA:96,0
DA:109,0
DA:111,0
DA:131,0
DA:133,0
DA:148,0
DA:149,0
DA:151,0
DA:152,0
DA:155,0
LF:27
LH:0
BRDA:49,0,0,0
BRDA:49,0,1,0
BRDA:99,1,0,0
BRDA:99,1,1,0
BRDA:116,2,0,0
BRDA:116,2,1,0
BRDA:149,3,0,0
BRDA:149,3,1,0
BRDA:151,4,0,0
BRDA:151,4,1,0
BRF:10
BRH:0
end_of_record
TN:
SF:components/ui/input.tsx
FN:5,Input
FNF:1
FNH:1
FNDA:15,Input
DA:11,15
LF:1
LH:1
BRF:0
BRH:0
end_of_record
TN:
SF:components/ui/label.tsx
FN:13,Label
FNF:1
FNH:1
FNDA:9,Label
DA:9,1
DA:18,9
LF:2
LH:2
BRF:0
BRH:0
end_of_record
TN:
SF:components/ui/loading-spinner.tsx
FN:8,LoadingSpinner
FNF:1
FNH:0
FNDA:0,LoadingSpinner
DA:9,0
DA:15,0
LF:2
LH:0
BRDA:8,0,0,0
BRF:1
BRH:0
end_of_record
TN:
SF:components/ui/navigation-menu.tsx
FN:18,NavigationMenuLink2
FN:42,NavigationMenu
FN:62,NavigationMenuList
FN:78,NavigationMenuTrigger
FN:98,NavigationMenuContent
FN:114,NavigationMenuViewport
FN:134,NavigationMenuIndicator
FNF:7
FNH:0
FNDA:0,NavigationMenuLink2
FNDA:0,NavigationMenu
FNDA:0,NavigationMenuList
FNDA:0,NavigationMenuTrigger
FNDA:0,NavigationMenuContent
FNDA:0,NavigationMenuViewport
FNDA:0,NavigationMenuIndicator
DA:8,0
DA:12,0
DA:15,0
DA:20,0
DA:21,0
DA:28,0
DA:29,0
DA:38,0
DA:47,0
DA:66,0
DA:83,0
DA:102,0
DA:118,0
DA:138,0
LF:14
LH:0
BRDA:20,0,0,0
BRDA:20,0,1,0
BRF:2
BRH:0
end_of_record
TN:
SF:components/ui/popover.tsx
FN:13,(anonymous_0)
FN:18,PopoverContent
FNF:2
FNH:0
FNDA:0,(anonymous_0)
FNDA:0,PopoverContent
DA:8,0
DA:10,0
DA:14,0
DA:16,0
DA:24,0
LF:5
LH:0
BRDA:20,0,0,0
BRDA:21,1,0,0
BRF:2
BRH:0
end_of_record
TN:
SF:components/ui/progress.tsx
FN:8,Progress
FNF:1
FNH:1
FNDA:10,Progress
DA:13,10
LF:1
LH:1
BRDA:25,0,0,10
BRDA:25,0,1,2
BRF:2
BRH:2
end_of_record
TN:
SF:components/ui/scroll-area.tsx
FN:8,ScrollArea
FN:28,ScrollBar
FNF:2
FNH:0
FNDA:0,ScrollArea
FNDA:0,ScrollBar
DA:13,0
DA:33,0
LF:2
LH:0
BRDA:30,0,0,0
BRDA:39,1,0,0
BRDA:39,1,1,0
BRDA:41,2,0,0
BRDA:41,2,1,0
BRF:5
BRH:0
end_of_record
TN:
SF:components/ui/select.tsx
FN:9,(anonymous_0)
FN:17,(anonymous_1)
FN:21,(anonymous_2)
FN:42,SelectTrigger
FN:65,SelectScrollUpButton
FN:83,SelectScrollDownButton
FN:101,SelectContent
FN:136,SelectLabel
FN:149,SelectItem
FN:157,(anonymous_9)
FN:175,SelectSeparator
FNF:11
FNH:0
FNDA:0,(anonymous_0)
FNDA:0,(anonymous_1)
FNDA:0,(anonymous_2)
FNDA:0,SelectTrigger
FNDA:0,SelectScrollUpButton
FNDA:0,SelectScrollDownButton
FNDA:0,SelectContent
FNDA:0,SelectLabel
FNDA:0,SelectItem
FNDA:0,(anonymous_9)
FNDA:0,SelectSeparator
DA:9,0
DA:15,0
DA:17,0
DA:18,0
DA:19,0
DA:21,0
DA:22,0
DA:27,0
DA:38,0
DA:40,0
DA:47,0
DA:69,0
DA:87,0
DA:107,0
DA:140,0
DA:154,0
DA:157,0
DA:179,0
LF:18
LH:0
BRDA:18,0,0,0
BRDA:18,0,1,0
BRDA:19,1,0,0
BRDA:19,1,1,0
BRDA:22,2,0,0
BRDA:22,2,1,0
BRDA:29,3,0,0
BRDA:29,3,1,0
BRDA:104,4,0,0
BRDA:113,5,0,0
BRDA:113,5,1,0
BRDA:124,6,0,0
BRDA:124,6,1,0
BRF:13
BRH:0
end_of_record
TN:
SF:components/ui/sheet.tsx
FN:15,(anonymous_0)
FN:23,(anonymous_1)
FN:53,SheetOverlay
FN:69,SheetContent
FN:93,SheetTitle
FN:106,SheetDescription
FN:119,(anonymous_6)
FN:133,(anonymous_7)
FNF:8
FNH:0
FNDA:0,(anonymous_0)
FNDA:0,(anonymous_1)
FNDA:0,SheetOverlay
FNDA:0,SheetContent
FNDA:0,SheetTitle
FNDA:0,SheetDescription
FNDA:0,(anonymous_6)
FNDA:0,(anonymous_7)
DA:10,0
DA:12,0
DA:16,0
DA:18,0
DA:20,0
DA:24,0
DA:26,0
DA:28,0
DA:30,0
DA:57,0
DA:75,0
DA:97,0
DA:110,0
DA:119,0
DA:123,0
DA:131,0
DA:133,0
DA:137,0
DA:145,0
LF:19
LH:0
BRDA:70,0,0,0
BRF:1
BRH:0
end_of_record
TN:
SF:components/ui/skeleton.tsx
FN:4,Skeleton
FNF:1
FNH:1
FNDA:475,Skeleton
DA:8,475
LF:1
LH:1
BRF:0
BRH:0
end_of_record
TN:
SF:components/ui/slider.tsx
FN:9,(anonymous_0)
FNF:1
FNH:0
FNDA:0,(anonymous_0)
DA:6,0
DA:10,0
DA:24,0
LF:3
LH:0
BRF:0
BRH:0
end_of_record
TN:
SF:components/ui/sonner.tsx
FN:6,(anonymous_0)
FNF:1
FNH:0
FNDA:0,(anonymous_0)
DA:6,0
DA:7,0
DA:9,0
LF:3
LH:0
BRDA:7,0,0,0
BRF:1
BRH:0
end_of_record
TN:
SF:components/ui/switch.tsx
FN:8,Switch
FNF:1
FNH:1
FNDA:12,Switch
DA:12,12
LF:1
LH:1
BRF:0
BRH:0
end_of_record
TN:
SF:components/ui/table.tsx
FN:8,(anonymous_0)
FN:22,(anonymous_1)
FN:30,(anonymous_2)
FN:42,(anonymous_3)
FN:57,(anonymous_4)
FN:72,(anonymous_5)
FN:87,(anonymous_6)
FN:99,(anonymous_7)
FNF:8
FNH:0
FNDA:0,(anonymous_0)
FNDA:0,(anonymous_1)
FNDA:0,(anonymous_2)
FNDA:0,(anonymous_3)
FNDA:0,(anonymous_4)
FNDA:0,(anonymous_5)
FNDA:0,(anonymous_6)
FNDA:0,(anonymous_7)
DA:5,0
DA:9,0
DA:17,0
DA:19,0
DA:23,0
DA:25,0
DA:27,0
DA:31,0
DA:37,0
DA:39,0
DA:43,0
DA:52,0
DA:54,0
DA:58,0
DA:67,0
DA:69,0
DA:73,0
DA:82,0
DA:84,0
DA:88,0
DA:94,0
DA:96,0
DA:100,0
DA:106,0
LF:24
LH:0
BRF:0
BRH:0
end_of_record
TN:
SF:components/ui/tabs.tsx
FN:10,TabsList
FN:26,TabsTrigger
FN:43,TabsContent
FNF:3
FNH:0
FNDA:0,TabsList
FNDA:0,TabsTrigger
FNDA:0,TabsContent
DA:8,0
DA:14,0
DA:30,0
DA:47,0
DA:60,0
DA:61,0
DA:62,0
LF:7
LH:0
BRF:0
BRH:0
end_of_record
TN:
SF:components/ui/textarea.tsx
FN:5,Textarea
FNF:1
FNH:1
FNDA:13,Textarea
DA:9,13
LF:1
LH:1
BRF:0
BRH:0
end_of_record
TN:
SF:components/ui/toast.tsx
FN:26,ToastViewport
FN:42,Toast
FN:57,ToastAction
FN:73,ToastClose
FN:91,ToastTitle
FN:104,ToastDescription
FNF:6
FNH:0
FNDA:0,ToastViewport
FNDA:0,Toast
FNDA:0,ToastAction
FNDA:0,ToastClose
FNDA:0,ToastTitle
FNDA:0,ToastDescription
DA:8,0
DA:10,0
DA:30,0
DA:48,0
DA:61,0
DA:77,0
DA:95,0
DA:108,0
LF:8
LH:0
BRF:0
BRH:0
end_of_record
TN:
SF:components/ui/toaster.tsx
FN:13,Toaster
FN:18,(anonymous_1)
FNF:2
FNH:0
FNDA:0,Toaster
FNDA:0,(anonymous_1)
DA:14,0
DA:16,0
DA:19,0
LF:3
LH:0
BRDA:22,0,0,0
BRDA:22,0,1,0
BRDA:23,1,0,0
BRDA:23,1,1,0
BRF:4
BRH:0
end_of_record
TN:
SF:components/ui/toggle.tsx
FN:31,Toggle
FNF:1
FNH:1
FNDA:13,Toggle
DA:9,1
DA:38,13
LF:2
LH:2
BRF:0
BRH:0
end_of_record
TN:
SF:components/ui/tooltip.tsx
FN:14,TooltipContent
FNF:1
FNH:0
FNDA:0,TooltipContent
DA:8,0
DA:10,0
DA:12,0
DA:19,0
DA:31,0
LF:5
LH:0
BRDA:16,0,0,0
BRF:1
BRH:0
end_of_record
TN:
SF:components/ui/use-toast.ts
FN:26,genId
FN:57,(anonymous_1)
FN:62,(anonymous_2)
FN:73,(anonymous_3)
FN:84,(anonymous_4)
FN:97,(anonymous_5)
FN:104,(anonymous_6)
FN:123,(anonymous_7)
FN:132,dispatch
FN:134,(anonymous_9)
FN:141,toast
FN:144,(anonymous_11)
FN:149,(anonymous_12)
FN:157,(anonymous_13)
FN:170,useToast
FN:173,(anonymous_15)
FN:175,(anonymous_16)
FN:186,(anonymous_17)
FNF:18
FNH:0
FNDA:0,genId
FNDA:0,(anonymous_1)
FNDA:0,(anonymous_2)
FNDA:0,(anonymous_3)
FNDA:0,(anonymous_4)
FNDA:0,(anonymous_5)
FNDA:0,(anonymous_6)
FNDA:0,(anonymous_7)
FNDA:0,dispatch
FNDA:0,(anonymous_9)
FNDA:0,toast
FNDA:0,(anonymous_11)
FNDA:0,(anonymous_12)
FNDA:0,(anonymous_13)
FNDA:0,useToast
FNDA:0,(anonymous_15)
FNDA:0,(anonymous_16)
FNDA:0,(anonymous_17)
DA:6,0
DA:7,0
DA:17,0
DA:24,0
DA:27,0
DA:28,0
DA:55,0
DA:57,0
DA:58,0
DA:59,0
DA:62,0
DA:63,0
DA:64,0
DA:70,0
DA:73,0
DA:74,0
DA:76,0
DA:82,0
DA:85,0
DA:90,0
DA:94,0
DA:95,0
DA:97,0
DA:98,0
DA:102,0
DA:105,0
DA:115,0
DA:116,0
DA:121,0
DA:123,0
DA:128,0
DA:130,0
DA:133,0
DA:134,0
DA:135,0
DA:142,0
DA:144,0
DA:145,0
DA:149,0
DA:151,0
DA:158,0
DA:163,0
DA:171,0
DA:173,0
DA:174,0
DA:175,0
DA:176,0
DA:177,0
DA:178,0
DA:183,0
DA:186,0
LF:51
LH:0
BRDA:58,0,0,0
BRDA:58,0,1,0
BRDA:74,1,0,0
BRDA:74,1,1,0
BRDA:74,1,2,0
BRDA:74,1,3,0
BRDA:85,2,0,0
BRDA:85,2,1,0
BRDA:94,3,0,0
BRDA:94,3,1,0
BRDA:105,4,0,0
BRDA:105,4,1,0
BRDA:105,5,0,0
BRDA:105,5,1,0
BRDA:115,6,0,0
BRDA:115,6,1,0
BRDA:158,7,0,0
BRDA:158,7,1,0
BRDA:177,8,0,0
BRDA:177,8,1,0
BRF:20
BRH:0
end_of_record
TN:
SF:components/ui/visually-hidden.tsx
FNF:0
FNH:0
DA:5,1
LF:1
LH:1
BRF:0
BRH:0
end_of_record
TN:
SF:hooks/use-action-menu.ts
FN:10,useActionMenu
FN:16,(anonymous_1)
FN:27,(anonymous_2)
FN:38,(anonymous_3)
FNF:4
FNH:4
FNDA:17,useActionMenu
FNDA:2,(anonymous_1)
FNDA:2,(anonymous_2)
FNDA:2,(anonymous_3)
DA:11,17
DA:12,17
DA:15,17
DA:17,2
DA:18,1
DA:19,1
DA:20,1
DA:26,17
DA:28,2
DA:29,1
DA:30,1
DA:37,17
DA:39,2
DA:40,1
DA:41,1
DA:42,1
DA:48,17
LF:17
LH:17
BRDA:17,0,0,1
BRDA:17,0,1,1
BRDA:28,1,0,1
BRDA:28,1,1,1
BRDA:39,2,0,1
BRDA:39,2,1,1
BRF:6
BRH:6
end_of_record
TN:
SF:hooks/use-cache-invalidation.ts
FN:5,useCacheInvalidation
FN:8,(anonymous_1)
FNF:2
FNH:2
FNDA:4,useCacheInvalidation
FNDA:3,(anonymous_1)
DA:6,4
DA:8,4
DA:10,3
DA:17,3
LF:4
LH:4
BRF:0
BRH:0
end_of_record
TN:
SF:hooks/use-mobile.ts
FN:10,useMobile
FN:13,(anonymous_1)
FN:14,(anonymous_2)
FN:28,(anonymous_3)
FNF:4
FNH:4
FNDA:66,useMobile
FNDA:39,(anonymous_1)
FNDA:40,(anonymous_2)
FNDA:39,(anonymous_3)
DA:11,66
DA:13,66
DA:14,39
DA:17,40
DA:21,40
DA:22,40
DA:25,39
DA:26,39
DA:28,39
DA:29,39
DA:33,66
LF:11
LH:11
BRDA:17,0,0,40
BRDA:17,0,1,6
BRDA:17,0,2,5
BRDA:22,1,0,40
BRDA:22,1,1,5
BRF:5
BRH:5
end_of_record
TN:
SF:hooks/use-navigation-guard.ts
FN:12,useNavigationGuard
FN:19,(anonymous_1)
FN:23,(anonymous_2)
FN:29,(anonymous_3)
FN:32,(anonymous_4)
FN:39,(anonymous_5)
FN:45,(anonymous_6)
FN:48,(anonymous_7)
FN:61,(anonymous_8)
FN:67,(anonymous_9)
FN:90,(anonymous_10)
FN:97,(anonymous_11)
FNF:12
FNH:12
FNDA:33,useNavigationGuard
FNDA:7,(anonymous_1)
FNDA:1,(anonymous_2)
FNDA:25,(anonymous_3)
FNDA:1,(anonymous_4)
FNDA:15,(anonymous_5)
FNDA:25,(anonymous_6)
FNDA:1,(anonymous_7)
FNDA:15,(anonymous_8)
FNDA:25,(anonymous_9)
FNDA:2,(anonymous_10)
FNDA:25,(anonymous_11)
DA:13,33
DA:14,33
DA:15,33
DA:16,33
DA:19,33
DA:20,7
DA:21,6
DA:23,6
DA:24,1
DA:29,33
DA:30,25
DA:32,15
DA:33,1
DA:34,1
DA:35,1
DA:38,15
DA:39,15
DA:40,15
DA:45,33
DA:46,25
DA:48,15
DA:50,1
DA:51,1
DA:55,15
DA:56,15
DA:57,15
DA:60,15
DA:61,15
DA:62,15
DA:67,33
DA:69,25
DA:70,22
DA:71,22
DA:75,3
DA:83,0
DA:86,3
DA:90,33
DA:91,2
DA:92,1
DA:93,1
DA:97,33
DA:98,25
DA:99,10
DA:103,33
LF:44
LH:43
BRDA:20,0,0,1
BRDA:20,0,1,6
BRDA:30,1,0,10
BRDA:30,1,1,15
BRDA:46,2,0,10
BRDA:46,2,1,15
BRDA:56,3,0,15
BRDA:56,3,1,0
BRDA:69,4,0,22
BRDA:69,4,1,3
BRDA:75,5,0,0
BRDA:75,5,1,3
BRDA:76,6,0,3
BRDA:76,6,1,0
BRDA:76,6,2,0
BRDA:91,7,0,1
BRDA:91,7,1,1
BRDA:98,8,0,10
BRDA:98,8,1,15
BRF:19
BRH:15
end_of_record
TN:
SF:hooks/use-smart-loading.ts
FN:8,useConvexQuery
FNF:1
FNH:1
FNDA:20,useConvexQuery
DA:13,20
DA:15,20
LF:2
LH:2
BRDA:19,0,0,3
BRDA:19,0,1,17
BRF:2
BRH:2
end_of_record
TN:
SF:hooks/use-trace-context.ts
FN:9,generateTraceId
FN:30,useTraceContext
FN:31,(anonymous_2)
FN:39,(anonymous_3)
FNF:4
FNH:0
FNDA:0,generateTraceId
FNDA:0,useTraceContext
FNDA:0,(anonymous_2)
FNDA:0,(anonymous_3)
DA:10,0
DA:31,0
DA:32,0
DA:38,0
DA:43,0
DA:45,0
DA:46,0
DA:49,0
DA:50,0
DA:51,0
DA:52,0
DA:54,0
DA:56,0
DA:57,0
DA:63,0
LF:15
LH:0
BRDA:45,0,0,0
BRDA:45,0,1,0
BRDA:51,1,0,0
BRDA:51,1,1,0
BRF:4
BRH:0
end_of_record
TN:
SF:hooks/use-traced-mutation.ts
FN:28,useTracedMutation
FN:37,(anonymous_1)
FN:72,useTracedMutationWithRaw
FNF:3
FNH:0
FNDA:0,useTracedMutation
FNDA:0,(anonymous_1)
FNDA:0,useTracedMutationWithRaw
DA:34,0
DA:36,0
DA:38,0
DA:40,0
DA:41,0
DA:44,0
DA:46,0
DA:52,0
DA:53,0
DA:56,0
DA:58,0
DA:59,0
DA:65,0
DA:78,0
DA:79,0
DA:81,0
LF:16
LH:0
BRDA:40,0,0,0
BRDA:40,0,1,0
BRDA:52,1,0,0
BRDA:52,1,1,0
BRF:4
BRH:0
end_of_record
TN:
SF:hooks/use-transient-form.ts
FN:69,useTransientForm
FN:93,(anonymous_1)
FN:99,(anonymous_2)
FN:130,useNavigationDetection
FN:141,(anonymous_4)
FNF:5
FNH:5
FNDA:35,useTransientForm
FNDA:3,(anonymous_1)
FNDA:17,(anonymous_2)
FNDA:15,useNavigationDetection
FNDA:13,(anonymous_4)
DA:75,35
DA:78,35
DA:81,35
DA:84,35
DA:93,35
DA:94,3
DA:95,3
DA:99,35
DA:101,17
DA:102,13
DA:103,13
DA:104,13
DA:108,4
DA:110,2
DA:111,2
DA:112,2
DA:116,35
DA:137,15
DA:138,15
DA:139,15
DA:141,15
DA:142,13
DA:143,7
DA:144,7
DA:145,7
DA:148,6
DA:149,6
DA:150,6
DA:154,15
LF:29
LH:29
BRDA:101,0,0,13
BRDA:101,0,1,4
BRDA:108,1,0,2
BRDA:108,1,1,2
BRDA:130,2,0,15
BRDA:142,3,0,7
BRDA:142,3,1,6
BRDA:148,4,0,6
BRDA:148,4,1,0
BRF:9
BRH:8
end_of_record
TN:
SF:hooks/convex/index.ts
FNF:0
FNH:0
LF:0
LH:0
BRF:0
BRH:0
end_of_record
TN:
SF:hooks/convex/use-accounts.ts
FN:12,initApi
FN:25,useLinkedAccounts
FN:32,useHasLinkedProviders
FN:39,useUnlinkAccount
FN:44,(anonymous_4)
FN:76,useAccountManagement
FNF:6
FNH:0
FNDA:0,initApi
FNDA:0,useLinkedAccounts
FNDA:0,useHasLinkedProviders
FNDA:0,useUnlinkAccount
FNDA:0,(anonymous_4)
FNDA:0,useAccountManagement
DA:13,0
DA:15,0
DA:16,0
DA:17,0
DA:20,0
DA:26,0
DA:33,0
DA:40,0
DA:41,0
DA:43,0
DA:45,0
DA:46,0
DA:48,0
DA:53,0
DA:56,0
DA:60,0
DA:66,0
DA:77,0
DA:78,0
DA:79,0
DA:81,0
LF:21
LH:0
BRDA:13,0,0,0
BRDA:13,0,1,0
BRDA:16,1,0,0
BRDA:16,1,1,0
BRDA:17,2,0,0
BRDA:17,2,1,0
BRDA:56,3,0,0
BRDA:56,3,1,0
BRDA:83,4,0,0
BRDA:83,4,1,0
BRDA:84,5,0,0
BRDA:84,5,1,0
BRDA:85,6,0,0
BRDA:85,6,1,0
BRF:14
BRH:0
end_of_record
TN:
SF:hooks/convex/use-availability.ts
FN:15,initApi
FN:30,useEventAvailabilityData
FN:37,useEventPotentialDates
FN:46,useSubmitAvailability
FN:50,(anonymous_4)
FN:83,useUpdateSingleAvailability
FN:87,(anonymous_6)
FN:118,useClearAllAvailability
FN:122,(anonymous_8)
FN:146,useAddPotentialDateTimes
FN:150,(anonymous_10)
FN:157,(anonymous_11)
FN:180,useRemovePotentialDateTimes
FN:184,(anonymous_13)
FNF:14
FNH:0
FNDA:0,initApi
FNDA:0,useEventAvailabilityData
FNDA:0,useEventPotentialDates
FNDA:0,useSubmitAvailability
FNDA:0,(anonymous_4)
FNDA:0,useUpdateSingleAvailability
FNDA:0,(anonymous_6)
FNDA:0,useClearAllAvailability
FNDA:0,(anonymous_8)
FNDA:0,useAddPotentialDateTimes
FNDA:0,(anonymous_10)
FNDA:0,(anonymous_11)
FNDA:0,useRemovePotentialDateTimes
FNDA:0,(anonymous_13)
DA:16,0
DA:18,0
DA:19,0
DA:20,0
DA:23,0
DA:31,0
DA:38,0
DA:47,0
DA:48,0
DA:50,0
DA:57,0
DA:58,0
DA:63,0
DA:68,0
DA:70,0
DA:75,0
DA:84,0
DA:85,0
DA:87,0
DA:91,0
DA:92,0
DA:98,0
DA:103,0
DA:105,0
DA:110,0
DA:119,0
DA:120,0
DA:122,0
DA:123,0
DA:124,0
DA:126,0
DA:131,0
DA:133,0
DA:138,0
DA:147,0
DA:148,0
DA:150,0
DA:154,0
DA:155,0
DA:157,0
DA:160,0
DA:165,0
DA:167,0
DA:172,0
DA:181,0
DA:182,0
DA:184,0
DA:185,0
DA:186,0
DA:188,0
DA:193,0
DA:195,0
DA:200,0
DA:210,0
LF:54
LH:0
BRDA:16,0,0,0
BRDA:16,0,1,0
BRDA:19,1,0,0
BRDA:19,1,1,0
BRDA:20,2,0,0
BRDA:20,2,1,0
BRF:6
BRH:0
end_of_record
TN:
SF:hooks/convex/use-events.ts
FN:17,initApi
FN:33,useEventHeaderData
FN:40,useEventAttendeesData
FN:48,useEventNewPostPageData
FN:55,useMutualEvents
FN:62,useUserEvents
FN:71,useCreateEvent
FN:75,(anonymous_7)
FN:109,useUpdateEvent
FN:113,(anonymous_9)
FN:147,useDeleteEvent
FN:151,(anonymous_11)
FN:175,useLeaveEvent
FN:179,(anonymous_13)
FN:203,useUpdateRSVP
FN:210,useResetEventDate
FN:217,useUpdatePotentialDateTimes
FN:226,useEventManagement
FN:234,(anonymous_18)
FN:242,(anonymous_19)
FN:246,(anonymous_20)
FNF:21
FNH:0
FNDA:0,initApi
FNDA:0,useEventHeaderData
FNDA:0,useEventAttendeesData
FNDA:0,useEventNewPostPageData
FNDA:0,useMutualEvents
FNDA:0,useUserEvents
FNDA:0,useCreateEvent
FNDA:0,(anonymous_7)
FNDA:0,useUpdateEvent
FNDA:0,(anonymous_9)
FNDA:0,useDeleteEvent
FNDA:0,(anonymous_11)
FNDA:0,useLeaveEvent
FNDA:0,(anonymous_13)
FNDA:0,useUpdateRSVP
FNDA:0,useResetEventDate
FNDA:0,useUpdatePotentialDateTimes
FNDA:0,useEventManagement
FNDA:0,(anonymous_18)
FNDA:0,(anonymous_19)
FNDA:0,(anonymous_20)
DA:18,0
DA:20,0
DA:21,0
DA:22,0
DA:23,0
DA:26,0
DA:34,0
DA:41,0
DA:49,0
DA:56,0
DA:63,0
DA:72,0
DA:73,0
DA:75,0
DA:81,0
DA:82,0
DA:89,0
DA:94,0
DA:96,0
DA:101,0
DA:110,0
DA:111,0
DA:113,0
DA:119,0
DA:120,0
DA:127,0
DA:132,0
DA:134,0
DA:139,0
DA:148,0
DA:149,0
DA:151,0
DA:152,0
DA:153,0
DA:155,0
DA:160,0
DA:162,0
DA:167,0
DA:176,0
DA:177,0
DA:179,0
DA:180,0
DA:181,0
DA:183,0
DA:188,0
DA:190,0
DA:195,0
DA:204,0
DA:211,0
DA:218,0
DA:227,0
DA:228,0
DA:230,0
DA:231,0
DA:232,0
DA:234,0
DA:239,0
DA:242,0
DA:243,0
DA:246,0
DA:247,0
DA:250,0
DA:272,0
DA:277,0
LF:64
LH:0
BRDA:18,0,0,0
BRDA:18,0,1,0
BRDA:21,1,0,0
BRDA:21,1,1,0
BRDA:22,2,0,0
BRDA:22,2,1,0
BRDA:23,3,0,0
BRDA:23,3,1,0
BRF:8
BRH:0
end_of_record
TN:
SF:hooks/convex/use-file-upload.ts
FN:10,initApi
FN:39,useFileUpload
FN:43,(anonymous_2)
FN:89,useFileDelete
FN:92,(anonymous_4)
FNF:5
FNH:0
FNDA:0,initApi
FNDA:0,useFileUpload
FNDA:0,(anonymous_2)
FNDA:0,useFileDelete
FNDA:0,(anonymous_4)
DA:11,0
DA:13,0
DA:14,0
DA:17,0
DA:40,0
DA:41,0
DA:43,0
DA:44,0
DA:46,0
DA:48,0
DA:51,0
DA:59,0
DA:60,0
DA:64,0
DA:68,0
DA:73,0
DA:74,0
DA:76,0
DA:80,0
DA:90,0
DA:92,0
DA:93,0
DA:94,0
DA:95,0
DA:97,0
DA:98,0
DA:102,0
LF:27
LH:0
BRDA:11,0,0,0
BRDA:11,0,1,0
BRDA:14,1,0,0
BRDA:14,1,1,0
BRDA:59,2,0,0
BRDA:59,2,1,0
BRF:6
BRH:0
end_of_record
TN:
SF:hooks/convex/use-invites.ts
FN:14,initApi
FN:29,useEventInvites
FN:36,useInviteByToken
FN:45,useCreateInvite
FN:49,(anonymous_4)
FN:83,useUpdateInvite
FN:87,(anonymous_6)
FN:121,useDeleteInvites
FN:125,(anonymous_8)
FN:149,useAcceptInvite
FN:153,(anonymous_10)
FNF:11
FNH:0
FNDA:0,initApi
FNDA:0,useEventInvites
FNDA:0,useInviteByToken
FNDA:0,useCreateInvite
FNDA:0,(anonymous_4)
FNDA:0,useUpdateInvite
FNDA:0,(anonymous_6)
FNDA:0,useDeleteInvites
FNDA:0,(anonymous_8)
FNDA:0,useAcceptInvite
FNDA:0,(anonymous_10)
DA:15,0
DA:17,0
DA:18,0
DA:19,0
DA:22,0
DA:30,0
DA:37,0
DA:46,0
DA:47,0
DA:49,0
DA:55,0
DA:56,0
DA:63,0
DA:68,0
DA:70,0
DA:75,0
DA:84,0
DA:85,0
DA:87,0
DA:93,0
DA:94,0
DA:101,0
DA:106,0
DA:108,0
DA:113,0
DA:122,0
DA:123,0
DA:125,0
DA:126,0
DA:127,0
DA:129,0
DA:134,0
DA:136,0
DA:141,0
DA:150,0
DA:151,0
DA:153,0
DA:154,0
DA:155,0
DA:157,0
DA:162,0
DA:164,0
DA:169,0
LF:43
LH:0
BRDA:15,0,0,0
BRDA:15,0,1,0
BRDA:18,1,0,0
BRDA:18,1,1,0
BRDA:19,2,0,0
BRDA:19,2,1,0
BRDA:98,3,0,0
BRDA:98,3,1,0
BRF:8
BRH:0
end_of_record
TN:
SF:hooks/convex/use-notifications.ts
FN:16,initApi
FN:62,useNotifications
FN:75,useUnreadNotificationCount
FN:82,useNotificationSettings
FN:90,usePaginatedNotifications
FN:105,useMarkNotificationAsRead
FN:109,(anonymous_6)
FN:127,useMarkNotificationAsUnread
FN:131,(anonymous_8)
FN:148,useMarkAllNotificationsAsRead
FN:152,(anonymous_10)
FN:174,useMarkEventNotificationsAsRead
FN:177,(anonymous_12)
FN:190,useDeleteNotification
FN:194,(anonymous_14)
FN:215,useDeleteAllNotifications
FN:219,(anonymous_16)
FN:247,useNotificationManagement
FNF:18
FNH:0
FNDA:0,initApi
FNDA:0,useNotifications
FNDA:0,useUnreadNotificationCount
FNDA:0,useNotificationSettings
FNDA:0,usePaginatedNotifications
FNDA:0,useMarkNotificationAsRead
FNDA:0,(anonymous_6)
FNDA:0,useMarkNotificationAsUnread
FNDA:0,(anonymous_8)
FNDA:0,useMarkAllNotificationsAsRead
FNDA:0,(anonymous_10)
FNDA:0,useMarkEventNotificationsAsRead
FNDA:0,(anonymous_12)
FNDA:0,useDeleteNotification
FNDA:0,(anonymous_14)
FNDA:0,useDeleteAllNotifications
FNDA:0,(anonymous_16)
FNDA:0,useNotificationManagement
DA:17,0
DA:20,0
DA:21,0
DA:22,0
DA:27,0
DA:66,0
DA:76,0
DA:83,0
DA:94,0
DA:106,0
DA:107,0
DA:109,0
DA:110,0
DA:111,0
DA:114,0
DA:119,0
DA:128,0
DA:129,0
DA:131,0
DA:132,0
DA:133,0
DA:135,0
DA:140,0
DA:149,0
DA:150,0
DA:152,0
DA:153,0
DA:154,0
DA:155,0
DA:159,0
DA:161,0
DA:166,0
DA:175,0
DA:177,0
DA:178,0
DA:179,0
DA:182,0
DA:191,0
DA:192,0
DA:194,0
DA:195,0
DA:196,0
DA:197,0
DA:202,0
DA:207,0
DA:216,0
DA:217,0
DA:219,0
DA:220,0
DA:221,0
DA:222,0
DA:226,0
DA:228,0
DA:233,0
DA:248,0
DA:249,0
DA:250,0
DA:252,0
DA:253,0
DA:254,0
DA:255,0
DA:257,0
LF:62
LH:0
BRDA:17,0,0,0
BRDA:17,0,1,0
BRDA:21,1,0,0
BRDA:21,1,1,0
BRDA:22,2,0,0
BRDA:22,2,1,0
BRDA:62,3,0,0
BRDA:90,4,0,0
BRDA:259,5,0,0
BRDA:259,5,1,0
BRDA:260,6,0,0
BRDA:260,6,1,0
BRF:12
BRH:0
end_of_record
TN:
SF:hooks/convex/use-posts.ts
FN:14,initApi
FN:29,useEventPostFeed
FN:36,usePost
FN:43,usePostDetail
FN:51,usePaginatedEventPosts
FN:60,useCreatePost
FN:64,(anonymous_6)
FN:96,useUpdatePost
FN:100,(anonymous_8)
FN:132,useDeletePost
FN:136,(anonymous_10)
FN:182,useOptimisticPosts
FN:190,(anonymous_12)
FN:202,(anonymous_13)
FN:206,(anonymous_14)
FN:222,(anonymous_15)
FN:261,(anonymous_16)
FNF:17
FNH:0
FNDA:0,initApi
FNDA:0,useEventPostFeed
FNDA:0,usePost
FNDA:0,usePostDetail
FNDA:0,usePaginatedEventPosts
FNDA:0,useCreatePost
FNDA:0,(anonymous_6)
FNDA:0,useUpdatePost
FNDA:0,(anonymous_8)
FNDA:0,useDeletePost
FNDA:0,(anonymous_10)
FNDA:0,useOptimisticPosts
FNDA:0,(anonymous_12)
FNDA:0,(anonymous_13)
FNDA:0,(anonymous_14)
FNDA:0,(anonymous_15)
FNDA:0,(anonymous_16)
DA:15,0
DA:17,0
DA:18,0
DA:19,0
DA:22,0
DA:30,0
DA:37,0
DA:44,0
DA:52,0
DA:61,0
DA:62,0
DA:64,0
DA:69,0
DA:70,0
DA:76,0
DA:81,0
DA:83,0
DA:88,0
DA:97,0
DA:98,0
DA:100,0
DA:105,0
DA:106,0
DA:112,0
DA:117,0
DA:119,0
DA:124,0
DA:133,0
DA:134,0
DA:136,0
DA:137,0
DA:138,0
DA:140,0
DA:145,0
DA:147,0
DA:152,0
DA:184,0
DA:185,0
DA:188,0
DA:195,0
DA:197,0
DA:198,0
DA:201,0
DA:202,0
DA:205,0
DA:206,0
DA:207,0
DA:213,0
DA:218,0
DA:219,0
DA:220,0
DA:222,0
DA:227,0
DA:248,0
DA:250,0
DA:252,0
DA:256,0
DA:257,0
DA:261,0
DA:263,0
DA:265,0
DA:266,0
DA:270,0
DA:274,0
LF:64
LH:0
BRDA:15,0,0,0
BRDA:15,0,1,0
BRDA:18,1,0,0
BRDA:18,1,1,0
BRDA:19,2,0,0
BRDA:19,2,1,0
BRDA:185,3,0,0
BRDA:185,3,1,0
BRDA:195,4,0,0
BRDA:195,4,1,0
BRDA:195,4,2,0
BRDA:195,4,3,0
BRDA:197,5,0,0
BRDA:197,5,1,0
BRDA:201,6,0,0
BRDA:201,6,1,0
BRDA:205,7,0,0
BRDA:205,7,1,0
BRDA:205,8,0,0
BRDA:205,8,1,0
BRDA:207,9,0,0
BRDA:207,9,1,0
BRF:22
BRH:0
end_of_record
TN:
SF:hooks/convex/use-presence.ts
FN:38,usePostPresence
FN:65,useEventPresence
FN:89,usePostViewers
FN:107,useTypingIndicators
FN:120,useTypingState
FN:124,(anonymous_5)
FN:140,(anonymous_6)
FN:170,(anonymous_7)
FN:193,(anonymous_8)
FN:194,(anonymous_9)
FN:211,useUpdateLastSeen
FN:214,(anonymous_11)
FN:227,useAppPresence
FN:241,(anonymous_13)
FN:248,(anonymous_14)
FN:252,(anonymous_15)
FNF:16
FNH:0
FNDA:0,usePostPresence
FNDA:0,useEventPresence
FNDA:0,usePostViewers
FNDA:0,useTypingIndicators
FNDA:0,useTypingState
FNDA:0,(anonymous_5)
FNDA:0,(anonymous_6)
FNDA:0,(anonymous_7)
FNDA:0,(anonymous_8)
FNDA:0,(anonymous_9)
FNDA:0,useUpdateLastSeen
FNDA:0,(anonymous_11)
FNDA:0,useAppPresence
FNDA:0,(anonymous_13)
FNDA:0,(anonymous_14)
FNDA:0,(anonymous_15)
DA:10,0
DA:13,0
DA:42,0
DA:43,0
DA:44,0
DA:48,0
DA:55,0
DA:69,0
DA:70,0
DA:71,0
DA:73,0
DA:80,0
DA:90,0
DA:93,0
DA:100,0
DA:108,0
DA:113,0
DA:124,0
DA:125,0
DA:126,0
DA:127,0
DA:128,0
DA:129,0
DA:132,0
DA:139,0
DA:141,0
DA:144,0
DA:145,0
DA:146,0
DA:150,0
DA:151,0
DA:153,0
DA:155,0
DA:168,0
DA:170,0
DA:171,0
DA:172,0
DA:173,0
DA:174,0
DA:193,0
DA:194,0
DA:195,0
DA:196,0
DA:201,0
DA:212,0
DA:214,0
DA:215,0
DA:216,0
DA:228,0
DA:229,0
DA:231,0
DA:239,0
DA:241,0
DA:242,0
DA:245,0
DA:248,0
DA:249,0
DA:252,0
DA:255,0
LF:59
LH:0
BRDA:42,0,0,0
BRDA:42,0,1,0
BRDA:43,1,0,0
BRDA:43,1,1,0
BRDA:44,2,0,0
BRDA:44,2,1,0
BRDA:52,3,0,0
BRDA:52,3,1,0
BRDA:69,4,0,0
BRDA:69,4,1,0
BRDA:70,5,0,0
BRDA:70,5,1,0
BRDA:71,6,0,0
BRDA:71,6,1,0
BRDA:77,7,0,0
BRDA:77,7,1,0
BRDA:90,8,0,0
BRDA:90,8,1,0
BRDA:100,9,0,0
BRDA:100,9,1,0
BRDA:110,10,0,0
BRDA:110,10,1,0
BRDA:113,11,0,0
BRDA:113,11,1,0
BRDA:124,12,0,0
BRDA:124,12,1,0
BRDA:125,13,0,0
BRDA:125,13,1,0
BRDA:128,14,0,0
BRDA:128,14,1,0
BRDA:136,15,0,0
BRDA:136,15,1,0
BRDA:141,16,0,0
BRDA:141,16,1,0
BRDA:144,17,0,0
BRDA:144,17,1,0
BRDA:150,18,0,0
BRDA:150,18,1,0
BRDA:168,19,0,0
BRDA:168,19,1,0
BRDA:171,20,0,0
BRDA:171,20,1,0
BRDA:195,21,0,0
BRDA:195,21,1,0
BRDA:228,22,0,0
BRDA:228,22,1,0
BRDA:235,23,0,0
BRDA:235,23,1,0
BRDA:242,24,0,0
BRDA:242,24,1,0
BRF:50
BRH:0
end_of_record
TN:
SF:hooks/convex/use-replies.ts
FN:16,initApi
FN:32,useRepliesByPost
FN:43,useCreateReply
FN:47,(anonymous_3)
FN:77,useUpdateReply
FN:81,(anonymous_5)
FN:111,useDeleteReply
FN:115,(anonymous_7)
FN:141,useMarkPostNotificationsAsRead
FN:144,(anonymous_9)
FN:159,usePostReplies
FN:166,(anonymous_11)
FNF:12
FNH:0
FNDA:0,initApi
FNDA:0,useRepliesByPost
FNDA:0,useCreateReply
FNDA:0,(anonymous_3)
FNDA:0,useUpdateReply
FNDA:0,(anonymous_5)
FNDA:0,useDeleteReply
FNDA:0,(anonymous_7)
FNDA:0,useMarkPostNotificationsAsRead
FNDA:0,(anonymous_9)
FNDA:0,usePostReplies
FNDA:0,(anonymous_11)
DA:17,0
DA:19,0
DA:20,0
DA:21,0
DA:22,0
DA:25,0
DA:33,0
DA:44,0
DA:45,0
DA:47,0
DA:51,0
DA:52,0
DA:57,0
DA:62,0
DA:64,0
DA:69,0
DA:78,0
DA:79,0
DA:81,0
DA:85,0
DA:86,0
DA:91,0
DA:96,0
DA:98,0
DA:103,0
DA:112,0
DA:113,0
DA:115,0
DA:116,0
DA:117,0
DA:119,0
DA:124,0
DA:126,0
DA:131,0
DA:142,0
DA:144,0
DA:145,0
DA:146,0
DA:149,0
DA:160,0
DA:162,0
DA:163,0
DA:164,0
DA:166,0
DA:167,0
DA:170,0
LF:46
LH:0
BRDA:17,0,0,0
BRDA:17,0,1,0
BRDA:20,1,0,0
BRDA:20,1,1,0
BRDA:21,2,0,0
BRDA:21,2,1,0
BRDA:22,3,0,0
BRDA:22,3,1,0
BRDA:172,4,0,0
BRDA:172,4,1,0
BRF:10
BRH:0
end_of_record
TN:
SF:hooks/convex/use-settings.ts
FN:13,initApi
FN:62,useNotificationMethodSettings
FN:69,useSaveNotificationSettings
FN:74,(anonymous_3)
FN:106,useDeleteNotificationMethod
FN:111,(anonymous_5)
FN:143,useNotificationMethodSettingsManagement
FNF:7
FNH:0
FNDA:0,initApi
FNDA:0,useNotificationMethodSettings
FNDA:0,useSaveNotificationSettings
FNDA:0,(anonymous_3)
FNDA:0,useDeleteNotificationMethod
FNDA:0,(anonymous_5)
FNDA:0,useNotificationMethodSettingsManagement
DA:14,0
DA:16,0
DA:17,0
DA:18,0
DA:21,0
DA:63,0
DA:70,0
DA:71,0
DA:73,0
DA:75,0
DA:76,0
DA:78,0
DA:83,0
DA:86,0
DA:90,0
DA:96,0
DA:107,0
DA:108,0
DA:110,0
DA:112,0
DA:113,0
DA:115,0
DA:120,0
DA:123,0
DA:127,0
DA:133,0
DA:144,0
DA:145,0
DA:146,0
DA:148,0
LF:30
LH:0
BRDA:14,0,0,0
BRDA:14,0,1,0
BRDA:17,1,0,0
BRDA:17,1,1,0
BRDA:18,2,0,0
BRDA:18,2,1,0
BRDA:86,3,0,0
BRDA:86,3,1,0
BRDA:123,4,0,0
BRDA:123,4,1,0
BRDA:150,5,0,0
BRDA:150,5,1,0
BRDA:151,6,0,0
BRDA:151,6,1,0
BRF:14
BRH:0
end_of_record
TN:
SF:hooks/convex/use-users.ts
FN:14,initApi
FN:29,useCurrentUserProfile
FN:37,useUserByUsername
FN:44,useUserProfile
FN:53,useUpdateUserProfile
FN:57,(anonymous_5)
FN:89,useUpdateUserNotificationSettings
FN:93,(anonymous_7)
FN:120,useDeleteUserAccount
FN:124,(anonymous_9)
FN:151,useUserManagement
FN:180,useAuthState
FNF:12
FNH:0
FNDA:0,initApi
FNDA:0,useCurrentUserProfile
FNDA:0,useUserByUsername
FNDA:0,useUserProfile
FNDA:0,useUpdateUserProfile
FNDA:0,(anonymous_5)
FNDA:0,useUpdateUserNotificationSettings
FNDA:0,(anonymous_7)
FNDA:0,useDeleteUserAccount
FNDA:0,(anonymous_9)
FNDA:0,useUserManagement
FNDA:0,useAuthState
DA:15,0
DA:17,0
DA:18,0
DA:19,0
DA:22,0
DA:31,0
DA:38,0
DA:45,0
DA:54,0
DA:55,0
DA:57,0
DA:66,0
DA:67,0
DA:69,0
DA:74,0
DA:76,0
DA:81,0
DA:90,0
DA:91,0
DA:93,0
DA:97,0
DA:98,0
DA:100,0
DA:105,0
DA:107,0
DA:112,0
DA:121,0
DA:122,0
DA:124,0
DA:125,0
DA:126,0
DA:128,0
DA:134,0
DA:136,0
DA:141,0
DA:152,0
DA:153,0
DA:154,0
DA:156,0
DA:175,0
DA:181,0
DA:183,0
LF:42
LH:0
BRDA:15,0,0,0
BRDA:15,0,1,0
BRDA:18,1,0,0
BRDA:18,1,1,0
BRDA:19,2,0,0
BRDA:19,2,1,0
BRDA:186,3,0,0
BRDA:186,3,1,0
BRDA:187,4,0,0
BRDA:187,4,1,0
BRF:10
BRH:0
end_of_record
TN:
SF:hooks/mutations/use-choose-date-time.ts
FN:11,initApi
FN:20,useChooseDateTime
FN:23,(anonymous_2)
FNF:3
FNH:0
FNDA:0,initApi
FNDA:0,useChooseDateTime
FNDA:0,(anonymous_2)
DA:12,0
DA:14,0
DA:15,0
DA:18,0
DA:21,0
DA:23,0
DA:24,0
DA:25,0
DA:30,0
DA:31,0
DA:33,0
DA:34,0
DA:35,0
LF:13
LH:0
BRDA:12,0,0,0
BRDA:12,0,1,0
BRDA:15,1,0,0
BRDA:15,1,1,0
BRDA:33,2,0,0
BRDA:33,2,1,0
BRF:6
BRH:0
end_of_record
TN:
SF:hooks/mutations/use-create-event.ts
FNF:0
FNH:0
LF:0
LH:0
BRF:0
BRH:0
end_of_record
TN:
SF:hooks/mutations/use-create-invite.ts
FNF:0
FNH:0
LF:0
LH:0
BRF:0
BRH:0
end_of_record
TN:
SF:hooks/mutations/use-create-reply.ts
FNF:0
FNH:0
LF:0
LH:0
BRF:0
BRH:0
end_of_record
TN:
SF:hooks/mutations/use-delete-event.ts
FNF:0
FNH:0
LF:0
LH:0
BRF:0
BRH:0
end_of_record
TN:
SF:hooks/mutations/use-delete-invite.ts
FNF:0
FNH:0
LF:0
LH:0
BRF:0
BRH:0
end_of_record
TN:
SF:hooks/mutations/use-delete-reply.ts
FNF:0
FNH:0
LF:0
LH:0
BRF:0
BRH:0
end_of_record
TN:
SF:hooks/mutations/use-leave-event.ts
FNF:0
FNH:0
LF:0
LH:0
BRF:0
BRH:0
end_of_record
TN:
SF:hooks/mutations/use-remove-member.ts
FN:11,initApi
FN:20,useRemoveMember
FN:23,(anonymous_2)
FNF:3
FNH:0
FNDA:0,initApi
FNDA:0,useRemoveMember
FNDA:0,(anonymous_2)
DA:12,0
DA:14,0
DA:15,0
DA:18,0
DA:21,0
DA:23,0
DA:24,0
DA:25,0
DA:29,0
DA:30,0
DA:32,0
DA:33,0
DA:34,0
LF:13
LH:0
BRDA:12,0,0,0
BRDA:12,0,1,0
BRDA:15,1,0,0
BRDA:15,1,1,0
BRDA:32,2,0,0
BRDA:32,2,1,0
BRF:6
BRH:0
end_of_record
TN:
SF:hooks/mutations/use-update-availability.ts
FNF:0
FNH:0
LF:0
LH:0
BRF:0
BRH:0
end_of_record
TN:
SF:hooks/mutations/use-update-event.ts
FNF:0
FNH:0
LF:0
LH:0
BRF:0
BRH:0
end_of_record
TN:
SF:hooks/mutations/use-update-member-role.ts
FN:11,initApi
FN:20,useUpdateMemberRole
FN:23,(anonymous_2)
FNF:3
FNH:0
FNDA:0,initApi
FNDA:0,useUpdateMemberRole
FNDA:0,(anonymous_2)
DA:12,0
DA:14,0
DA:15,0
DA:18,0
DA:21,0
DA:23,0
DA:24,0
DA:25,0
DA:30,0
DA:31,0
DA:33,0
DA:34,0
DA:35,0
LF:13
LH:0
BRDA:12,0,0,0
BRDA:12,0,1,0
BRDA:15,1,0,0
BRDA:15,1,1,0
BRDA:33,2,0,0
BRDA:33,2,1,0
BRF:6
BRH:0
end_of_record
TN:
SF:lib/auth-client.ts
FN:20,initAuthApi
FN:59,sendMagicLinkWithEmailOrUsername
FNF:2
FNH:0
FNDA:0,initAuthApi
FNDA:0,sendMagicLinkWithEmailOrUsername
DA:21,0
DA:23,0
DA:24,0
DA:27,0
DA:35,0
DA:55,0
DA:67,0
DA:69,0
DA:71,0
DA:77,0
DA:78,0
DA:82,0
DA:83,0
DA:91,0
DA:96,0
LF:15
LH:0
BRDA:21,0,0,0
BRDA:21,0,1,0
BRDA:24,1,0,0
BRDA:24,1,1,0
BRDA:44,2,0,0
BRDA:44,2,1,0
BRDA:69,3,0,0
BRDA:69,3,1,0
BRDA:73,4,0,0
BRDA:73,4,1,0
BRDA:82,5,0,0
BRDA:82,5,1,0
BRDA:82,6,0,0
BRDA:82,6,1,0
BRDA:93,7,0,0
BRDA:93,7,1,0
BRF:16
BRH:0
end_of_record
TN:
SF:lib/auth-server.ts
FNF:0
FNH:0
DA:11,0
LF:1
LH:0
BRF:0
BRH:0
end_of_record
TN:
SF:lib/convex-server-utils.tsx
FN:16,safePreloadQuery
FN:53,ServerErrorComponent
FNF:2
FNH:0
FNDA:0,safePreloadQuery
FNDA:0,ServerErrorComponent
DA:25,0
DA:26,0
DA:29,0
DA:31,0
DA:32,0
DA:34,0
DA:37,0
DA:38,0
DA:41,0
DA:43,0
DA:46,0
DA:60,0
DA:61,0
DA:64,0
DA:65,0
DA:68,0
DA:69,0
DA:72,0
DA:73,0
DA:76,0
DA:77,0
LF:21
LH:0
BRDA:19,0,0,0
BRDA:29,1,0,0
BRDA:29,1,1,0
BRDA:29,2,0,0
BRDA:29,2,1,0
BRDA:31,3,0,0
BRDA:31,3,1,0
BRDA:37,4,0,0
BRDA:37,4,1,0
BRDA:38,5,0,0
BRDA:38,5,1,0
BRDA:41,6,0,0
BRDA:41,6,1,0
BRDA:41,7,0,0
BRDA:41,7,1,0
BRDA:43,8,0,0
BRDA:43,8,1,0
BRDA:60,9,0,0
BRDA:60,9,1,0
BRDA:64,10,0,0
BRDA:64,10,1,0
BRDA:68,11,0,0
BRDA:68,11,1,0
BRDA:72,12,0,0
BRDA:72,12,1,0
BRF:25
BRH:0
end_of_record
TN:
SF:lib/convex.ts
FNF:0
FNH:0
DA:5,0
DA:18,0
DA:41,0
DA:42,0
LF:4
LH:0
BRF:0
BRH:0
end_of_record
TN:
SF:lib/errors.ts
FN:10,(anonymous_0)
FN:19,(anonymous_1)
FN:25,(anonymous_2)
FN:31,(anonymous_3)
FN:37,(anonymous_4)
FNF:5
FNH:5
FNDA:14,(anonymous_0)
FNDA:4,(anonymous_1)
FNDA:3,(anonymous_2)
FNDA:2,(anonymous_3)
FNDA:2,(anonymous_4)
DA:11,14
DA:12,14
DA:13,14
DA:14,14
DA:20,4
DA:26,3
DA:32,2
DA:38,2
LF:8
LH:8
BRDA:10,0,0,14
BRDA:25,1,0,3
BRDA:31,2,0,2
BRF:3
BRH:3
end_of_record
TN:
SF:lib/event-permissions.ts
FN:16,canDeletePost
FN:44,canEditPost
FN:61,canDeleteReply
FN:89,canEditReply
FN:103,isModerator
FN:110,isOrganizer
FNF:6
FNH:6
FNDA:4,canDeletePost
FNDA:2,canEditPost
FNDA:4,canDeleteReply
FNDA:2,canEditReply
FNDA:3,isModerator
FNDA:3,isOrganizer
DA:26,4
DA:27,1
DA:31,3
DA:32,2
DA:36,1
DA:52,2
DA:71,4
DA:72,1
DA:76,3
DA:77,2
DA:81,1
DA:97,2
DA:104,3
DA:111,3
LF:14
LH:14
BRDA:26,0,0,1
BRDA:26,0,1,3
BRDA:31,1,0,2
BRDA:31,1,1,1
BRDA:31,2,0,3
BRDA:31,2,1,2
BRDA:71,3,0,1
BRDA:71,3,1,3
BRDA:76,4,0,2
BRDA:76,4,1,1
BRDA:76,5,0,3
BRDA:76,5,1,2
BRDA:104,6,0,3
BRDA:104,6,1,2
BRF:14
BRH:14
end_of_record
TN:
SF:lib/logger.ts
FN:14,setTraceId
FN:18,clearTraceId
FN:22,formatMessage
FN:29,(anonymous_3)
FN:32,(anonymous_4)
FN:35,(anonymous_5)
FN:38,(anonymous_6)
FN:46,createLogger
FN:48,(anonymous_8)
FN:49,(anonymous_9)
FN:50,(anonymous_10)
FN:51,(anonymous_11)
FN:56,(anonymous_12)
FN:58,(anonymous_13)
FN:60,(anonymous_14)
FN:62,(anonymous_15)
FN:67,createPerformanceTimer
FN:71,(anonymous_17)
FNF:18
FNH:18
FNDA:6,setTraceId
FNDA:27,clearTraceId
FNDA:32,formatMessage
FNDA:17,(anonymous_3)
FNDA:5,(anonymous_4)
FNDA:5,(anonymous_5)
FNDA:5,(anonymous_6)
FNDA:4,createLogger
FNDA:4,(anonymous_8)
FNDA:1,(anonymous_9)
FNDA:1,(anonymous_10)
FNDA:1,(anonymous_11)
FNDA:3,(anonymous_12)
FNDA:1,(anonymous_13)
FNDA:1,(anonymous_14)
FNDA:1,(anonymous_15)
FNDA:4,createPerformanceTimer
FNDA:4,(anonymous_17)
DA:15,6
DA:19,27
DA:23,32
DA:24,32
DA:28,1
DA:30,17
DA:33,5
DA:36,5
DA:39,5
DA:47,4
DA:48,4
DA:49,1
DA:50,1
DA:51,1
DA:55,1
DA:57,3
DA:59,1
DA:61,1
DA:63,1
DA:68,4
DA:70,4
DA:72,4
DA:73,4
DA:74,4
LF:24
LH:24
BRDA:23,0,0,8
BRDA:23,0,1,24
BRDA:24,1,0,11
BRDA:24,1,1,21
BRF:4
BRH:4
end_of_record
TN:
SF:lib/notification-utils.ts
FN:6,getNotificationTypeDisplayName
FNF:1
FNH:1
FNDA:13,getNotificationTypeDisplayName
DA:7,13
DA:22,13
LF:2
LH:2
BRDA:22,0,0,13
BRDA:22,0,1,1
BRF:2
BRH:2
end_of_record
TN:
SF:lib/urls.ts
FN:11,getBaseUrl
FN:18,getInviteUrl
FN:25,getEventUrl
FN:32,getUserUrl
FN:39,getAbsoluteUrl
FNF:5
FNH:5
FNDA:11,getBaseUrl
FNDA:2,getInviteUrl
FNDA:1,getEventUrl
FNDA:1,getUserUrl
FNDA:5,getAbsoluteUrl
DA:12,11
DA:19,2
DA:26,1
DA:33,1
DA:40,5
DA:41,5
LF:6
LH:6
BRDA:12,0,0,11
BRDA:12,0,1,1
BRDA:40,1,0,3
BRDA:40,1,1,2
BRF:4
BRH:4
end_of_record
TN:
SF:lib/use-is-overflow.ts
FN:3,useIsOverflowing
FN:7,(anonymous_1)
FN:8,checkOverflow
FN:18,(anonymous_3)
FNF:4
FNH:4
FNDA:10,useIsOverflowing
FNDA:8,(anonymous_1)
FNDA:13,checkOverflow
FNDA:8,(anonymous_3)
DA:4,10
DA:5,10
DA:7,10
DA:9,13
DA:10,4
DA:11,4
DA:15,8
DA:17,8
DA:18,8
DA:21,10
LF:10
LH:10
BRDA:9,0,0,4
BRDA:9,0,1,9
BRF:2
BRH:2
end_of_record
TN:
SF:lib/utils.ts
FN:18,formatDate
FN:56,formatReplyDate
FN:97,timeUntil
FN:130,getInitialsFromName
FN:137,(anonymous_4)
FN:144,formatRoleName
FN:160,formatRoleBadge
FN:176,merge
FN:179,(anonymous_8)
FN:183,(anonymous_9)
FN:184,(anonymous_10)
FN:192,getRanks
FN:194,(anonymous_12)
FN:195,(anonymous_13)
FN:209,(anonymous_14)
FN:214,(anonymous_15)
FN:234,getNotificationSubject
FN:240,(anonymous_17)
FNF:18
FNH:17
FNDA:20,formatDate
FNDA:5,formatReplyDate
FNDA:8,timeUntil
FNDA:27,getInitialsFromName
FNDA:40,(anonymous_4)
FNDA:5,formatRoleName
FNDA:0,formatRoleBadge
FNDA:6,merge
FNDA:16,(anonymous_8)
FNDA:9,(anonymous_9)
FNDA:20,(anonymous_10)
FNDA:3,getRanks
FNDA:6,(anonymous_12)
FNDA:8,(anonymous_13)
FNDA:3,(anonymous_14)
FNDA:6,(anonymous_15)
FNDA:16,getNotificationSubject
FNDA:6,(anonymous_17)
DA:20,20
DA:21,20
DA:23,20
DA:25,20
DA:26,1
DA:28,19
DA:29,19
DA:30,1
DA:32,18
DA:33,18
DA:34,1
DA:36,17
DA:37,17
DA:38,2
DA:40,15
DA:41,15
DA:42,2
DA:44,13
DA:45,12
DA:47,1
DA:58,5
DA:59,5
DA:62,5
DA:69,5
DA:70,5
DA:73,5
DA:80,5
DA:81,2
DA:85,3
DA:86,2
DA:90,1
DA:99,8
DA:100,8
DA:102,8
DA:104,8
DA:105,1
DA:107,7
DA:108,7
DA:109,1
DA:111,6
DA:112,6
DA:113,1
DA:115,5
DA:116,5
DA:117,2
DA:119,3
DA:120,3
DA:121,1
DA:123,2
DA:124,1
DA:126,1
DA:134,27
DA:135,6
DA:137,40
DA:138,21
DA:139,12
DA:141,9
DA:145,5
DA:146,2
DA:148,3
DA:150,1
DA:152,1
DA:154,1
DA:156,0
DA:161,0
DA:162,0
DA:164,0
DA:166,0
DA:168,0
DA:170,0
DA:172,0
DA:179,16
DA:181,6
DA:183,6
DA:184,20
DA:186,6
DA:194,3
DA:195,6
DA:196,8
DA:205,6
DA:209,3
DA:212,3
DA:213,3
DA:214,3
DA:215,6
DA:216,2
DA:217,2
DA:219,6
DA:237,16
DA:240,16
DA:241,6
DA:242,5
DA:245,16
DA:247,2
DA:250,1
DA:253,1
DA:256,1
DA:259,1
DA:262,1
DA:265,1
DA:268,3
DA:271,1
DA:274,1
DA:277,1
DA:280,1
DA:281,1
DA:285,1
LF:107
LH:99
BRDA:20,0,0,7
BRDA:20,0,1,13
BRDA:25,1,0,1
BRDA:25,1,1,19
BRDA:29,2,0,1
BRDA:29,2,1,18
BRDA:33,3,0,1
BRDA:33,3,1,17
BRDA:37,4,0,2
BRDA:37,4,1,15
BRDA:41,5,0,2
BRDA:41,5,1,13
BRDA:44,6,0,12
BRDA:44,6,1,1
BRDA:58,7,0,3
BRDA:58,7,1,2
BRDA:80,8,0,2
BRDA:80,8,1,3
BRDA:85,9,0,2
BRDA:85,9,1,1
BRDA:85,10,0,3
BRDA:85,10,1,2
BRDA:99,11,0,7
BRDA:99,11,1,1
BRDA:104,12,0,1
BRDA:104,12,1,7
BRDA:108,13,0,1
BRDA:108,13,1,6
BRDA:112,14,0,1
BRDA:112,14,1,5
BRDA:116,15,0,2
BRDA:116,15,1,3
BRDA:120,16,0,1
BRDA:120,16,1,2
BRDA:123,17,0,1
BRDA:123,17,1,1
BRDA:134,18,0,6
BRDA:134,18,1,21
BRDA:135,19,0,6
BRDA:135,19,1,3
BRDA:138,20,0,12
BRDA:138,20,1,9
BRDA:145,21,0,2
BRDA:145,21,1,3
BRDA:148,22,0,3
BRDA:148,22,1,1
BRDA:148,22,2,1
BRDA:148,22,3,0
BRDA:161,23,0,0
BRDA:161,23,1,0
BRDA:164,24,0,0
BRDA:164,24,1,0
BRDA:164,24,2,0
BRDA:164,24,3,0
BRDA:179,25,0,16
BRDA:184,26,0,2
BRDA:184,26,1,7
BRDA:198,27,0,5
BRDA:198,27,1,3
BRDA:200,28,0,1
BRDA:200,28,1,2
BRDA:215,29,0,2
BRDA:215,29,1,4
BRDA:215,30,0,6
BRDA:215,30,1,3
BRDA:241,31,0,1
BRDA:241,31,1,5
BRDA:242,32,0,5
BRDA:242,32,1,1
BRDA:242,32,2,0
BRDA:245,33,0,2
BRDA:245,33,1,1
BRDA:245,33,2,1
BRDA:245,33,3,1
BRDA:245,33,4,1
BRDA:245,33,5,1
BRDA:245,33,6,1
BRDA:245,33,7,3
BRDA:245,33,8,1
BRDA:245,33,9,1
BRDA:245,33,10,1
BRDA:245,33,11,1
BRDA:245,33,12,1
BRDA:247,34,0,2
BRDA:247,34,1,1
BRDA:250,35,0,1
BRDA:250,35,1,0
BRDA:253,36,0,1
BRDA:253,36,1,0
BRDA:256,37,0,1
BRDA:256,37,1,0
BRDA:259,38,0,1
BRDA:259,38,1,0
BRDA:259,39,0,1
BRDA:259,39,1,0
BRDA:262,40,0,1
BRDA:262,40,1,0
BRDA:265,41,0,1
BRDA:265,41,1,0
BRDA:268,42,0,3
BRDA:268,42,1,0
BRDA:271,43,0,1
BRDA:271,43,1,0
BRDA:274,44,0,1
BRDA:274,44,1,0
BRDA:277,45,0,1
BRDA:277,45,1,0
BRDA:280,46,0,1
BRDA:280,46,1,0
BRDA:281,47,0,1
BRDA:281,47,1,0
BRDA:285,48,0,1
BRDA:285,48,1,0
BRF:113
BRH:91
end_of_record
TN:
SF:lib/utils/toast.ts
FN:9,toast
FN:26,useToast
FN:29,(anonymous_2)
FNF:3
FNH:3
FNDA:8,toast
FNDA:3,useToast
FNDA:1,(anonymous_2)
DA:14,8
DA:15,3
DA:19,5
DA:27,3
DA:29,1
LF:5
LH:5
BRDA:12,0,0,8
BRDA:14,1,0,3
BRDA:14,1,1,5
BRDA:15,2,0,3
BRDA:15,2,1,1
BRDA:19,3,0,5
BRDA:19,3,1,1
BRF:7
BRH:7
end_of_record
TN:
SF:lib/validation/post.ts
FNF:0
FNH:0
DA:3,1
LF:1
LH:1
BRF:0
BRH:0
end_of_record
TN:
SF:stores/filter-sort-store.ts
FN:15,(anonymous_0)
FN:18,(anonymous_1)
FN:19,(anonymous_2)
FNF:3
FNH:3
FNDA:1,(anonymous_0)
FNDA:16,(anonymous_1)
FNDA:14,(anonymous_2)
DA:15,1
DA:18,16
DA:19,14
LF:3
LH:3
BRF:0
BRH:0
end_of_record
TN:
SF:stores/notification-close-store.ts
FN:13,(anonymous_0)
FN:16,(anonymous_1)
FN:17,(anonymous_2)
FNF:3
FNH:3
FNDA:1,(anonymous_0)
FNDA:18,(anonymous_1)
FNDA:17,(anonymous_2)
DA:12,1
DA:13,1
DA:16,18
DA:17,17
LF:4
LH:4
BRF:0
BRH:0
end_of_record
