{"/Users/tsurette/repos/personal/groupi/packages/mobile/src/App.tsx": {"path":"/Users/tsurette/repos/personal/groupi/packages/mobile/src/App.tsx","statementMap":{"0":{"start":{"line":31,"column":6},"end":{"line":31,"column":null}},"1":{"start":{"line":34,"column":15},"end":{"line":34,"column":null}},"2":{"start":{"line":37,"column":0},"end":{"line":37,"column":null}},"3":{"start":{"line":41,"column":2},"end":{"line":80,"column":null}},"4":{"start":{"line":85,"column":8},"end":{"line":85,"column":null}},"5":{"start":{"line":87,"column":2},"end":{"line":95,"column":null}},"6":{"start":{"line":89,"column":10},"end":{"line":89,"column":null}},"7":{"start":{"line":92,"column":4},"end":{"line":92,"column":null}},"8":{"start":{"line":94,"column":4},"end":{"line":94,"column":null}},"9":{"start":{"line":97,"column":2},"end":{"line":108,"column":null}},"10":{"start":{"line":113,"column":2},"end":{"line":113,"column":null}}},"fnMap":{"0":{"name":"HomeScreen","decl":{"start":{"line":40,"column":9},"end":{"line":40,"column":22}},"loc":{"start":{"line":40,"column":22},"end":{"line":82,"column":null}},"line":40},"1":{"name":"AppContent","decl":{"start":{"line":84,"column":9},"end":{"line":84,"column":22}},"loc":{"start":{"line":84,"column":22},"end":{"line":110,"column":null}},"line":84},"2":{"name":"(anonymous_2)","decl":{"start":{"line":87,"column":12},"end":{"line":87,"column":18}},"loc":{"start":{"line":87,"column":18},"end":{"line":95,"column":5}},"line":87},"3":{"name":"App","decl":{"start":{"line":112,"column":24},"end":{"line":112,"column":30}},"loc":{"start":{"line":112,"column":30},"end":{"line":114,"column":null}},"line":112}},"branchMap":{"0":{"loc":{"start":{"line":34,"column":37},"end":{"line":34,"column":77}},"type":"binary-expr","locations":[{"start":{"line":34,"column":37},"end":{"line":34,"column":75}},{"start":{"line":34,"column":75},"end":{"line":34,"column":77}}],"line":34},"1":{"loc":{"start":{"line":99,"column":24},"end":{"line":99,"column":67}},"type":"cond-expr","locations":[{"start":{"line":99,"column":49},"end":{"line":99,"column":59}},{"start":{"line":99,"column":59},"end":{"line":99,"column":67}}],"line":99}},"s":{"0":0,"1":0,"2":0,"3":0,"4":0,"5":0,"6":0,"7":0,"8":0,"9":0,"10":0},"f":{"0":0,"1":0,"2":0,"3":0},"b":{"0":[0,0],"1":[0,0]},"meta":{"lastBranch":2,"lastFunction":4,"lastStatement":11,"seen":{"s:31:6:31:Infinity":0,"s:34:15:34:Infinity":1,"b:34:37:34:75:34:75:34:77":0,"s:37:0:37:Infinity":2,"f:40:9:40:22":0,"s:41:2:80:Infinity":3,"f:84:9:84:22":1,"s:85:8:85:Infinity":4,"s:87:2:95:Infinity":5,"f:87:12:87:18":2,"s:89:10:89:Infinity":6,"s:92:4:92:Infinity":7,"s:94:4:94:Infinity":8,"s:97:2:108:Infinity":9,"b:99:49:99:59:99:59:99:67":1,"f:112:24:112:30":3,"s:113:2:113:Infinity":10}}}
,"/Users/tsurette/repos/personal/groupi/packages/mobile/src/lib/platform-setup.ts": {"path":"/Users/tsurette/repos/personal/groupi/packages/mobile/src/lib/platform-setup.ts","statementMap":{"0":{"start":{"line":35,"column":64},"end":{"line":35,"column":null}},"1":{"start":{"line":38,"column":2},"end":{"line":38,"column":null}},"2":{"start":{"line":46,"column":2},"end":{"line":71,"column":null}},"3":{"start":{"line":48,"column":6},"end":{"line":52,"column":null}},"4":{"start":{"line":50,"column":36},"end":{"line":50,"column":null}},"5":{"start":{"line":51,"column":8},"end":{"line":51,"column":null}},"6":{"start":{"line":55,"column":6},"end":{"line":61,"column":null}},"7":{"start":{"line":56,"column":36},"end":{"line":56,"column":null}},"8":{"start":{"line":57,"column":8},"end":{"line":60,"column":null}},"9":{"start":{"line":64,"column":6},"end":{"line":66,"column":null}},"10":{"start":{"line":65,"column":8},"end":{"line":65,"column":null}},"11":{"start":{"line":69,"column":6},"end":{"line":69,"column":null}},"12":{"start":{"line":74,"column":2},"end":{"line":91,"column":null}},"13":{"start":{"line":76,"column":6},"end":{"line":76,"column":null}},"14":{"start":{"line":79,"column":6},"end":{"line":79,"column":null}},"15":{"start":{"line":82,"column":6},"end":{"line":82,"column":null}},"16":{"start":{"line":87,"column":6},"end":{"line":89,"column":null}},"17":{"start":{"line":94,"column":2},"end":{"line":114,"column":null}},"18":{"start":{"line":96,"column":6},"end":{"line":100,"column":null}},"19":{"start":{"line":103,"column":19},"end":{"line":103,"column":null}},"20":{"start":{"line":104,"column":6},"end":{"line":104,"column":null}},"21":{"start":{"line":107,"column":19},"end":{"line":107,"column":null}},"22":{"start":{"line":108,"column":6},"end":{"line":108,"column":null}},"23":{"start":{"line":111,"column":19},"end":{"line":111,"column":null}},"24":{"start":{"line":112,"column":6},"end":{"line":112,"column":null}},"25":{"start":{"line":117,"column":2},"end":{"line":121,"column":null}},"26":{"start":{"line":124,"column":17},"end":{"line":124,"column":null}},"27":{"start":{"line":125,"column":17},"end":{"line":125,"column":null}},"28":{"start":{"line":127,"column":2},"end":{"line":131,"column":null}},"29":{"start":{"line":134,"column":23},"end":{"line":143,"column":null}},"30":{"start":{"line":137,"column":6},"end":{"line":141,"column":null}},"31":{"start":{"line":146,"column":2},"end":{"line":148,"column":null}},"32":{"start":{"line":147,"column":4},"end":{"line":147,"column":null}},"33":{"start":{"line":151,"column":57},"end":{"line":161,"column":null}},"34":{"start":{"line":152,"column":4},"end":{"line":155,"column":null}},"35":{"start":{"line":156,"column":4},"end":{"line":160,"column":null}},"36":{"start":{"line":163,"column":57},"end":{"line":173,"column":null}},"37":{"start":{"line":164,"column":4},"end":{"line":167,"column":null}},"38":{"start":{"line":168,"column":4},"end":{"line":172,"column":null}},"39":{"start":{"line":175,"column":35},"end":{"line":178,"column":null}},"40":{"start":{"line":179,"column":35},"end":{"line":182,"column":null}},"41":{"start":{"line":185,"column":2},"end":{"line":189,"column":null}},"42":{"start":{"line":186,"column":4},"end":{"line":186,"column":null}},"43":{"start":{"line":187,"column":4},"end":{"line":187,"column":null}},"44":{"start":{"line":188,"column":4},"end":{"line":188,"column":null}},"45":{"start":{"line":202,"column":2},"end":{"line":204,"column":null}},"46":{"start":{"line":203,"column":4},"end":{"line":203,"column":null}},"47":{"start":{"line":206,"column":2},"end":{"line":208,"column":null}},"48":{"start":{"line":207,"column":4},"end":{"line":207,"column":null}},"49":{"start":{"line":210,"column":2},"end":{"line":213,"column":null}},"50":{"start":{"line":211,"column":20},"end":{"line":211,"column":null}},"51":{"start":{"line":212,"column":4},"end":{"line":212,"column":null}},"52":{"start":{"line":215,"column":2},"end":{"line":218,"column":null}},"53":{"start":{"line":216,"column":19},"end":{"line":216,"column":null}},"54":{"start":{"line":217,"column":4},"end":{"line":217,"column":null}},"55":{"start":{"line":221,"column":2},"end":{"line":221,"column":null}},"56":{"start":{"line":228,"column":8},"end":{"line":228,"column":null}},"57":{"start":{"line":230,"column":2},"end":{"line":237,"column":null}},"58":{"start":{"line":231,"column":4},"end":{"line":236,"column":null}},"59":{"start":{"line":239,"column":2},"end":{"line":239,"column":null}}},"fnMap":{"0":{"name":"setNavigationRef","decl":{"start":{"line":37,"column":16},"end":{"line":37,"column":33}},"loc":{"start":{"line":37,"column":75},"end":{"line":39,"column":null}},"line":37},"1":{"name":"setupPlatformAdapters","decl":{"start":{"line":44,"column":16},"end":{"line":44,"column":40}},"loc":{"start":{"line":44,"column":40},"end":{"line":190,"column":null}},"line":44},"2":{"name":"(anonymous_2)","decl":{"start":{"line":47,"column":4},"end":{"line":47,"column":9}},"loc":{"start":{"line":47,"column":23},"end":{"line":53,"column":null}},"line":47},"3":{"name":"(anonymous_3)","decl":{"start":{"line":54,"column":4},"end":{"line":54,"column":12}},"loc":{"start":{"line":54,"column":26},"end":{"line":62,"column":null}},"line":54},"4":{"name":"(anonymous_4)","decl":{"start":{"line":63,"column":4},"end":{"line":63,"column":11}},"loc":{"start":{"line":63,"column":11},"end":{"line":67,"column":null}},"line":63},"5":{"name":"(anonymous_5)","decl":{"start":{"line":68,"column":4},"end":{"line":68,"column":25}},"loc":{"start":{"line":68,"column":25},"end":{"line":70,"column":null}},"line":68},"6":{"name":"(anonymous_6)","decl":{"start":{"line":75,"column":10},"end":{"line":75,"column":18}},"loc":{"start":{"line":75,"column":55},"end":{"line":77,"column":null}},"line":75},"7":{"name":"(anonymous_7)","decl":{"start":{"line":78,"column":10},"end":{"line":78,"column":18}},"loc":{"start":{"line":78,"column":61},"end":{"line":80,"column":null}},"line":78},"8":{"name":"(anonymous_8)","decl":{"start":{"line":81,"column":10},"end":{"line":81,"column":21}},"loc":{"start":{"line":81,"column":49},"end":{"line":83,"column":null}},"line":81},"9":{"name":"(anonymous_9)","decl":{"start":{"line":84,"column":10},"end":{"line":84,"column":33}},"loc":{"start":{"line":84,"column":33},"end":{"line":90,"column":null}},"line":84},"10":{"name":"(anonymous_10)","decl":{"start":{"line":95,"column":4},"end":{"line":95,"column":9}},"loc":{"start":{"line":95,"column":18},"end":{"line":101,"column":null}},"line":95},"11":{"name":"(anonymous_11)","decl":{"start":{"line":102,"column":4},"end":{"line":102,"column":12}},"loc":{"start":{"line":102,"column":45},"end":{"line":105,"column":null}},"line":102},"12":{"name":"(anonymous_12)","decl":{"start":{"line":106,"column":4},"end":{"line":106,"column":10}},"loc":{"start":{"line":106,"column":43},"end":{"line":109,"column":null}},"line":106},"13":{"name":"(anonymous_13)","decl":{"start":{"line":110,"column":4},"end":{"line":110,"column":9}},"loc":{"start":{"line":110,"column":42},"end":{"line":113,"column":null}},"line":110},"14":{"name":"(anonymous_14)","decl":{"start":{"line":136,"column":4},"end":{"line":136,"column":5}},"loc":{"start":{"line":136,"column":28},"end":{"line":142,"column":null}},"line":136},"15":{"name":"(anonymous_15)","decl":{"start":{"line":146,"column":29},"end":{"line":146,"column":35}},"loc":{"start":{"line":146,"column":35},"end":{"line":148,"column":3}},"line":146},"16":{"name":"(anonymous_16)","decl":{"start":{"line":151,"column":57},"end":{"line":151,"column":62}},"loc":{"start":{"line":151,"column":62},"end":{"line":161,"column":null}},"line":151},"17":{"name":"(anonymous_17)","decl":{"start":{"line":163,"column":57},"end":{"line":163,"column":62}},"loc":{"start":{"line":163,"column":62},"end":{"line":173,"column":null}},"line":163},"18":{"name":"(anonymous_18)","decl":{"start":{"line":185,"column":9},"end":{"line":185,"column":15}},"loc":{"start":{"line":185,"column":15},"end":{"line":189,"column":null}},"line":185},"19":{"name":"parseRoute","decl":{"start":{"line":198,"column":9},"end":{"line":198,"column":20}},"loc":{"start":{"line":198,"column":47},"end":{"line":222,"column":null}},"line":198},"20":{"name":"usePlatformSafeArea","decl":{"start":{"line":227,"column":16},"end":{"line":227,"column":38}},"loc":{"start":{"line":227,"column":38},"end":{"line":240,"column":null}},"line":227},"21":{"name":"(anonymous_21)","decl":{"start":{"line":230,"column":18},"end":{"line":230,"column":24}},"loc":{"start":{"line":230,"column":24},"end":{"line":237,"column":5}},"line":230}},"branchMap":{"0":{"loc":{"start":{"line":48,"column":6},"end":{"line":52,"column":null}},"type":"if","locations":[{"start":{"line":48,"column":6},"end":{"line":52,"column":null}},{"start":{},"end":{}}],"line":48},"1":{"loc":{"start":{"line":55,"column":6},"end":{"line":61,"column":null}},"type":"if","locations":[{"start":{"line":55,"column":6},"end":{"line":61,"column":null}},{"start":{},"end":{}}],"line":55},"2":{"loc":{"start":{"line":64,"column":6},"end":{"line":66,"column":null}},"type":"if","locations":[{"start":{"line":64,"column":6},"end":{"line":66,"column":null}},{"start":{},"end":{}}],"line":64},"3":{"loc":{"start":{"line":64,"column":10},"end":{"line":64,"column":65}},"type":"binary-expr","locations":[{"start":{"line":64,"column":10},"end":{"line":64,"column":38}},{"start":{"line":64,"column":38},"end":{"line":64,"column":65}}],"line":64},"4":{"loc":{"start":{"line":69,"column":13},"end":{"line":69,"column":null}},"type":"binary-expr","locations":[{"start":{"line":69,"column":13},"end":{"line":69,"column":43}},{"start":{"line":69,"column":43},"end":{"line":69,"column":null}}],"line":69},"5":{"loc":{"start":{"line":97,"column":14},"end":{"line":97,"column":null}},"type":"cond-expr","locations":[{"start":{"line":97,"column":50},"end":{"line":97,"column":61}},{"start":{"line":97,"column":61},"end":{"line":97,"column":null}}],"line":97},"6":{"loc":{"start":{"line":98,"column":18},"end":{"line":98,"column":null}},"type":"binary-expr","locations":[{"start":{"line":98,"column":18},"end":{"line":98,"column":38}},{"start":{"line":98,"column":38},"end":{"line":98,"column":null}}],"line":98},"7":{"loc":{"start":{"line":103,"column":19},"end":{"line":103,"column":null}},"type":"cond-expr","locations":[{"start":{"line":103,"column":27},"end":{"line":103,"column":52}},{"start":{"line":103,"column":52},"end":{"line":103,"column":null}}],"line":103},"8":{"loc":{"start":{"line":107,"column":19},"end":{"line":107,"column":null}},"type":"cond-expr","locations":[{"start":{"line":107,"column":27},"end":{"line":107,"column":52}},{"start":{"line":107,"column":52},"end":{"line":107,"column":null}}],"line":107},"9":{"loc":{"start":{"line":111,"column":19},"end":{"line":111,"column":null}},"type":"cond-expr","locations":[{"start":{"line":111,"column":27},"end":{"line":111,"column":52}},{"start":{"line":111,"column":52},"end":{"line":111,"column":null}}],"line":111},"10":{"loc":{"start":{"line":130,"column":21},"end":{"line":130,"column":null}},"type":"cond-expr","locations":[{"start":{"line":130,"column":45},"end":{"line":130,"column":50}},{"start":{"line":130,"column":50},"end":{"line":130,"column":null}}],"line":130},"11":{"loc":{"start":{"line":140,"column":25},"end":{"line":140,"column":null}},"type":"cond-expr","locations":[{"start":{"line":140,"column":49},"end":{"line":140,"column":54}},{"start":{"line":140,"column":54},"end":{"line":140,"column":null}}],"line":140},"12":{"loc":{"start":{"line":202,"column":2},"end":{"line":204,"column":null}},"type":"if","locations":[{"start":{"line":202,"column":2},"end":{"line":204,"column":null}},{"start":{},"end":{}}],"line":202},"13":{"loc":{"start":{"line":202,"column":6},"end":{"line":202,"column":40}},"type":"binary-expr","locations":[{"start":{"line":202,"column":6},"end":{"line":202,"column":22}},{"start":{"line":202,"column":22},"end":{"line":202,"column":40}}],"line":202},"14":{"loc":{"start":{"line":206,"column":2},"end":{"line":208,"column":null}},"type":"if","locations":[{"start":{"line":206,"column":2},"end":{"line":208,"column":null}},{"start":{},"end":{}}],"line":206},"15":{"loc":{"start":{"line":210,"column":2},"end":{"line":213,"column":null}},"type":"if","locations":[{"start":{"line":210,"column":2},"end":{"line":213,"column":null}},{"start":{},"end":{}}],"line":210},"16":{"loc":{"start":{"line":215,"column":2},"end":{"line":218,"column":null}},"type":"if","locations":[{"start":{"line":215,"column":2},"end":{"line":218,"column":null}},{"start":{},"end":{}}],"line":215},"17":{"loc":{"start":{"line":217,"column":23},"end":{"line":217,"column":47}},"type":"cond-expr","locations":[{"start":{"line":217,"column":32},"end":{"line":217,"column":45}},{"start":{"line":217,"column":45},"end":{"line":217,"column":47}}],"line":217}},"s":{"0":0,"1":0,"2":0,"3":0,"4":0,"5":0,"6":0,"7":0,"8":0,"9":0,"10":0,"11":0,"12":0,"13":0,"14":0,"15":0,"16":0,"17":0,"18":0,"19":0,"20":0,"21":0,"22":0,"23":0,"24":0,"25":0,"26":0,"27":0,"28":0,"29":0,"30":0,"31":0,"32":0,"33":0,"34":0,"35":0,"36":0,"37":0,"38":0,"39":0,"40":0,"41":0,"42":0,"43":0,"44":0,"45":0,"46":0,"47":0,"48":0,"49":0,"50":0,"51":0,"52":0,"53":0,"54":0,"55":0,"56":0,"57":0,"58":0,"59":0},"f":{"0":0,"1":0,"2":0,"3":0,"4":0,"5":0,"6":0,"7":0,"8":0,"9":0,"10":0,"11":0,"12":0,"13":0,"14":0,"15":0,"16":0,"17":0,"18":0,"19":0,"20":0,"21":0},"b":{"0":[0,0],"1":[0,0],"2":[0,0],"3":[0,0],"4":[0,0],"5":[0,0],"6":[0,0],"7":[0,0],"8":[0,0],"9":[0,0],"10":[0,0],"11":[0,0],"12":[0,0],"13":[0,0],"14":[0,0],"15":[0,0],"16":[0,0],"17":[0,0]},"meta":{"lastBranch":18,"lastFunction":22,"lastStatement":60,"seen":{"s:35:64:35:Infinity":0,"f:37:16:37:33":0,"s:38:2:38:Infinity":1,"f:44:16:44:40":1,"s:46:2:71:Infinity":2,"f:47:4:47:9":2,"b:48:6:52:Infinity:undefined:undefined:undefined:undefined":0,"s:48:6:52:Infinity":3,"s:50:36:50:Infinity":4,"s:51:8:51:Infinity":5,"f:54:4:54:12":3,"b:55:6:61:Infinity:undefined:undefined:undefined:undefined":1,"s:55:6:61:Infinity":6,"s:56:36:56:Infinity":7,"s:57:8:60:Infinity":8,"f:63:4:63:11":4,"b:64:6:66:Infinity:undefined:undefined:undefined:undefined":2,"s:64:6:66:Infinity":9,"b:64:10:64:38:64:38:64:65":3,"s:65:8:65:Infinity":10,"f:68:4:68:25":5,"s:69:6:69:Infinity":11,"b:69:13:69:43:69:43:69:Infinity":4,"s:74:2:91:Infinity":12,"f:75:10:75:18":6,"s:76:6:76:Infinity":13,"f:78:10:78:18":7,"s:79:6:79:Infinity":14,"f:81:10:81:21":8,"s:82:6:82:Infinity":15,"f:84:10:84:33":9,"s:87:6:89:Infinity":16,"s:94:2:114:Infinity":17,"f:95:4:95:9":10,"s:96:6:100:Infinity":18,"b:97:50:97:61:97:61:97:Infinity":5,"b:98:18:98:38:98:38:98:Infinity":6,"f:102:4:102:12":11,"s:103:19:103:Infinity":19,"b:103:27:103:52:103:52:103:Infinity":7,"s:104:6:104:Infinity":20,"f:106:4:106:10":12,"s:107:19:107:Infinity":21,"b:107:27:107:52:107:52:107:Infinity":8,"s:108:6:108:Infinity":22,"f:110:4:110:9":13,"s:111:19:111:Infinity":23,"b:111:27:111:52:111:52:111:Infinity":9,"s:112:6:112:Infinity":24,"s:117:2:121:Infinity":25,"s:124:17:124:Infinity":26,"s:125:17:125:Infinity":27,"s:127:2:131:Infinity":28,"b:130:45:130:50:130:50:130:Infinity":10,"s:134:23:143:Infinity":29,"f:136:4:136:5":14,"s:137:6:141:Infinity":30,"b:140:49:140:54:140:54:140:Infinity":11,"s:146:2:148:Infinity":31,"f:146:29:146:35":15,"s:147:4:147:Infinity":32,"s:151:57:161:Infinity":33,"f:151:57:151:62":16,"s:152:4:155:Infinity":34,"s:156:4:160:Infinity":35,"s:163:57:173:Infinity":36,"f:163:57:163:62":17,"s:164:4:167:Infinity":37,"s:168:4:172:Infinity":38,"s:175:35:178:Infinity":39,"s:179:35:182:Infinity":40,"s:185:2:189:Infinity":41,"f:185:9:185:15":18,"s:186:4:186:Infinity":42,"s:187:4:187:Infinity":43,"s:188:4:188:Infinity":44,"f:198:9:198:20":19,"b:202:2:204:Infinity:undefined:undefined:undefined:undefined":12,"s:202:2:204:Infinity":45,"b:202:6:202:22:202:22:202:40":13,"s:203:4:203:Infinity":46,"b:206:2:208:Infinity:undefined:undefined:undefined:undefined":14,"s:206:2:208:Infinity":47,"s:207:4:207:Infinity":48,"b:210:2:213:Infinity:undefined:undefined:undefined:undefined":15,"s:210:2:213:Infinity":49,"s:211:20:211:Infinity":50,"s:212:4:212:Infinity":51,"b:215:2:218:Infinity:undefined:undefined:undefined:undefined":16,"s:215:2:218:Infinity":52,"s:216:19:216:Infinity":53,"s:217:4:217:Infinity":54,"b:217:32:217:45:217:45:217:47":17,"s:221:2:221:Infinity":55,"f:227:16:227:38":20,"s:228:8:228:Infinity":56,"s:230:2:237:Infinity":57,"f:230:18:230:24":21,"s:231:4:236:Infinity":58,"s:239:2:239:Infinity":59}}}
,"/Users/tsurette/repos/personal/groupi/packages/mobile/src/screens/AuthScreen.tsx": {"path":"/Users/tsurette/repos/personal/groupi/packages/mobile/src/screens/AuthScreen.tsx","statementMap":{"0":{"start":{"line":36,"column":16},"end":{"line":36,"column":null}},"1":{"start":{"line":37,"column":42},"end":{"line":37,"column":null}},"2":{"start":{"line":45,"column":8},"end":{"line":45,"column":null}},"3":{"start":{"line":46,"column":28},"end":{"line":46,"column":null}},"4":{"start":{"line":47,"column":24},"end":{"line":47,"column":null}},"5":{"start":{"line":48,"column":30},"end":{"line":48,"column":null}},"6":{"start":{"line":49,"column":32},"end":{"line":49,"column":null}},"7":{"start":{"line":50,"column":30},"end":{"line":50,"column":null}},"8":{"start":{"line":53,"column":30},"end":{"line":53,"column":null}},"9":{"start":{"line":54,"column":16},"end":{"line":54,"column":null}},"10":{"start":{"line":55,"column":17},"end":{"line":55,"column":null}},"11":{"start":{"line":58,"column":2},"end":{"line":62,"column":null}},"12":{"start":{"line":59,"column":4},"end":{"line":61,"column":null}},"13":{"start":{"line":60,"column":6},"end":{"line":60,"column":null}},"14":{"start":{"line":64,"column":23},"end":{"line":114,"column":null}},"15":{"start":{"line":65,"column":19},"end":{"line":65,"column":null}},"16":{"start":{"line":66,"column":23},"end":{"line":85,"column":null}},"17":{"start":{"line":68,"column":8},"end":{"line":68,"column":null}},"18":{"start":{"line":68,"column":38},"end":{"line":68,"column":null}},"19":{"start":{"line":69,"column":8},"end":{"line":69,"column":null}},"20":{"start":{"line":69,"column":35},"end":{"line":69,"column":null}},"21":{"start":{"line":70,"column":8},"end":{"line":70,"column":null}},"22":{"start":{"line":73,"column":8},"end":{"line":73,"column":null}},"23":{"start":{"line":73,"column":38},"end":{"line":73,"column":null}},"24":{"start":{"line":74,"column":8},"end":{"line":74,"column":null}},"25":{"start":{"line":74,"column":30},"end":{"line":74,"column":null}},"26":{"start":{"line":75,"column":8},"end":{"line":75,"column":null}},"27":{"start":{"line":80,"column":24},"end":{"line":81,"column":null}},"28":{"start":{"line":82,"column":23},"end":{"line":83,"column":null}},"29":{"start":{"line":87,"column":10},"end":{"line":87,"column":null}},"30":{"start":{"line":89,"column":4},"end":{"line":92,"column":null}},"31":{"start":{"line":90,"column":6},"end":{"line":90,"column":null}},"32":{"start":{"line":91,"column":6},"end":{"line":91,"column":null}},"33":{"start":{"line":94,"column":4},"end":{"line":113,"column":null}},"34":{"start":{"line":95,"column":6},"end":{"line":107,"column":null}},"35":{"start":{"line":96,"column":8},"end":{"line":99,"column":null}},"36":{"start":{"line":101,"column":8},"end":{"line":106,"column":null}},"37":{"start":{"line":109,"column":6},"end":{"line":112,"column":null}},"38":{"start":{"line":116,"column":2},"end":{"line":197,"column":null}},"39":{"start":{"line":134,"column":18},"end":{"line":134,"column":null}},"40":{"start":{"line":143,"column":38},"end":{"line":143,"column":null}},"41":{"start":{"line":154,"column":34},"end":{"line":154,"column":null}},"42":{"start":{"line":165,"column":34},"end":{"line":165,"column":null}},"43":{"start":{"line":184,"column":27},"end":{"line":184,"column":null}},"44":{"start":{"line":201,"column":15},"end":{"line":264,"column":null}}},"fnMap":{"0":{"name":"AuthScreen","decl":{"start":{"line":44,"column":16},"end":{"line":44,"column":29}},"loc":{"start":{"line":44,"column":29},"end":{"line":199,"column":null}},"line":44},"1":{"name":"(anonymous_1)","decl":{"start":{"line":58,"column":18},"end":{"line":58,"column":24}},"loc":{"start":{"line":58,"column":24},"end":{"line":62,"column":5}},"line":58},"2":{"name":"(anonymous_2)","decl":{"start":{"line":64,"column":23},"end":{"line":64,"column":35}},"loc":{"start":{"line":64,"column":35},"end":{"line":114,"column":null}},"line":64},"3":{"name":"(anonymous_3)","decl":{"start":{"line":67,"column":13},"end":{"line":67,"column":14}},"loc":{"start":{"line":67,"column":32},"end":{"line":71,"column":null}},"line":67},"4":{"name":"(anonymous_4)","decl":{"start":{"line":72,"column":16},"end":{"line":72,"column":17}},"loc":{"start":{"line":72,"column":35},"end":{"line":76,"column":null}},"line":72},"5":{"name":"(anonymous_5)","decl":{"start":{"line":80,"column":23},"end":{"line":80,"column":24}},"loc":{"start":{"line":80,"column":24},"end":{"line":81,"column":null}},"line":80},"6":{"name":"(anonymous_6)","decl":{"start":{"line":82,"column":22},"end":{"line":82,"column":23}},"loc":{"start":{"line":82,"column":23},"end":{"line":83,"column":null}},"line":82},"7":{"name":"(anonymous_7)","decl":{"start":{"line":133,"column":30},"end":{"line":133,"column":null}},"loc":{"start":{"line":134,"column":18},"end":{"line":134,"column":null}},"line":134},"8":{"name":"(anonymous_8)","decl":{"start":{"line":143,"column":30},"end":{"line":143,"column":38}},"loc":{"start":{"line":143,"column":38},"end":{"line":143,"column":null}},"line":143},"9":{"name":"(anonymous_9)","decl":{"start":{"line":154,"column":26},"end":{"line":154,"column":34}},"loc":{"start":{"line":154,"column":34},"end":{"line":154,"column":null}},"line":154},"10":{"name":"(anonymous_10)","decl":{"start":{"line":165,"column":26},"end":{"line":165,"column":34}},"loc":{"start":{"line":165,"column":34},"end":{"line":165,"column":null}},"line":165},"11":{"name":"(anonymous_11)","decl":{"start":{"line":184,"column":21},"end":{"line":184,"column":27}},"loc":{"start":{"line":184,"column":27},"end":{"line":184,"column":null}},"line":184}},"branchMap":{"0":{"loc":{"start":{"line":59,"column":4},"end":{"line":61,"column":null}},"type":"if","locations":[{"start":{"line":59,"column":4},"end":{"line":61,"column":null}},{"start":{},"end":{}}],"line":59},"1":{"loc":{"start":{"line":68,"column":8},"end":{"line":68,"column":null}},"type":"if","locations":[{"start":{"line":68,"column":8},"end":{"line":68,"column":null}},{"start":{},"end":{}}],"line":68},"2":{"loc":{"start":{"line":69,"column":8},"end":{"line":69,"column":null}},"type":"if","locations":[{"start":{"line":69,"column":8},"end":{"line":69,"column":null}},{"start":{},"end":{}}],"line":69},"3":{"loc":{"start":{"line":73,"column":8},"end":{"line":73,"column":null}},"type":"if","locations":[{"start":{"line":73,"column":8},"end":{"line":73,"column":null}},{"start":{},"end":{}}],"line":73},"4":{"loc":{"start":{"line":74,"column":8},"end":{"line":74,"column":null}},"type":"if","locations":[{"start":{"line":74,"column":8},"end":{"line":74,"column":null}},{"start":{},"end":{}}],"line":74},"5":{"loc":{"start":{"line":77,"column":10},"end":{"line":84,"column":null}},"type":"cond-expr","locations":[{"start":{"line":78,"column":10},"end":{"line":78,"column":null}},{"start":{"line":79,"column":10},"end":{"line":84,"column":null}}],"line":77},"6":{"loc":{"start":{"line":80,"column":24},"end":{"line":81,"column":null}},"type":"cond-expr","locations":[{"start":{"line":81,"column":40},"end":{"line":81,"column":47}},{"start":{"line":81,"column":47},"end":{"line":81,"column":null}}],"line":80},"7":{"loc":{"start":{"line":82,"column":23},"end":{"line":83,"column":null}},"type":"cond-expr","locations":[{"start":{"line":83,"column":40},"end":{"line":83,"column":47}},{"start":{"line":83,"column":47},"end":{"line":83,"column":null}}],"line":82},"8":{"loc":{"start":{"line":89,"column":4},"end":{"line":92,"column":null}},"type":"if","locations":[{"start":{"line":89,"column":4},"end":{"line":92,"column":null}},{"start":{},"end":{}}],"line":89},"9":{"loc":{"start":{"line":95,"column":6},"end":{"line":107,"column":null}},"type":"if","locations":[{"start":{"line":95,"column":6},"end":{"line":107,"column":null}},{"start":{"line":100,"column":13},"end":{"line":107,"column":null}}],"line":95},"10":{"loc":{"start":{"line":120,"column":11},"end":{"line":120,"column":null}},"type":"cond-expr","locations":[{"start":{"line":120,"column":21},"end":{"line":120,"column":38}},{"start":{"line":120,"column":38},"end":{"line":120,"column":null}}],"line":120},"11":{"loc":{"start":{"line":123,"column":11},"end":{"line":123,"column":null}},"type":"cond-expr","locations":[{"start":{"line":123,"column":21},"end":{"line":123,"column":45}},{"start":{"line":123,"column":45},"end":{"line":123,"column":null}}],"line":123},"12":{"loc":{"start":{"line":127,"column":11},"end":{"line":147,"column":null}},"type":"binary-expr","locations":[{"start":{"line":127,"column":11},"end":{"line":127,"column":null}},{"start":{"line":128,"column":12},"end":{"line":147,"column":null}}],"line":127},"13":{"loc":{"start":{"line":175,"column":38},"end":{"line":175,"column":76}},"type":"cond-expr","locations":[{"start":{"line":175,"column":48},"end":{"line":175,"column":60}},{"start":{"line":175,"column":60},"end":{"line":175,"column":76}}],"line":175},"14":{"loc":{"start":{"line":178,"column":15},"end":{"line":178,"column":null}},"type":"cond-expr","locations":[{"start":{"line":178,"column":25},"end":{"line":178,"column":37}},{"start":{"line":178,"column":37},"end":{"line":178,"column":null}}],"line":178},"15":{"loc":{"start":{"line":186,"column":14},"end":{"line":186,"column":null}},"type":"cond-expr","locations":[{"start":{"line":186,"column":24},"end":{"line":186,"column":53}},{"start":{"line":186,"column":53},"end":{"line":186,"column":null}}],"line":186},"16":{"loc":{"start":{"line":190,"column":15},"end":{"line":192,"column":null}},"type":"cond-expr","locations":[{"start":{"line":191,"column":18},"end":{"line":191,"column":null}},{"start":{"line":192,"column":18},"end":{"line":192,"column":null}}],"line":190}},"s":{"0":0,"1":0,"2":0,"3":0,"4":0,"5":0,"6":0,"7":0,"8":0,"9":0,"10":0,"11":0,"12":0,"13":0,"14":0,"15":0,"16":0,"17":0,"18":0,"19":0,"20":0,"21":0,"22":0,"23":0,"24":0,"25":0,"26":0,"27":0,"28":0,"29":0,"30":0,"31":0,"32":0,"33":0,"34":0,"35":0,"36":0,"37":0,"38":0,"39":0,"40":0,"41":0,"42":0,"43":0,"44":0},"f":{"0":0,"1":0,"2":0,"3":0,"4":0,"5":0,"6":0,"7":0,"8":0,"9":0,"10":0,"11":0},"b":{"0":[0,0],"1":[0,0],"2":[0,0],"3":[0,0],"4":[0,0],"5":[0,0],"6":[0,0],"7":[0,0],"8":[0,0],"9":[0,0],"10":[0,0],"11":[0,0],"12":[0,0],"13":[0,0],"14":[0,0],"15":[0,0],"16":[0,0]},"meta":{"lastBranch":17,"lastFunction":12,"lastStatement":45,"seen":{"s:36:16:36:Infinity":0,"s:37:42:37:Infinity":1,"f:44:16:44:29":0,"s:45:8:45:Infinity":2,"s:46:28:46:Infinity":3,"s:47:24:47:Infinity":4,"s:48:30:48:Infinity":5,"s:49:32:49:Infinity":6,"s:50:30:50:Infinity":7,"s:53:30:53:Infinity":8,"s:54:16:54:Infinity":9,"s:55:17:55:Infinity":10,"s:58:2:62:Infinity":11,"f:58:18:58:24":1,"b:59:4:61:Infinity:undefined:undefined:undefined:undefined":0,"s:59:4:61:Infinity":12,"s:60:6:60:Infinity":13,"s:64:23:114:Infinity":14,"f:64:23:64:35":2,"s:65:19:65:Infinity":15,"s:66:23:85:Infinity":16,"f:67:13:67:14":3,"b:68:8:68:Infinity:undefined:undefined:undefined:undefined":1,"s:68:8:68:Infinity":17,"s:68:38:68:Infinity":18,"b:69:8:69:Infinity:undefined:undefined:undefined:undefined":2,"s:69:8:69:Infinity":19,"s:69:35:69:Infinity":20,"s:70:8:70:Infinity":21,"f:72:16:72:17":4,"b:73:8:73:Infinity:undefined:undefined:undefined:undefined":3,"s:73:8:73:Infinity":22,"s:73:38:73:Infinity":23,"b:74:8:74:Infinity:undefined:undefined:undefined:undefined":4,"s:74:8:74:Infinity":24,"s:74:30:74:Infinity":25,"s:75:8:75:Infinity":26,"b:78:10:78:Infinity:79:10:84:Infinity":5,"f:80:23:80:24":5,"s:80:24:81:Infinity":27,"b:81:40:81:47:81:47:81:Infinity":6,"f:82:22:82:23":6,"s:82:23:83:Infinity":28,"b:83:40:83:47:83:47:83:Infinity":7,"s:87:10:87:Infinity":29,"b:89:4:92:Infinity:undefined:undefined:undefined:undefined":8,"s:89:4:92:Infinity":30,"s:90:6:90:Infinity":31,"s:91:6:91:Infinity":32,"s:94:4:113:Infinity":33,"b:95:6:107:Infinity:100:13:107:Infinity":9,"s:95:6:107:Infinity":34,"s:96:8:99:Infinity":35,"s:101:8:106:Infinity":36,"s:109:6:112:Infinity":37,"s:116:2:197:Infinity":38,"b:120:21:120:38:120:38:120:Infinity":10,"b:123:21:123:45:123:45:123:Infinity":11,"b:127:11:127:Infinity:128:12:147:Infinity":12,"f:133:30:133:Infinity":7,"s:134:18:134:Infinity":39,"f:143:30:143:38":8,"s:143:38:143:Infinity":40,"f:154:26:154:34":9,"s:154:34:154:Infinity":41,"f:165:26:165:34":10,"s:165:34:165:Infinity":42,"b:175:48:175:60:175:60:175:76":13,"b:178:25:178:37:178:37:178:Infinity":14,"f:184:21:184:27":11,"s:184:27:184:Infinity":43,"b:186:24:186:53:186:53:186:Infinity":15,"b:191:18:191:Infinity:192:18:192:Infinity":16,"s:201:15:264:Infinity":44}}}
,"/Users/tsurette/repos/personal/groupi/packages/mobile/src/screens/EventScreen.tsx": {"path":"/Users/tsurette/repos/personal/groupi/packages/mobile/src/screens/EventScreen.tsx","statementMap":{"0":{"start":{"line":33,"column":16},"end":{"line":33,"column":null}},"1":{"start":{"line":34,"column":50},"end":{"line":34,"column":null}},"2":{"start":{"line":43,"column":8},"end":{"line":43,"column":null}},"3":{"start":{"line":44,"column":8},"end":{"line":44,"column":null}},"4":{"start":{"line":45,"column":22},"end":{"line":45,"column":null}},"5":{"start":{"line":48,"column":42},"end":{"line":48,"column":null}},"6":{"start":{"line":49,"column":20},"end":{"line":49,"column":null}},"7":{"start":{"line":50,"column":21},"end":{"line":50,"column":null}},"8":{"start":{"line":52,"column":26},"end":{"line":58,"column":null}},"9":{"start":{"line":53,"column":4},"end":{"line":57,"column":null}},"10":{"start":{"line":54,"column":6},"end":{"line":54,"column":null}},"11":{"start":{"line":56,"column":6},"end":{"line":56,"column":null}},"12":{"start":{"line":60,"column":27},"end":{"line":66,"column":null}},"13":{"start":{"line":61,"column":4},"end":{"line":65,"column":null}},"14":{"start":{"line":62,"column":6},"end":{"line":62,"column":null}},"15":{"start":{"line":64,"column":6},"end":{"line":64,"column":null}},"16":{"start":{"line":68,"column":2},"end":{"line":76,"column":null}},"17":{"start":{"line":69,"column":4},"end":{"line":74,"column":null}},"18":{"start":{"line":78,"column":2},"end":{"line":93,"column":null}},"19":{"start":{"line":79,"column":4},"end":{"line":91,"column":null}},"20":{"start":{"line":85,"column":27},"end":{"line":85,"column":null}},"21":{"start":{"line":95,"column":22},"end":{"line":95,"column":null}},"22":{"start":{"line":97,"column":2},"end":{"line":151,"column":null}},"23":{"start":{"line":155,"column":15},"end":{"line":229,"column":null}}},"fnMap":{"0":{"name":"EventScreen","decl":{"start":{"line":42,"column":16},"end":{"line":42,"column":30}},"loc":{"start":{"line":42,"column":30},"end":{"line":153,"column":null}},"line":42},"1":{"name":"(anonymous_1)","decl":{"start":{"line":52,"column":26},"end":{"line":52,"column":38}},"loc":{"start":{"line":52,"column":38},"end":{"line":58,"column":null}},"line":52},"2":{"name":"(anonymous_2)","decl":{"start":{"line":60,"column":27},"end":{"line":60,"column":39}},"loc":{"start":{"line":60,"column":39},"end":{"line":66,"column":null}},"line":60},"3":{"name":"(anonymous_3)","decl":{"start":{"line":85,"column":21},"end":{"line":85,"column":27}},"loc":{"start":{"line":85,"column":27},"end":{"line":85,"column":null}},"line":85}},"branchMap":{"0":{"loc":{"start":{"line":68,"column":2},"end":{"line":76,"column":null}},"type":"if","locations":[{"start":{"line":68,"column":2},"end":{"line":76,"column":null}},{"start":{},"end":{}}],"line":68},"1":{"loc":{"start":{"line":78,"column":2},"end":{"line":93,"column":null}},"type":"if","locations":[{"start":{"line":78,"column":2},"end":{"line":93,"column":null}},{"start":{},"end":{}}],"line":78},"2":{"loc":{"start":{"line":78,"column":6},"end":{"line":78,"column":23}},"type":"binary-expr","locations":[{"start":{"line":78,"column":6},"end":{"line":78,"column":15}},{"start":{"line":78,"column":15},"end":{"line":78,"column":23}}],"line":78},"3":{"loc":{"start":{"line":104,"column":9},"end":{"line":105,"column":null}},"type":"binary-expr","locations":[{"start":{"line":104,"column":9},"end":{"line":104,"column":null}},{"start":{"line":105,"column":10},"end":{"line":105,"column":null}}],"line":104},"4":{"loc":{"start":{"line":115,"column":9},"end":{"line":121,"column":null}},"type":"binary-expr","locations":[{"start":{"line":115,"column":9},"end":{"line":115,"column":null}},{"start":{"line":116,"column":10},"end":{"line":121,"column":null}}],"line":115},"5":{"loc":{"start":{"line":124,"column":9},"end":{"line":128,"column":null}},"type":"binary-expr","locations":[{"start":{"line":124,"column":9},"end":{"line":124,"column":null}},{"start":{"line":125,"column":10},"end":{"line":128,"column":null}}],"line":124},"6":{"loc":{"start":{"line":132,"column":11},"end":{"line":147,"column":null}},"type":"cond-expr","locations":[{"start":{"line":133,"column":12},"end":{"line":139,"column":null}},{"start":{"line":141,"column":12},"end":{"line":147,"column":null}}],"line":132}},"s":{"0":0,"1":0,"2":0,"3":0,"4":0,"5":0,"6":0,"7":0,"8":0,"9":0,"10":0,"11":0,"12":0,"13":0,"14":0,"15":0,"16":0,"17":0,"18":0,"19":0,"20":0,"21":0,"22":0,"23":0},"f":{"0":0,"1":0,"2":0,"3":0},"b":{"0":[0,0],"1":[0,0],"2":[0,0],"3":[0,0],"4":[0,0],"5":[0,0],"6":[0,0]},"meta":{"lastBranch":7,"lastFunction":4,"lastStatement":24,"seen":{"s:33:16:33:Infinity":0,"s:34:50:34:Infinity":1,"f:42:16:42:30":0,"s:43:8:43:Infinity":2,"s:44:8:44:Infinity":3,"s:45:22:45:Infinity":4,"s:48:42:48:Infinity":5,"s:49:20:49:Infinity":6,"s:50:21:50:Infinity":7,"s:52:26:58:Infinity":8,"f:52:26:52:38":1,"s:53:4:57:Infinity":9,"s:54:6:54:Infinity":10,"s:56:6:56:Infinity":11,"s:60:27:66:Infinity":12,"f:60:27:60:39":2,"s:61:4:65:Infinity":13,"s:62:6:62:Infinity":14,"s:64:6:64:Infinity":15,"b:68:2:76:Infinity:undefined:undefined:undefined:undefined":0,"s:68:2:76:Infinity":16,"s:69:4:74:Infinity":17,"b:78:2:93:Infinity:undefined:undefined:undefined:undefined":1,"s:78:2:93:Infinity":18,"b:78:6:78:15:78:15:78:23":2,"s:79:4:91:Infinity":19,"f:85:21:85:27":3,"s:85:27:85:Infinity":20,"s:95:22:95:Infinity":21,"s:97:2:151:Infinity":22,"b:104:9:104:Infinity:105:10:105:Infinity":3,"b:115:9:115:Infinity:116:10:121:Infinity":4,"b:124:9:124:Infinity:125:10:128:Infinity":5,"b:133:12:139:Infinity:141:12:147:Infinity":6,"s:155:15:229:Infinity":23}}}
,"/Users/tsurette/repos/personal/groupi/packages/mobile/src/screens/HomeScreen.tsx": {"path":"/Users/tsurette/repos/personal/groupi/packages/mobile/src/screens/HomeScreen.tsx","statementMap":{"0":{"start":{"line":34,"column":16},"end":{"line":34,"column":null}},"1":{"start":{"line":35,"column":23},"end":{"line":35,"column":null}},"2":{"start":{"line":36,"column":38},"end":{"line":36,"column":null}},"3":{"start":{"line":52,"column":8},"end":{"line":52,"column":null}},"4":{"start":{"line":53,"column":38},"end":{"line":53,"column":null}},"5":{"start":{"line":56,"column":22},"end":{"line":56,"column":null}},"6":{"start":{"line":57,"column":45},"end":{"line":57,"column":null}},"7":{"start":{"line":58,"column":22},"end":{"line":58,"column":null}},"8":{"start":{"line":60,"column":20},"end":{"line":64,"column":null}},"9":{"start":{"line":61,"column":4},"end":{"line":61,"column":null}},"10":{"start":{"line":62,"column":4},"end":{"line":62,"column":null}},"11":{"start":{"line":63,"column":4},"end":{"line":63,"column":null}},"12":{"start":{"line":66,"column":28},"end":{"line":80,"column":null}},"13":{"start":{"line":67,"column":4},"end":{"line":79,"column":null}},"14":{"start":{"line":68,"column":23},"end":{"line":71,"column":null}},"15":{"start":{"line":73,"column":6},"end":{"line":75,"column":null}},"16":{"start":{"line":74,"column":8},"end":{"line":74,"column":null}},"17":{"start":{"line":78,"column":6},"end":{"line":78,"column":null}},"18":{"start":{"line":82,"column":27},"end":{"line":84,"column":null}},"19":{"start":{"line":83,"column":4},"end":{"line":83,"column":null}},"20":{"start":{"line":86,"column":22},"end":{"line":109,"column":null}},"21":{"start":{"line":93,"column":4},"end":{"line":109,"column":null}},"22":{"start":{"line":95,"column":21},"end":{"line":95,"column":null}},"23":{"start":{"line":112,"column":2},"end":{"line":120,"column":null}},"24":{"start":{"line":113,"column":4},"end":{"line":118,"column":null}},"25":{"start":{"line":122,"column":2},"end":{"line":156,"column":null}},"26":{"start":{"line":141,"column":32},"end":{"line":141,"column":null}},"27":{"start":{"line":160,"column":15},"end":{"line":236,"column":null}}},"fnMap":{"0":{"name":"HomeScreen","decl":{"start":{"line":51,"column":16},"end":{"line":51,"column":29}},"loc":{"start":{"line":51,"column":29},"end":{"line":158,"column":null}},"line":51},"1":{"name":"(anonymous_1)","decl":{"start":{"line":60,"column":38},"end":{"line":60,"column":50}},"loc":{"start":{"line":60,"column":50},"end":{"line":64,"column":5}},"line":60},"2":{"name":"(anonymous_2)","decl":{"start":{"line":66,"column":28},"end":{"line":66,"column":40}},"loc":{"start":{"line":66,"column":40},"end":{"line":80,"column":null}},"line":66},"3":{"name":"(anonymous_3)","decl":{"start":{"line":82,"column":27},"end":{"line":82,"column":28}},"loc":{"start":{"line":82,"column":48},"end":{"line":84,"column":null}},"line":82},"4":{"name":"(anonymous_4)","decl":{"start":{"line":86,"column":22},"end":{"line":86,"column":23}},"loc":{"start":{"line":93,"column":4},"end":{"line":109,"column":null}},"line":93},"5":{"name":"(anonymous_5)","decl":{"start":{"line":95,"column":15},"end":{"line":95,"column":21}},"loc":{"start":{"line":95,"column":21},"end":{"line":95,"column":null}},"line":95},"6":{"name":"(anonymous_6)","decl":{"start":{"line":141,"column":24},"end":{"line":141,"column":32}},"loc":{"start":{"line":141,"column":32},"end":{"line":141,"column":null}},"line":141}},"branchMap":{"0":{"loc":{"start":{"line":73,"column":6},"end":{"line":75,"column":null}},"type":"if","locations":[{"start":{"line":73,"column":6},"end":{"line":75,"column":null}},{"start":{},"end":{}}],"line":73},"1":{"loc":{"start":{"line":97,"column":26},"end":{"line":97,"column":48}},"type":"binary-expr","locations":[{"start":{"line":97,"column":26},"end":{"line":97,"column":46}},{"start":{"line":97,"column":46},"end":{"line":97,"column":48}}],"line":97},"2":{"loc":{"start":{"line":103,"column":7},"end":{"line":104,"column":null}},"type":"binary-expr","locations":[{"start":{"line":103,"column":7},"end":{"line":103,"column":null}},{"start":{"line":104,"column":8},"end":{"line":104,"column":null}}],"line":103},"3":{"loc":{"start":{"line":112,"column":2},"end":{"line":120,"column":null}},"type":"if","locations":[{"start":{"line":112,"column":2},"end":{"line":120,"column":null}},{"start":{},"end":{}}],"line":112},"4":{"loc":{"start":{"line":112,"column":6},"end":{"line":112,"column":26}},"type":"binary-expr","locations":[{"start":{"line":112,"column":6},"end":{"line":112,"column":17}},{"start":{"line":112,"column":17},"end":{"line":112,"column":26}}],"line":112},"5":{"loc":{"start":{"line":126,"column":23},"end":{"line":126,"column":71}},"type":"cond-expr","locations":[{"start":{"line":126,"column":37},"end":{"line":126,"column":68}},{"start":{"line":126,"column":68},"end":{"line":126,"column":71}}],"line":126},"6":{"loc":{"start":{"line":137,"column":7},"end":{"line":154,"column":null}},"type":"cond-expr","locations":[{"start":{"line":138,"column":8},"end":{"line":147,"column":null}},{"start":{"line":149,"column":8},"end":{"line":154,"column":null}}],"line":137},"7":{"loc":{"start":{"line":137,"column":7},"end":{"line":137,"column":null}},"type":"binary-expr","locations":[{"start":{"line":137,"column":7},"end":{"line":137,"column":17}},{"start":{"line":137,"column":17},"end":{"line":137,"column":null}}],"line":137}},"s":{"0":0,"1":0,"2":0,"3":0,"4":0,"5":0,"6":0,"7":0,"8":0,"9":0,"10":0,"11":0,"12":0,"13":0,"14":0,"15":0,"16":0,"17":0,"18":0,"19":0,"20":0,"21":0,"22":0,"23":0,"24":0,"25":0,"26":0,"27":0},"f":{"0":0,"1":0,"2":0,"3":0,"4":0,"5":0,"6":0},"b":{"0":[0,0],"1":[0,0],"2":[0,0],"3":[0,0],"4":[0,0],"5":[0,0],"6":[0,0],"7":[0,0]},"meta":{"lastBranch":8,"lastFunction":7,"lastStatement":28,"seen":{"s:34:16:34:Infinity":0,"s:35:23:35:Infinity":1,"s:36:38:36:Infinity":2,"f:51:16:51:29":0,"s:52:8:52:Infinity":3,"s:53:38:53:Infinity":4,"s:56:22:56:Infinity":5,"s:57:45:57:Infinity":6,"s:58:22:58:Infinity":7,"s:60:20:64:Infinity":8,"f:60:38:60:50":1,"s:61:4:61:Infinity":9,"s:62:4:62:Infinity":10,"s:63:4:63:Infinity":11,"s:66:28:80:Infinity":12,"f:66:28:66:40":2,"s:67:4:79:Infinity":13,"s:68:23:71:Infinity":14,"b:73:6:75:Infinity:undefined:undefined:undefined:undefined":0,"s:73:6:75:Infinity":15,"s:74:8:74:Infinity":16,"s:78:6:78:Infinity":17,"s:82:27:84:Infinity":18,"f:82:27:82:28":3,"s:83:4:83:Infinity":19,"s:86:22:109:Infinity":20,"f:86:22:86:23":4,"s:93:4:109:Infinity":21,"f:95:15:95:21":5,"s:95:21:95:Infinity":22,"b:97:26:97:46:97:46:97:48":1,"b:103:7:103:Infinity:104:8:104:Infinity":2,"b:112:2:120:Infinity:undefined:undefined:undefined:undefined":3,"s:112:2:120:Infinity":23,"b:112:6:112:17:112:17:112:26":4,"s:113:4:118:Infinity":24,"s:122:2:156:Infinity":25,"b:126:37:126:68:126:68:126:71":5,"b:138:8:147:Infinity:149:8:154:Infinity":6,"b:137:7:137:17:137:17:137:Infinity":7,"f:141:24:141:32":6,"s:141:32:141:Infinity":26,"s:160:15:236:Infinity":27}}}
,"/Users/tsurette/repos/personal/groupi/packages/mobile/src/screens/ProfileScreen.tsx": {"path":"/Users/tsurette/repos/personal/groupi/packages/mobile/src/screens/ProfileScreen.tsx","statementMap":{"0":{"start":{"line":33,"column":16},"end":{"line":33,"column":null}},"1":{"start":{"line":34,"column":34},"end":{"line":34,"column":null}},"2":{"start":{"line":39,"column":8},"end":{"line":39,"column":null}},"3":{"start":{"line":40,"column":8},"end":{"line":40,"column":null}},"4":{"start":{"line":41,"column":30},"end":{"line":41,"column":null}},"5":{"start":{"line":44,"column":22},"end":{"line":44,"column":null}},"6":{"start":{"line":45,"column":17},"end":{"line":45,"column":null}},"7":{"start":{"line":49,"column":15},"end":{"line":49,"column":null}},"8":{"start":{"line":51,"column":23},"end":{"line":67,"column":null}},"9":{"start":{"line":52,"column":4},"end":{"line":66,"column":null}},"10":{"start":{"line":58,"column":10},"end":{"line":63,"column":null}},"11":{"start":{"line":59,"column":12},"end":{"line":59,"column":null}},"12":{"start":{"line":62,"column":12},"end":{"line":62,"column":null}},"13":{"start":{"line":69,"column":28},"end":{"line":72,"column":null}},"14":{"start":{"line":71,"column":4},"end":{"line":71,"column":null}},"15":{"start":{"line":74,"column":2},"end":{"line":82,"column":null}},"16":{"start":{"line":75,"column":4},"end":{"line":80,"column":null}},"17":{"start":{"line":84,"column":8},"end":{"line":84,"column":null}},"18":{"start":{"line":85,"column":19},"end":{"line":85,"column":null}},"19":{"start":{"line":87,"column":2},"end":{"line":147,"column":null}},"20":{"start":{"line":151,"column":15},"end":{"line":256,"column":null}}},"fnMap":{"0":{"name":"ProfileScreen","decl":{"start":{"line":38,"column":16},"end":{"line":38,"column":32}},"loc":{"start":{"line":38,"column":32},"end":{"line":149,"column":null}},"line":38},"1":{"name":"(anonymous_1)","decl":{"start":{"line":51,"column":23},"end":{"line":51,"column":29}},"loc":{"start":{"line":51,"column":29},"end":{"line":67,"column":null}},"line":51},"2":{"name":"(anonymous_2)","decl":{"start":{"line":57,"column":17},"end":{"line":57,"column":29}},"loc":{"start":{"line":57,"column":29},"end":{"line":64,"column":null}},"line":57},"3":{"name":"(anonymous_3)","decl":{"start":{"line":69,"column":28},"end":{"line":69,"column":34}},"loc":{"start":{"line":69,"column":34},"end":{"line":72,"column":null}},"line":69}},"branchMap":{"0":{"loc":{"start":{"line":74,"column":2},"end":{"line":82,"column":null}},"type":"if","locations":[{"start":{"line":74,"column":2},"end":{"line":82,"column":null}},{"start":{},"end":{}}],"line":74},"1":{"loc":{"start":{"line":120,"column":11},"end":{"line":124,"column":null}},"type":"binary-expr","locations":[{"start":{"line":120,"column":11},"end":{"line":120,"column":null}},{"start":{"line":121,"column":12},"end":{"line":124,"column":null}}],"line":120}},"s":{"0":0,"1":0,"2":0,"3":0,"4":0,"5":0,"6":0,"7":0,"8":0,"9":0,"10":0,"11":0,"12":0,"13":0,"14":0,"15":0,"16":0,"17":0,"18":0,"19":0,"20":0},"f":{"0":0,"1":0,"2":0,"3":0},"b":{"0":[0,0],"1":[0,0]},"meta":{"lastBranch":2,"lastFunction":4,"lastStatement":21,"seen":{"s:33:16:33:Infinity":0,"s:34:34:34:Infinity":1,"f:38:16:38:32":0,"s:39:8:39:Infinity":2,"s:40:8:40:Infinity":3,"s:41:30:41:Infinity":4,"s:44:22:44:Infinity":5,"s:45:17:45:Infinity":6,"s:49:15:49:Infinity":7,"s:51:23:67:Infinity":8,"f:51:23:51:29":1,"s:52:4:66:Infinity":9,"f:57:17:57:29":2,"s:58:10:63:Infinity":10,"s:59:12:59:Infinity":11,"s:62:12:62:Infinity":12,"s:69:28:72:Infinity":13,"f:69:28:69:34":3,"s:71:4:71:Infinity":14,"b:74:2:82:Infinity:undefined:undefined:undefined:undefined":0,"s:74:2:82:Infinity":15,"s:75:4:80:Infinity":16,"s:84:8:84:Infinity":17,"s:85:19:85:Infinity":18,"s:87:2:147:Infinity":19,"b:120:11:120:Infinity:121:12:124:Infinity":1,"s:151:15:256:Infinity":20}}}
,"/Users/tsurette/repos/personal/groupi/packages/mobile/src/theme/colors.ts": {"path":"/Users/tsurette/repos/personal/groupi/packages/mobile/src/theme/colors.ts","statementMap":{"0":{"start":{"line":6,"column":22},"end":{"line":29,"column":null}}},"fnMap":{},"branchMap":{},"s":{"0":0},"f":{},"b":{},"meta":{"lastBranch":0,"lastFunction":0,"lastStatement":1,"seen":{"s:6:22:29:Infinity":0}}}
}
