TN:
SF:src/App.tsx
FN:40,HomeScreen
FN:84,AppContent
FN:87,(anonymous_2)
FN:112,App
FNF:4
FNH:0
FNDA:0,HomeScreen
FNDA:0,AppContent
FNDA:0,(anonymous_2)
FNDA:0,App
DA:31,0
DA:34,0
DA:37,0
DA:41,0
DA:85,0
DA:87,0
DA:89,0
DA:92,0
DA:94,0
DA:97,0
DA:113,0
LF:11
LH:0
BRDA:34,0,0,0
BRDA:34,0,1,0
BRDA:99,1,0,0
BRDA:99,1,1,0
BRF:4
BRH:0
end_of_record
TN:
SF:src/lib/platform-setup.ts
FN:37,setNavigationRef
FN:44,setupPlatformAdapters
FN:47,(anonymous_2)
FN:54,(anonymous_3)
FN:63,(anonymous_4)
FN:68,(anonymous_5)
FN:75,(anonymous_6)
FN:78,(anonymous_7)
FN:81,(anonymous_8)
FN:84,(anonymous_9)
FN:95,(anonymous_10)
FN:102,(anonymous_11)
FN:106,(anonymous_12)
FN:110,(anonymous_13)
FN:136,(anonymous_14)
FN:146,(anonymous_15)
FN:151,(anonymous_16)
FN:163,(anonymous_17)
FN:185,(anonymous_18)
FN:198,parseRoute
FN:227,usePlatformSafeArea
FN:230,(anonymous_21)
FNF:22
FNH:0
FNDA:0,setNavigationRef
FNDA:0,setupPlatformAdapters
FNDA:0,(anonymous_2)
FNDA:0,(anonymous_3)
FNDA:0,(anonymous_4)
FNDA:0,(anonymous_5)
FNDA:0,(anonymous_6)
FNDA:0,(anonymous_7)
FNDA:0,(anonymous_8)
FNDA:0,(anonymous_9)
FNDA:0,(anonymous_10)
FNDA:0,(anonymous_11)
FNDA:0,(anonymous_12)
FNDA:0,(anonymous_13)
FNDA:0,(anonymous_14)
FNDA:0,(anonymous_15)
FNDA:0,(anonymous_16)
FNDA:0,(anonymous_17)
FNDA:0,(anonymous_18)
FNDA:0,parseRoute
FNDA:0,usePlatformSafeArea
FNDA:0,(anonymous_21)
DA:35,0
DA:38,0
DA:46,0
DA:48,0
DA:50,0
DA:51,0
DA:55,0
DA:56,0
DA:57,0
DA:64,0
DA:65,0
DA:69,0
DA:74,0
DA:76,0
DA:79,0
DA:82,0
DA:87,0
DA:94,0
DA:96,0
DA:103,0
DA:104,0
DA:107,0
DA:108,0
DA:111,0
DA:112,0
DA:117,0
DA:124,0
DA:125,0
DA:127,0
DA:134,0
DA:137,0
DA:146,0
DA:147,0
DA:151,0
DA:152,0
DA:156,0
DA:163,0
DA:164,0
DA:168,0
DA:175,0
DA:179,0
DA:185,0
DA:186,0
DA:187,0
DA:188,0
DA:202,0
DA:203,0
DA:206,0
DA:207,0
DA:210,0
DA:211,0
DA:212,0
DA:215,0
DA:216,0
DA:217,0
DA:221,0
DA:228,0
DA:230,0
DA:231,0
DA:239,0
LF:60
LH:0
BRDA:48,0,0,0
BRDA:48,0,1,0
BRDA:55,1,0,0
BRDA:55,1,1,0
BRDA:64,2,0,0
BRDA:64,2,1,0
BRDA:64,3,0,0
BRDA:64,3,1,0
BRDA:69,4,0,0
BRDA:69,4,1,0
BRDA:97,5,0,0
BRDA:97,5,1,0
BRDA:98,6,0,0
BRDA:98,6,1,0
BRDA:103,7,0,0
BRDA:103,7,1,0
BRDA:107,8,0,0
BRDA:107,8,1,0
BRDA:111,9,0,0
BRDA:111,9,1,0
BRDA:130,10,0,0
BRDA:130,10,1,0
BRDA:140,11,0,0
BRDA:140,11,1,0
BRDA:202,12,0,0
BRDA:202,12,1,0
BRDA:202,13,0,0
BRDA:202,13,1,0
BRDA:206,14,0,0
BRDA:206,14,1,0
BRDA:210,15,0,0
BRDA:210,15,1,0
BRDA:215,16,0,0
BRDA:215,16,1,0
BRDA:217,17,0,0
BRDA:217,17,1,0
BRF:36
BRH:0
end_of_record
TN:
SF:src/screens/AuthScreen.tsx
FN:44,AuthScreen
FN:58,(anonymous_1)
FN:64,(anonymous_2)
FN:67,(anonymous_3)
FN:72,(anonymous_4)
FN:80,(anonymous_5)
FN:82,(anonymous_6)
FN:133,(anonymous_7)
FN:143,(anonymous_8)
FN:154,(anonymous_9)
FN:165,(anonymous_10)
FN:184,(anonymous_11)
FNF:12
FNH:0
FNDA:0,AuthScreen
FNDA:0,(anonymous_1)
FNDA:0,(anonymous_2)
FNDA:0,(anonymous_3)
FNDA:0,(anonymous_4)
FNDA:0,(anonymous_5)
FNDA:0,(anonymous_6)
FNDA:0,(anonymous_7)
FNDA:0,(anonymous_8)
FNDA:0,(anonymous_9)
FNDA:0,(anonymous_10)
FNDA:0,(anonymous_11)
DA:36,0
DA:37,0
DA:45,0
DA:46,0
DA:47,0
DA:48,0
DA:49,0
DA:50,0
DA:53,0
DA:54,0
DA:55,0
DA:58,0
DA:59,0
DA:60,0
DA:64,0
DA:65,0
DA:66,0
DA:68,0
DA:69,0
DA:70,0
DA:73,0
DA:74,0
DA:75,0
DA:80,0
DA:82,0
DA:87,0
DA:89,0
DA:90,0
DA:91,0
DA:94,0
DA:95,0
DA:96,0
DA:101,0
DA:109,0
DA:116,0
DA:134,0
DA:143,0
DA:154,0
DA:165,0
DA:184,0
DA:201,0
LF:41
LH:0
BRDA:59,0,0,0
BRDA:59,0,1,0
BRDA:68,1,0,0
BRDA:68,1,1,0
BRDA:69,2,0,0
BRDA:69,2,1,0
BRDA:73,3,0,0
BRDA:73,3,1,0
BRDA:74,4,0,0
BRDA:74,4,1,0
BRDA:77,5,0,0
BRDA:77,5,1,0
BRDA:80,6,0,0
BRDA:80,6,1,0
BRDA:82,7,0,0
BRDA:82,7,1,0
BRDA:89,8,0,0
BRDA:89,8,1,0
BRDA:95,9,0,0
BRDA:95,9,1,0
BRDA:120,10,0,0
BRDA:120,10,1,0
BRDA:123,11,0,0
BRDA:123,11,1,0
BRDA:127,12,0,0
BRDA:127,12,1,0
BRDA:175,13,0,0
BRDA:175,13,1,0
BRDA:178,14,0,0
BRDA:178,14,1,0
BRDA:186,15,0,0
BRDA:186,15,1,0
BRDA:190,16,0,0
BRDA:190,16,1,0
BRF:34
BRH:0
end_of_record
TN:
SF:src/screens/EventScreen.tsx
FN:42,EventScreen
FN:52,(anonymous_1)
FN:60,(anonymous_2)
FN:85,(anonymous_3)
FNF:4
FNH:0
FNDA:0,EventScreen
FNDA:0,(anonymous_1)
FNDA:0,(anonymous_2)
FNDA:0,(anonymous_3)
DA:33,0
DA:34,0
DA:43,0
DA:44,0
DA:45,0
DA:48,0
DA:49,0
DA:50,0
DA:52,0
DA:53,0
DA:54,0
DA:56,0
DA:60,0
DA:61,0
DA:62,0
DA:64,0
DA:68,0
DA:69,0
DA:78,0
DA:79,0
DA:85,0
DA:95,0
DA:97,0
DA:155,0
LF:24
LH:0
BRDA:68,0,0,0
BRDA:68,0,1,0
BRDA:78,1,0,0
BRDA:78,1,1,0
BRDA:78,2,0,0
BRDA:78,2,1,0
BRDA:104,3,0,0
BRDA:104,3,1,0
BRDA:115,4,0,0
BRDA:115,4,1,0
BRDA:124,5,0,0
BRDA:124,5,1,0
BRDA:132,6,0,0
BRDA:132,6,1,0
BRF:14
BRH:0
end_of_record
TN:
SF:src/screens/HomeScreen.tsx
FN:51,HomeScreen
FN:60,(anonymous_1)
FN:66,(anonymous_2)
FN:82,(anonymous_3)
FN:86,(anonymous_4)
FN:95,(anonymous_5)
FN:141,(anonymous_6)
FNF:7
FNH:0
FNDA:0,HomeScreen
FNDA:0,(anonymous_1)
FNDA:0,(anonymous_2)
FNDA:0,(anonymous_3)
FNDA:0,(anonymous_4)
FNDA:0,(anonymous_5)
FNDA:0,(anonymous_6)
DA:34,0
DA:35,0
DA:36,0
DA:52,0
DA:53,0
DA:56,0
DA:57,0
DA:58,0
DA:60,0
DA:61,0
DA:62,0
DA:63,0
DA:66,0
DA:67,0
DA:68,0
DA:73,0
DA:74,0
DA:78,0
DA:82,0
DA:83,0
DA:86,0
DA:93,0
DA:95,0
DA:112,0
DA:113,0
DA:122,0
DA:141,0
DA:160,0
LF:28
LH:0
BRDA:73,0,0,0
BRDA:73,0,1,0
BRDA:97,1,0,0
BRDA:97,1,1,0
BRDA:103,2,0,0
BRDA:103,2,1,0
BRDA:112,3,0,0
BRDA:112,3,1,0
BRDA:112,4,0,0
BRDA:112,4,1,0
BRDA:126,5,0,0
BRDA:126,5,1,0
BRDA:137,6,0,0
BRDA:137,6,1,0
BRDA:137,7,0,0
BRDA:137,7,1,0
BRF:16
BRH:0
end_of_record
TN:
SF:src/screens/ProfileScreen.tsx
FN:38,ProfileScreen
FN:51,(anonymous_1)
FN:57,(anonymous_2)
FN:69,(anonymous_3)
FNF:4
FNH:0
FNDA:0,ProfileScreen
FNDA:0,(anonymous_1)
FNDA:0,(anonymous_2)
FNDA:0,(anonymous_3)
DA:33,0
DA:34,0
DA:39,0
DA:40,0
DA:41,0
DA:44,0
DA:45,0
DA:49,0
DA:51,0
DA:52,0
DA:58,0
DA:59,0
DA:62,0
DA:69,0
DA:71,0
DA:74,0
DA:75,0
DA:84,0
DA:85,0
DA:87,0
DA:151,0
LF:21
LH:0
BRDA:74,0,0,0
BRDA:74,0,1,0
BRDA:120,1,0,0
BRDA:120,1,1,0
BRF:4
BRH:0
end_of_record
TN:
SF:src/theme/colors.ts
FNF:0
FNH:0
DA:6,0
LF:1
LH:0
BRF:0
BRH:0
end_of_record
