TN:
SF:src/hooks/useAuth.ts
FN:12,createAuthHooks
FN:17,useCurrentUser
FN:31,useAuthState
FN:48,useUserProfile
FN:60,useUserMembership
FN:73,useUserPermissions
FN:93,useAuthGuard
FN:110,useEventAccessGuard
FNF:8
FNH:8
FNDA:33,createAuthHooks
FNDA:27,useCurrentUser
FNDA:11,useAuthState
FNDA:7,useUserProfile
FNDA:14,useUserMembership
FNDA:7,useUserPermissions
FNDA:7,useAuthGuard
FNDA:3,useEventAccessGuard
DA:18,27
DA:21,27
DA:32,11
DA:33,11
DA:35,11
DA:49,7
DA:61,14
DA:63,14
DA:75,7
DA:76,7
DA:78,7
DA:94,7
DA:96,7
DA:111,3
DA:112,3
DA:114,3
DA:123,33
LF:17
LH:17
BRDA:23,0,0,21
BRDA:23,0,1,6
BRDA:39,1,0,11
BRDA:39,1,1,9
BRDA:39,1,2,7
BRDA:40,2,0,11
BRDA:40,2,1,9
BRDA:51,3,0,3
BRDA:51,3,1,4
BRDA:65,4,0,9
BRDA:65,4,1,5
BRDA:65,5,0,14
BRDA:65,5,1,11
BRDA:83,6,0,7
BRDA:83,6,1,6
BRDA:85,7,0,7
BRDA:85,7,1,6
BRDA:100,8,0,7
BRDA:100,8,1,6
BRDA:101,9,0,7
BRDA:101,9,1,6
BRDA:101,9,2,4
BRDA:102,10,0,7
BRDA:102,10,1,6
BRDA:102,10,2,4
BRDA:117,11,0,3
BRDA:117,11,1,2
BRDA:119,12,0,3
BRDA:119,12,1,2
BRF:29
BRH:29
end_of_record
TN:
SF:src/platform/index.ts
FNF:0
FNH:0
LF:0
LH:0
BRF:0
BRH:0
end_of_record
TN:
SF:src/platform/navigation.ts
FN:13,setNavigationAdapter
FN:20,getNavigationAdapter
FN:36,(anonymous_2)
FN:43,(anonymous_3)
FN:50,(anonymous_4)
FN:57,(anonymous_5)
FN:65,useNavigation
FNF:7
FNH:7
FNDA:52,setNavigationAdapter
FNDA:19,getNavigationAdapter
FNDA:7,(anonymous_2)
FNDA:3,(anonymous_3)
FNDA:3,(anonymous_4)
FNDA:3,(anonymous_5)
FNDA:2,useNavigation
DA:7,1
DA:14,52
DA:21,19
DA:22,6
DA:26,13
DA:32,1
DA:37,7
DA:44,3
DA:51,3
DA:58,3
DA:66,2
LF:11
LH:11
BRDA:21,0,0,6
BRDA:21,0,1,13
BRF:2
BRH:2
end_of_record
TN:
SF:src/platform/storage.ts
FN:13,setStorageAdapter
FN:20,getStorageAdapter
FN:34,(anonymous_2)
FN:41,(anonymous_3)
FN:48,(anonymous_4)
FN:55,(anonymous_5)
FN:62,(anonymous_6)
FN:75,(anonymous_7)
FN:83,useStorage
FNF:9
FNH:9
FNDA:55,setStorageAdapter
FNDA:27,getStorageAdapter
FNDA:4,(anonymous_2)
FNDA:4,(anonymous_3)
FNDA:3,(anonymous_4)
FNDA:3,(anonymous_5)
FNDA:5,(anonymous_6)
FNDA:4,(anonymous_7)
FNDA:2,useStorage
DA:7,1
DA:14,55
DA:21,27
DA:22,9
DA:24,18
DA:30,1
DA:35,4
DA:42,4
DA:49,3
DA:56,3
DA:63,5
DA:64,4
DA:65,2
DA:66,2
DA:68,1
DA:76,4
DA:84,2
LF:17
LH:17
BRDA:21,0,0,9
BRDA:21,0,1,18
BRDA:64,1,0,2
BRDA:64,1,1,2
BRF:4
BRH:4
end_of_record
TN:
SF:src/platform/toast.ts
FN:13,setToastAdapter
FN:20,getToastAdapter
FN:34,(anonymous_2)
FN:41,(anonymous_3)
FN:48,(anonymous_4)
FN:55,(anonymous_5)
FN:63,useToast
FNF:7
FNH:7
FNDA:50,setToastAdapter
FNDA:20,getToastAdapter
FNDA:3,(anonymous_2)
FNDA:5,(anonymous_3)
FNDA:4,(anonymous_4)
FNDA:4,(anonymous_5)
FNDA:2,useToast
DA:7,1
DA:14,50
DA:21,20
DA:22,7
DA:24,13
DA:30,1
DA:35,3
DA:42,5
DA:49,4
DA:56,4
DA:64,2
LF:11
LH:11
BRDA:21,0,0,7
BRDA:21,0,1,13
BRF:2
BRH:2
end_of_record
TN:
SF:src/platform/types.ts
FNF:0
FNH:0
LF:0
LH:0
BRF:0
BRH:0
end_of_record
TN:
SF:src/utils/accessibility.ts
FN:62,createButtonA11yProps
FN:87,createTextInputA11yProps
FN:115,createHeadingA11yProps
FN:129,createListA11yProps
FN:147,createListItemA11yProps
FN:167,createImageA11yProps
FN:188,createStatusA11yProps
FN:202,createDialogA11yProps
FN:217,createTabA11yProps
FN:234,createFormA11yProps
FN:258,setFocusManager
FN:262,getFocusManager
FN:278,setScreenReaderManager
FN:282,announceToScreenReader
FN:291,isScreenReaderEnabled
FN:298,calculateContrastRatio
FN:307,meetsContrastRequirement
FN:319,getScaledFontSize
FN:323,isLargeTextScale
FNF:19
FNH:19
FNDA:6,createButtonA11yProps
FNDA:5,createTextInputA11yProps
FNDA:5,createHeadingA11yProps
FNDA:3,createListA11yProps
FNDA:4,createListItemA11yProps
FNDA:3,createImageA11yProps
FNDA:4,createStatusA11yProps
FNDA:2,createDialogA11yProps
FNDA:2,createTabA11yProps
FNDA:2,createFormA11yProps
FNDA:50,setFocusManager
FNDA:2,getFocusManager
FNDA:52,setScreenReaderManager
FNDA:3,announceToScreenReader
FNDA:2,isScreenReaderEnabled
FNDA:4,calculateContrastRatio
FNDA:3,meetsContrastRequirement
FNDA:3,getScaledFontSize
FNDA:5,isLargeTextScale
DA:71,6
DA:96,5
DA:100,5
DA:119,5
DA:133,3
DA:137,3
DA:153,4
DA:157,4
DA:171,3
DA:172,1
DA:178,2
DA:192,4
DA:206,2
DA:223,2
DA:238,2
DA:256,2
DA:259,50
DA:263,2
DA:276,2
DA:279,52
DA:286,3
DA:287,2
DA:292,2
DA:304,4
DA:312,3
DA:313,3
DA:320,3
DA:324,5
LF:28
LH:28
BRDA:96,0,0,2
BRDA:96,0,1,3
BRDA:97,1,0,2
BRDA:97,1,1,1
BRDA:121,2,0,4
BRDA:121,2,1,1
BRDA:133,3,0,2
BRDA:133,3,1,1
BRDA:153,4,0,3
BRDA:153,4,1,1
BRDA:153,5,0,4
BRDA:153,5,1,3
BRDA:169,6,0,3
BRDA:171,7,0,1
BRDA:171,7,1,2
BRDA:190,8,0,4
BRDA:193,9,0,1
BRDA:193,9,1,3
BRDA:284,10,0,3
BRDA:286,11,0,2
BRDA:286,11,1,1
BRDA:292,12,0,2
BRDA:292,12,1,1
BRDA:310,13,0,3
BRDA:313,14,0,2
BRDA:313,14,1,1
BRDA:319,15,0,3
BRF:27
BRH:27
end_of_record
TN:
SF:src/utils/device.ts
FN:14,setDeviceInfo
FN:21,getDeviceInfo
FN:40,setLayoutInfo
FN:47,getLayoutInfo
FN:54,isLandscape
FN:64,isPortrait
FN:71,isSmallScreen
FN:82,isLargeScreen
FN:103,setSafeAreaInsets
FN:107,getSafeAreaInsets
FN:114,getResponsiveSize
FN:129,getResponsiveFontSize
FN:136,getResponsiveSpacing
FNF:13
FNH:13
FNDA:39,setDeviceInfo
FNDA:4,getDeviceInfo
FNDA:57,setLayoutInfo
FNDA:32,getLayoutInfo
FNDA:9,isLandscape
FNDA:4,isPortrait
FNDA:5,isSmallScreen
FNDA:5,isLargeScreen
FNDA:39,setSafeAreaInsets
FNDA:4,getSafeAreaInsets
FNDA:11,getResponsiveSize
FNDA:2,getResponsiveFontSize
FNDA:2,getResponsiveSpacing
DA:9,2
DA:15,39
DA:22,4
DA:24,0
DA:25,0
DA:31,4
DA:35,2
DA:41,57
DA:48,32
DA:55,9
DA:56,9
DA:58,9
DA:65,4
DA:72,5
DA:73,5
DA:76,5
DA:83,5
DA:84,5
DA:87,5
DA:101,2
DA:104,39
DA:108,4
DA:118,11
DA:119,11
DA:122,11
DA:123,11
DA:130,2
DA:137,2
LF:28
LH:26
BRDA:22,0,0,0
BRDA:22,0,1,4
BRDA:26,1,0,0
BRDA:26,1,1,0
BRDA:56,2,0,0
BRDA:56,2,1,9
BRDA:73,3,0,0
BRDA:73,3,1,5
BRDA:84,4,0,0
BRDA:84,4,1,5
BRDA:119,5,0,11
BRDA:119,5,1,7
BRDA:119,5,2,0
BRF:13
BRH:6
end_of_record
TN:
SF:src/utils/index.ts
FN:14,formatDate
FN:25,formatTime
FN:36,formatDateTime
FN:40,isValidDate
FN:45,truncateText
FN:54,capitalizeFirst
FN:58,generateInitials
FN:62,sanitizeInput
FN:67,validateEmail
FN:72,validateRequired
FN:76,validateMinLength
FN:80,validateMaxLength
FN:84,createValidator
FN:87,(anonymous_13)
FN:97,createFormField
FN:105,validateForm
FN:127,groupBy
FN:132,(anonymous_17)
FN:144,uniqueBy
FN:146,(anonymous_19)
FN:154,sortBy
FN:158,(anonymous_21)
FN:168,createAsyncState
FN:176,setLoading
FN:184,setSuccess
FN:192,setError
FN:204,debounce
FN:211,(anonymous_27)
FN:214,(anonymous_28)
FN:217,(anonymous_29)
FN:222,(anonymous_30)
FN:234,retry
FN:252,(anonymous_32)
FN:260,getPlatform
FN:270,isWeb
FN:274,isMobile
FN:279,serializeError
FN:289,createErrorMessage
FNF:38
FNH:38
FNDA:6,formatDate
FNDA:4,formatTime
FNDA:2,formatDateTime
FNDA:14,isValidDate
FNDA:4,truncateText
FNDA:5,capitalizeFirst
FNDA:6,generateInitials
FNDA:5,sanitizeInput
FNDA:13,validateEmail
FNDA:10,validateRequired
FNDA:7,validateMinLength
FNDA:3,validateMaxLength
FNDA:6,createValidator
FNDA:9,(anonymous_13)
FNDA:2,createFormField
FNDA:2,validateForm
FNDA:2,groupBy
FNDA:4,(anonymous_17)
FNDA:2,uniqueBy
FNDA:5,(anonymous_19)
FNDA:3,sortBy
FNDA:9,(anonymous_21)
FNDA:2,createAsyncState
FNDA:1,setLoading
FNDA:1,setSuccess
FNDA:1,setError
FNDA:3,debounce
FNDA:5,(anonymous_27)
FNDA:1,(anonymous_28)
FNDA:1,(anonymous_29)
FNDA:1,(anonymous_30)
FNDA:2,retry
FNDA:3,(anonymous_32)
FNDA:6,getPlatform
FNDA:2,isWeb
FNDA:2,isMobile
FNDA:8,serializeError
FNDA:3,createErrorMessage
DA:15,6
DA:16,4
DA:17,6
DA:18,2
DA:26,4
DA:27,4
DA:28,4
DA:29,2
DA:37,2
DA:41,14
DA:50,4
DA:51,2
DA:55,5
DA:59,6
DA:63,5
DA:68,13
DA:69,13
DA:73,10
DA:77,7
DA:81,3
DA:87,6
DA:88,9
DA:89,12
DA:90,12
DA:92,3
DA:98,2
DA:109,2
DA:110,2
DA:112,2
DA:113,8
DA:114,8
DA:115,4
DA:116,4
DA:117,2
DA:118,2
DA:123,2
DA:131,2
DA:133,4
DA:134,4
DA:135,2
DA:137,4
DA:138,4
DA:145,2
DA:146,2
DA:147,5
DA:148,5
DA:149,4
DA:150,4
DA:158,3
DA:159,9
DA:160,9
DA:161,9
DA:162,4
DA:163,1
DA:169,2
DA:177,1
DA:185,1
DA:196,1
DA:211,3
DA:212,5
DA:213,5
DA:214,5
DA:217,3
DA:218,1
DA:219,1
DA:222,3
DA:223,1
DA:224,1
DA:225,1
DA:226,1
DA:230,3
DA:241,2
DA:242,5
DA:243,5
DA:245,4
DA:247,4
DA:248,1
DA:252,3
DA:256,3
DA:262,6
DA:264,3
DA:267,3
DA:271,2
DA:275,2
DA:280,8
DA:281,2
DA:283,6
DA:284,2
DA:286,4
DA:290,3
DA:291,3
LF:91
LH:91
BRDA:15,0,0,2
BRDA:15,0,1,4
BRDA:15,1,0,6
BRDA:15,1,1,5
BRDA:16,2,0,0
BRDA:16,2,1,4
BRDA:17,3,0,2
BRDA:17,3,1,4
BRDA:26,4,0,0
BRDA:26,4,1,4
BRDA:26,5,0,4
BRDA:26,5,1,4
BRDA:27,6,0,0
BRDA:27,6,1,4
BRDA:28,7,0,2
BRDA:28,7,1,2
BRDA:41,8,0,14
BRDA:41,8,1,11
BRDA:48,9,0,4
BRDA:50,10,0,2
BRDA:50,10,1,2
BRDA:90,11,0,6
BRDA:90,11,1,6
BRDA:97,12,0,2
BRDA:114,13,0,4
BRDA:114,13,1,4
BRDA:116,14,0,2
BRDA:116,14,1,2
BRDA:134,15,0,2
BRDA:134,15,1,2
BRDA:148,16,0,1
BRDA:148,16,1,4
BRDA:161,17,0,5
BRDA:161,17,1,4
BRDA:162,18,0,3
BRDA:162,18,1,1
BRDA:223,19,0,1
BRDA:223,19,1,0
BRDA:223,20,0,1
BRDA:223,20,1,1
BRDA:236,21,0,2
BRDA:237,22,0,2
BRDA:247,23,0,1
BRDA:247,23,1,3
BRDA:262,24,0,3
BRDA:262,24,1,3
BRDA:280,25,0,2
BRDA:280,25,1,6
BRDA:283,26,0,2
BRDA:283,26,1,4
BRF:50
BRH:46
end_of_record
TN:
SF:src/utils/keyboard.ts
FN:18,setKeyboardState
FN:20,(anonymous_1)
FN:26,getKeyboardState
FN:33,subscribeToKeyboard
FN:39,(anonymous_4)
FN:41,(anonymous_5)
FN:49,isKeyboardVisible
FN:56,getKeyboardHeight
FN:74,setKeyboardOptions
FN:81,getKeyboardOptions
FN:93,setDismissKeyboardFunction
FN:97,dismissKeyboard
FN:107,calculateKeyboardAvoidingOffset
FN:125,wouldBeHiddenByKeyboard
FN:154,subscribeToKeyboardEvents
FN:159,(anonymous_15)
FN:160,(anonymous_16)
FN:167,triggerKeyboardEvent
FN:168,(anonymous_18)
FNF:19
FNH:19
FNDA:64,setKeyboardState
FNDA:217,(anonymous_1)
FNDA:5,getKeyboardState
FNDA:7,subscribeToKeyboard
FNDA:2,(anonymous_4)
FNDA:9,(anonymous_5)
FNDA:3,isKeyboardVisible
FNDA:3,getKeyboardHeight
FNDA:42,setKeyboardOptions
FNDA:4,getKeyboardOptions
FNDA:39,setDismissKeyboardFunction
FNDA:3,dismissKeyboard
FNDA:5,calculateKeyboardAvoidingOffset
FNDA:5,wouldBeHiddenByKeyboard
FNDA:7,subscribeToKeyboardEvents
FNDA:1,(anonymous_15)
FNDA:6,(anonymous_16)
FNDA:7,triggerKeyboardEvent
FNDA:28,(anonymous_18)
DA:12,2
DA:13,2
DA:19,64
DA:20,217
DA:27,5
DA:36,7
DA:39,7
DA:40,2
DA:41,9
DA:50,3
DA:57,3
DA:69,2
DA:75,42
DA:82,4
DA:91,2
DA:94,39
DA:98,3
DA:99,2
DA:113,5
DA:115,4
DA:116,4
DA:117,4
DA:119,4
DA:130,5
DA:132,4
DA:133,4
DA:135,4
DA:149,2
DA:157,7
DA:159,7
DA:160,6
DA:168,28
LF:32
LH:32
BRDA:98,0,0,2
BRDA:98,0,1,1
BRDA:111,1,0,5
BRDA:113,2,0,1
BRDA:113,2,1,4
BRDA:130,3,0,1
BRDA:130,3,1,4
BRF:7
BRH:7
end_of_record
